2022-03-04 10:43:54.562 INFO  177  --- [ main ] o.s.b.t.c.SpringBootTestContextBootstrapper - Neither @ContextConfiguration nor @ContextHierarchy found for test class [com.theragenbio.mediation1.Mediation1ApplicationTests], using SpringBootContextLoader
2022-03-04 10:43:54.568 INFO  183  --- [ main ] o.s.t.c.s.AbstractContextLoader - Could not detect default resource locations for test class [com.theragenbio.mediation1.Mediation1ApplicationTests]: no resource found for suffixes {-context.xml, Context.groovy}.
2022-03-04 10:43:54.568 INFO  183  --- [ main ] o.s.t.c.s.AnnotationConfigContextLoaderUtils - Could not detect default configuration classes for test class [com.theragenbio.mediation1.Mediation1ApplicationTests]: Mediation1ApplicationTests does not declare any static, non-private, non-final, nested classes annotated with @Configuration.
2022-03-04 10:43:54.676 INFO  291  --- [ main ] o.s.b.t.c.SpringBootTestContextBootstrapper - Found @SpringBootConfiguration com.theragenbio.mediation1.Mediation1Application for test class com.theragenbio.mediation1.Mediation1ApplicationTests
2022-03-04 10:43:54.794 INFO  409  --- [ main ] o.s.b.t.c.SpringBootTestContextBootstrapper - Loaded default TestExecutionListener class names from location [META-INF/spring.factories]: [org.springframework.boot.test.mock.mockito.MockitoTestExecutionListener, org.springframework.boot.test.mock.mockito.ResetMocksTestExecutionListener, org.springframework.boot.test.autoconfigure.restdocs.RestDocsTestExecutionListener, org.springframework.boot.test.autoconfigure.web.client.MockRestServiceServerResetTestExecutionListener, org.springframework.boot.test.autoconfigure.web.servlet.MockMvcPrintOnlyOnFailureTestExecutionListener, org.springframework.boot.test.autoconfigure.web.servlet.WebDriverTestExecutionListener, org.springframework.boot.test.autoconfigure.webservices.client.MockWebServiceServerTestExecutionListener, org.springframework.test.context.web.ServletTestExecutionListener, org.springframework.test.context.support.DirtiesContextBeforeModesTestExecutionListener, org.springframework.test.context.event.ApplicationEventsTestExecutionListener, org.springframework.test.context.support.DependencyInjectionTestExecutionListener, org.springframework.test.context.support.DirtiesContextTestExecutionListener, org.springframework.test.context.transaction.TransactionalTestExecutionListener, org.springframework.test.context.jdbc.SqlScriptsTestExecutionListener, org.springframework.test.context.event.EventPublishingTestExecutionListener]
2022-03-04 10:43:54.805 INFO  420  --- [ main ] o.s.b.t.c.SpringBootTestContextBootstrapper - Using TestExecutionListeners: [org.springframework.test.context.web.ServletTestExecutionListener@459f7aa3, org.springframework.test.context.support.DirtiesContextBeforeModesTestExecutionListener@7cc586a8, org.springframework.test.context.event.ApplicationEventsTestExecutionListener@7db534f2, org.springframework.boot.test.mock.mockito.MockitoTestExecutionListener@44a2b17b, org.springframework.boot.test.autoconfigure.SpringBootDependencyInjectionTestExecutionListener@7a56812e, org.springframework.test.context.support.DirtiesContextTestExecutionListener@2a76b80a, org.springframework.test.context.event.EventPublishingTestExecutionListener@7eb01b12, org.springframework.boot.test.mock.mockito.ResetMocksTestExecutionListener@2f4854d6, org.springframework.boot.test.autoconfigure.restdocs.RestDocsTestExecutionListener@61d9efe0, org.springframework.boot.test.autoconfigure.web.client.MockRestServiceServerResetTestExecutionListener@7e70bd39, org.springframework.boot.test.autoconfigure.web.servlet.MockMvcPrintOnlyOnFailureTestExecutionListener@e6516e, org.springframework.boot.test.autoconfigure.web.servlet.WebDriverTestExecutionListener@6de54b40, org.springframework.boot.test.autoconfigure.webservices.client.MockWebServiceServerTestExecutionListener@43ed0ff3]
2022-03-04 10:43:55.888 INFO  1503 --- [ main ] c.t.m.Mediation1ApplicationTests - Starting Mediation1ApplicationTests using Java 17.0.1 on LT-joonhyuckpark with PID 1500 (started by joonhyuck.park in C:\java\msa-workspace\mediation1)
2022-03-04 10:43:55.889 INFO  1504 --- [ main ] c.t.m.Mediation1ApplicationTests - The following 1 profile is active: "prod"
2022-03-04 10:43:55.917 INFO  1532 --- [ main ] o.s.b.c.config.ConfigDataLoader - Fetching config from server at : http://localhost:8888
2022-03-04 10:43:55.917 INFO  1532 --- [ main ] o.s.b.c.config.ConfigDataLoader - Located environment: name=api, profiles=[prod], label=null, version=null, state=null
2022-03-04 10:43:57.145 INFO  2760 --- [ main ] o.s.c.context.scope.GenericScope - BeanFactory id=5b3b388b-193b-3a5f-83d6-ef80b2ac9ae8
2022-03-04 10:43:58.246 INFO  3861 --- [ main ] o.s.c.o.FeignClientFactoryBean - For 'serviceA' URL not provided. Will try picking an instance via load-balancing.
2022-03-04 10:43:58.370 INFO  3985 --- [ main ] o.s.c.o.FeignClientFactoryBean - For 'serviceB' URL not provided. Will try picking an instance via load-balancing.
2022-03-04 10:44:00.338 INFO  5953 --- [ main ] o.s.c.n.e.c.DiscoveryClientOptionalArgsConfiguration - Eureka HTTP Client uses RestTemplate.
2022-03-04 10:44:02.030 WARN  7645 --- [ main ] o.s.c.l.c.LoadBalancerCacheAutoConfiguration$LoadBalancerCaffeineWarnLogger - Spring Cloud LoadBalancer is currently working with the default cache. While this cache implementation is useful for development and tests, it's recommended to use Caffeine cache in production.You can switch to using Caffeine cache, by adding it and org.springframework.cache.caffeine.CaffeineCacheManager to the classpath.
2022-03-04 10:44:02.124 INFO  7739 --- [ main ] o.s.b.a.e.web.EndpointLinksResolver - Exposing 1 endpoint(s) beneath base path '/actuator'
2022-03-04 10:44:02.194 INFO  7809 --- [ main ] o.s.c.n.eureka.InstanceInfoFactory - Setting initial instance status as: STARTING
2022-03-04 10:44:02.331 INFO  7946 --- [ main ] c.netflix.discovery.DiscoveryClient - Initializing Eureka in region us-east-1
2022-03-04 10:44:02.340 INFO  7955 --- [ main ] c.n.d.s.r.aws.ConfigClusterResolver - Resolving eureka endpoints via configuration
2022-03-04 10:44:02.381 INFO  7996 --- [ main ] c.netflix.discovery.DiscoveryClient - Disable delta property : false
2022-03-04 10:44:02.381 INFO  7996 --- [ main ] c.netflix.discovery.DiscoveryClient - Single vip registry refresh property : null
2022-03-04 10:44:02.381 INFO  7996 --- [ main ] c.netflix.discovery.DiscoveryClient - Force full registry fetch : false
2022-03-04 10:44:02.381 INFO  7996 --- [ main ] c.netflix.discovery.DiscoveryClient - Application is null : false
2022-03-04 10:44:02.382 INFO  7997 --- [ main ] c.netflix.discovery.DiscoveryClient - Registered Applications size is zero : true
2022-03-04 10:44:02.382 INFO  7997 --- [ main ] c.netflix.discovery.DiscoveryClient - Application version is -1: true
2022-03-04 10:44:02.382 INFO  7997 --- [ main ] c.netflix.discovery.DiscoveryClient - Getting all instance registry info from the eureka server
2022-03-04 10:44:02.814 INFO  8429 --- [ main ] c.netflix.discovery.DiscoveryClient - The response status is 200
2022-03-04 10:44:02.818 INFO  8433 --- [ main ] c.netflix.discovery.DiscoveryClient - Starting heartbeat executor: renew interval is: 30
2022-03-04 10:44:02.844 INFO  8459 --- [ main ] c.n.d.InstanceInfoReplicator - InstanceInfoReplicator onDemand update allowed rate per min is 4
2022-03-04 10:44:02.852 INFO  8467 --- [ main ] c.netflix.discovery.DiscoveryClient - Discovery Client initialized at timestamp 1646358242851 with initial instances count: 1
2022-03-04 10:44:02.865 INFO  8480 --- [ main ] o.s.c.n.e.s.EurekaServiceRegistry - Registering application API with eureka with status UP
2022-03-04 10:44:02.866 INFO  8481 --- [ main ] c.netflix.discovery.DiscoveryClient - Saw local status change event StatusChangeEvent [timestamp=1646358242866, current=UP, previous=STARTING]
2022-03-04 10:44:02.868 INFO  8483 --- [ DiscoveryClient-InstanceInfoReplicator-0 ] c.netflix.discovery.DiscoveryClient - DiscoveryClient_API/host.docker.internal:api:9091: registering service...
2022-03-04 10:44:02.901 INFO  8516 --- [ main ] c.t.m.Mediation1ApplicationTests - Started Mediation1ApplicationTests in 8.054 seconds (JVM running for 9.199)
2022-03-04 10:44:02.915 INFO  8530 --- [ DiscoveryClient-InstanceInfoReplicator-0 ] c.netflix.discovery.DiscoveryClient - DiscoveryClient_API/host.docker.internal:api:9091 - registration status: 204
2022-03-04 10:44:03.452 INFO  9067 --- [ SpringApplicationShutdownHook ] o.s.c.n.e.s.EurekaServiceRegistry - Unregistering application API with eureka with status DOWN
2022-03-04 10:44:03.453 INFO  9068 --- [ SpringApplicationShutdownHook ] c.netflix.discovery.DiscoveryClient - Saw local status change event StatusChangeEvent [timestamp=1646358243453, current=DOWN, previous=UP]
2022-03-04 10:44:03.454 INFO  9069 --- [ DiscoveryClient-InstanceInfoReplicator-0 ] c.netflix.discovery.DiscoveryClient - DiscoveryClient_API/host.docker.internal:api:9091: registering service...
2022-03-04 10:44:03.459 INFO  9074 --- [ DiscoveryClient-InstanceInfoReplicator-0 ] c.netflix.discovery.DiscoveryClient - DiscoveryClient_API/host.docker.internal:api:9091 - registration status: 204
2022-03-04 10:44:04.476 INFO  10091 --- [ SpringApplicationShutdownHook ] c.netflix.discovery.DiscoveryClient - Shutting down DiscoveryClient ...
2022-03-04 10:44:07.495 INFO  13110 --- [ SpringApplicationShutdownHook ] c.netflix.discovery.DiscoveryClient - Unregistering ...
2022-03-04 10:44:07.501 INFO  13116 --- [ SpringApplicationShutdownHook ] c.netflix.discovery.DiscoveryClient - DiscoveryClient_API/host.docker.internal:api:9091 - deregister  status: 200
2022-03-04 10:44:07.504 INFO  13119 --- [ SpringApplicationShutdownHook ] c.netflix.discovery.DiscoveryClient - Completed shut down of DiscoveryClient
2022-03-04 10:44:35.512 INFO  1100 --- [ main ] c.t.m.Mediation1Application - Starting Mediation1Application using Java 17.0.1 on LT-joonhyuckpark with PID 4644 (C:\java\msa-workspace\mediation1\target\classes started by joonhyuck.park in C:\java\msa-workspace\mediation1)
2022-03-04 10:44:35.514 INFO  1102 --- [ main ] c.t.m.Mediation1Application - The following 1 profile is active: "prod"
2022-03-04 10:44:35.541 INFO  1129 --- [ main ] o.s.b.c.config.ConfigDataLoader - Fetching config from server at : http://localhost:8888
2022-03-04 10:44:35.541 INFO  1129 --- [ main ] o.s.b.c.config.ConfigDataLoader - Located environment: name=api, profiles=[prod], label=null, version=null, state=null
2022-03-04 10:44:36.272 INFO  1860 --- [ main ] o.s.c.context.scope.GenericScope - BeanFactory id=b945d7ef-58ae-3c4b-847c-7caf771b0b29
2022-03-04 10:44:36.695 INFO  2283 --- [ main ] o.s.b.w.e.tomcat.TomcatWebServer - Tomcat initialized with port(s): 9091 (http)
2022-03-04 10:44:36.702 INFO  2290 --- [ main ] o.a.coyote.http11.Http11NioProtocol - Initializing ProtocolHandler ["http-nio-9091"]
2022-03-04 10:44:36.703 INFO  2291 --- [ main ] o.a.catalina.core.StandardService - Starting service [Tomcat]
2022-03-04 10:44:36.703 INFO  2291 --- [ main ] o.a.catalina.core.StandardEngine - Starting Servlet engine: [Apache Tomcat/9.0.58]
2022-03-04 10:44:36.802 INFO  2390 --- [ main ] o.a.c.c.C.[Tomcat].[localhost].[/] - Initializing Spring embedded WebApplicationContext
2022-03-04 10:44:36.802 INFO  2390 --- [ main ] o.s.b.w.s.c.ServletWebServerApplicationContext - Root WebApplicationContext: initialization completed in 1260 ms
2022-03-04 10:44:37.928 INFO  3516 --- [ main ] o.s.c.o.FeignClientFactoryBean - For 'serviceA' URL not provided. Will try picking an instance via load-balancing.
2022-03-04 10:44:37.967 INFO  3555 --- [ main ] o.s.c.o.FeignClientFactoryBean - For 'serviceB' URL not provided. Will try picking an instance via load-balancing.
2022-03-04 10:44:38.816 INFO  4404 --- [ main ] o.s.c.n.e.c.DiscoveryClientOptionalArgsConfiguration - Eureka HTTP Client uses RestTemplate.
2022-03-04 10:44:39.281 WARN  4869 --- [ main ] o.s.c.l.c.LoadBalancerCacheAutoConfiguration$LoadBalancerCaffeineWarnLogger - Spring Cloud LoadBalancer is currently working with the default cache. While this cache implementation is useful for development and tests, it's recommended to use Caffeine cache in production.You can switch to using Caffeine cache, by adding it and org.springframework.cache.caffeine.CaffeineCacheManager to the classpath.
2022-03-04 10:44:39.314 INFO  4902 --- [ main ] o.s.b.a.e.web.EndpointLinksResolver - Exposing 1 endpoint(s) beneath base path '/actuator'
2022-03-04 10:44:39.367 INFO  4955 --- [ main ] o.s.c.n.eureka.InstanceInfoFactory - Setting initial instance status as: STARTING
2022-03-04 10:44:39.414 INFO  5002 --- [ main ] c.netflix.discovery.DiscoveryClient - Initializing Eureka in region us-east-1
2022-03-04 10:44:39.418 INFO  5006 --- [ main ] c.n.d.s.r.aws.ConfigClusterResolver - Resolving eureka endpoints via configuration
2022-03-04 10:44:39.442 INFO  5030 --- [ main ] c.netflix.discovery.DiscoveryClient - Disable delta property : false
2022-03-04 10:44:39.442 INFO  5030 --- [ main ] c.netflix.discovery.DiscoveryClient - Single vip registry refresh property : null
2022-03-04 10:44:39.442 INFO  5030 --- [ main ] c.netflix.discovery.DiscoveryClient - Force full registry fetch : false
2022-03-04 10:44:39.442 INFO  5030 --- [ main ] c.netflix.discovery.DiscoveryClient - Application is null : false
2022-03-04 10:44:39.442 INFO  5030 --- [ main ] c.netflix.discovery.DiscoveryClient - Registered Applications size is zero : true
2022-03-04 10:44:39.443 INFO  5031 --- [ main ] c.netflix.discovery.DiscoveryClient - Application version is -1: true
2022-03-04 10:44:39.443 INFO  5031 --- [ main ] c.netflix.discovery.DiscoveryClient - Getting all instance registry info from the eureka server
2022-03-04 10:44:39.643 INFO  5231 --- [ main ] c.netflix.discovery.DiscoveryClient - The response status is 200
2022-03-04 10:44:39.649 INFO  5237 --- [ main ] c.netflix.discovery.DiscoveryClient - Starting heartbeat executor: renew interval is: 30
2022-03-04 10:44:39.655 INFO  5243 --- [ main ] c.n.d.InstanceInfoReplicator - InstanceInfoReplicator onDemand update allowed rate per min is 4
2022-03-04 10:44:39.667 INFO  5255 --- [ main ] c.netflix.discovery.DiscoveryClient - Discovery Client initialized at timestamp 1646358279667 with initial instances count: 1
2022-03-04 10:44:39.672 INFO  5260 --- [ main ] o.s.c.n.e.s.EurekaServiceRegistry - Registering application API with eureka with status UP
2022-03-04 10:44:39.673 INFO  5261 --- [ main ] c.netflix.discovery.DiscoveryClient - Saw local status change event StatusChangeEvent [timestamp=1646358279673, current=UP, previous=STARTING]
2022-03-04 10:44:39.674 INFO  5262 --- [ DiscoveryClient-InstanceInfoReplicator-0 ] c.netflix.discovery.DiscoveryClient - DiscoveryClient_API/host.docker.internal:api:9091: registering service...
2022-03-04 10:44:39.674 INFO  5262 --- [ main ] o.a.coyote.http11.Http11NioProtocol - Starting ProtocolHandler ["http-nio-9091"]
2022-03-04 10:44:39.702 INFO  5290 --- [ DiscoveryClient-InstanceInfoReplicator-0 ] c.netflix.discovery.DiscoveryClient - DiscoveryClient_API/host.docker.internal:api:9091 - registration status: 204
2022-03-04 10:44:39.716 INFO  5304 --- [ main ] o.s.b.w.e.tomcat.TomcatWebServer - Tomcat started on port(s): 9091 (http) with context path ''
2022-03-04 10:44:39.716 INFO  5304 --- [ main ] o.s.c.n.e.s.EurekaAutoServiceRegistration - Updating port to 9091
2022-03-04 10:44:40.122 INFO  5710 --- [ main ] c.t.m.Mediation1Application - Started Mediation1Application in 5.518 seconds (JVM running for 6.285)
2022-03-04 10:44:40.672 INFO  6260 --- [ RMI TCP Connection(3)-127.0.0.1 ] o.a.c.c.C.[Tomcat].[localhost].[/] - Initializing Spring DispatcherServlet 'dispatcherServlet'
2022-03-04 10:44:40.672 INFO  6260 --- [ RMI TCP Connection(3)-127.0.0.1 ] o.s.web.servlet.DispatcherServlet - Initializing Servlet 'dispatcherServlet'
2022-03-04 10:44:40.673 INFO  6261 --- [ RMI TCP Connection(3)-127.0.0.1 ] o.s.web.servlet.DispatcherServlet - Completed initialization in 1 ms
2022-03-04 10:49:39.460 INFO  305048 --- [ AsyncResolver-bootstrap-executor-0 ] c.n.d.s.r.aws.ConfigClusterResolver - Resolving eureka endpoints via configuration
2022-03-04 10:53:10.791 INFO  516379 --- [ RMI TCP Connection(13)-127.0.0.1 ] o.s.b.a.SpringApplicationAdminMXBeanRegistrar$SpringApplicationAdmin - Application shutdown requested.
2022-03-04 10:53:10.792 INFO  516380 --- [ RMI TCP Connection(13)-127.0.0.1 ] o.s.c.n.e.s.EurekaServiceRegistry - Unregistering application API with eureka with status DOWN
2022-03-04 10:53:10.792 INFO  516380 --- [ RMI TCP Connection(13)-127.0.0.1 ] c.netflix.discovery.DiscoveryClient - Saw local status change event StatusChangeEvent [timestamp=1646358790792, current=DOWN, previous=UP]
2022-03-04 10:53:10.792 INFO  516380 --- [ DiscoveryClient-InstanceInfoReplicator-0 ] c.netflix.discovery.DiscoveryClient - DiscoveryClient_API/host.docker.internal:api:9091: registering service...
2022-03-04 10:53:10.795 INFO  516383 --- [ DiscoveryClient-InstanceInfoReplicator-0 ] c.netflix.discovery.DiscoveryClient - DiscoveryClient_API/host.docker.internal:api:9091 - registration status: 204
2022-03-04 10:53:11.844 INFO  517432 --- [ RMI TCP Connection(13)-127.0.0.1 ] c.netflix.discovery.DiscoveryClient - Shutting down DiscoveryClient ...
2022-03-04 10:53:14.865 INFO  520453 --- [ RMI TCP Connection(13)-127.0.0.1 ] c.netflix.discovery.DiscoveryClient - Unregistering ...
2022-03-04 10:53:14.869 INFO  520457 --- [ RMI TCP Connection(13)-127.0.0.1 ] c.netflix.discovery.DiscoveryClient - DiscoveryClient_API/host.docker.internal:api:9091 - deregister  status: 200
2022-03-04 10:53:14.916 INFO  520504 --- [ RMI TCP Connection(13)-127.0.0.1 ] c.netflix.discovery.DiscoveryClient - Completed shut down of DiscoveryClient
2022-03-04 10:55:20.222 INFO  2251 --- [ main ] c.t.m.Mediation1Application - Starting Mediation1Application using Java 17.0.1 on LT-joonhyuckpark with PID 12668 (C:\java\msa-workspace\mediation1\target\classes started by joonhyuck.park in C:\java\msa-workspace\mediation1)
2022-03-04 10:55:20.226 INFO  2255 --- [ main ] c.t.m.Mediation1Application - The following 1 profile is active: "prod"
2022-03-04 10:55:20.297 INFO  2326 --- [ main ] o.s.b.c.config.ConfigDataLoader - Fetching config from server at : http://localhost:8888
2022-03-04 10:55:20.297 INFO  2326 --- [ main ] o.s.b.c.config.ConfigDataLoader - Located environment: name=api, profiles=[prod], label=null, version=null, state=null
2022-03-04 10:55:22.543 INFO  4572 --- [ main ] o.s.c.context.scope.GenericScope - BeanFactory id=b945d7ef-58ae-3c4b-847c-7caf771b0b29
2022-03-04 10:55:23.908 INFO  5937 --- [ main ] o.s.b.w.e.tomcat.TomcatWebServer - Tomcat initialized with port(s): 9091 (http)
2022-03-04 10:55:23.928 INFO  5957 --- [ main ] o.a.coyote.http11.Http11NioProtocol - Initializing ProtocolHandler ["http-nio-9091"]
2022-03-04 10:55:23.929 INFO  5958 --- [ main ] o.a.catalina.core.StandardService - Starting service [Tomcat]
2022-03-04 10:55:23.929 INFO  5958 --- [ main ] o.a.catalina.core.StandardEngine - Starting Servlet engine: [Apache Tomcat/9.0.58]
2022-03-04 10:55:24.306 INFO  6335 --- [ main ] o.a.c.c.C.[Tomcat].[localhost].[/] - Initializing Spring embedded WebApplicationContext
2022-03-04 10:55:24.306 INFO  6335 --- [ main ] o.s.b.w.s.c.ServletWebServerApplicationContext - Root WebApplicationContext: initialization completed in 4007 ms
2022-03-04 10:55:27.758 INFO  9787 --- [ main ] o.s.c.o.FeignClientFactoryBean - For 'serviceA' URL not provided. Will try picking an instance via load-balancing.
2022-03-04 10:55:27.864 INFO  9893 --- [ main ] o.s.c.o.FeignClientFactoryBean - For 'serviceB' URL not provided. Will try picking an instance via load-balancing.
2022-03-04 10:55:29.855 INFO  11884 --- [ RMI TCP Connection(3)-127.0.0.1 ] o.a.c.c.C.[Tomcat].[localhost].[/] - Initializing Spring DispatcherServlet 'dispatcherServlet'
2022-03-04 10:55:29.856 INFO  11885 --- [ RMI TCP Connection(3)-127.0.0.1 ] o.s.web.servlet.DispatcherServlet - Initializing Servlet 'dispatcherServlet'
2022-03-04 10:55:30.558 INFO  12587 --- [ RMI TCP Connection(3)-127.0.0.1 ] o.s.b.a.e.web.EndpointLinksResolver - Exposing 1 endpoint(s) beneath base path '/actuator'
2022-03-04 10:55:30.593 INFO  12622 --- [ RMI TCP Connection(3)-127.0.0.1 ] o.s.web.servlet.DispatcherServlet - Completed initialization in 737 ms
2022-03-04 10:55:30.600 INFO  12629 --- [ main ] o.s.c.n.e.c.DiscoveryClientOptionalArgsConfiguration - Eureka HTTP Client uses RestTemplate.
2022-03-04 10:55:31.932 WARN  13961 --- [ main ] o.s.c.l.c.LoadBalancerCacheAutoConfiguration$LoadBalancerCaffeineWarnLogger - Spring Cloud LoadBalancer is currently working with the default cache. While this cache implementation is useful for development and tests, it's recommended to use Caffeine cache in production.You can switch to using Caffeine cache, by adding it and org.springframework.cache.caffeine.CaffeineCacheManager to the classpath.
2022-03-04 10:55:32.153 INFO  14182 --- [ main ] o.s.c.n.eureka.InstanceInfoFactory - Setting initial instance status as: STARTING
2022-03-04 10:55:32.276 INFO  14305 --- [ main ] c.netflix.discovery.DiscoveryClient - Initializing Eureka in region us-east-1
2022-03-04 10:55:32.287 INFO  14316 --- [ main ] c.n.d.s.r.aws.ConfigClusterResolver - Resolving eureka endpoints via configuration
2022-03-04 10:55:32.350 INFO  14379 --- [ main ] c.netflix.discovery.DiscoveryClient - Disable delta property : false
2022-03-04 10:55:32.351 INFO  14380 --- [ main ] c.netflix.discovery.DiscoveryClient - Single vip registry refresh property : null
2022-03-04 10:55:32.351 INFO  14380 --- [ main ] c.netflix.discovery.DiscoveryClient - Force full registry fetch : false
2022-03-04 10:55:32.351 INFO  14380 --- [ main ] c.netflix.discovery.DiscoveryClient - Application is null : false
2022-03-04 10:55:32.351 INFO  14380 --- [ main ] c.netflix.discovery.DiscoveryClient - Registered Applications size is zero : true
2022-03-04 10:55:32.351 INFO  14380 --- [ main ] c.netflix.discovery.DiscoveryClient - Application version is -1: true
2022-03-04 10:55:32.352 INFO  14381 --- [ main ] c.netflix.discovery.DiscoveryClient - Getting all instance registry info from the eureka server
2022-03-04 10:55:32.858 INFO  14887 --- [ main ] c.netflix.discovery.DiscoveryClient - The response status is 200
2022-03-04 10:55:32.870 INFO  14899 --- [ main ] c.netflix.discovery.DiscoveryClient - Starting heartbeat executor: renew interval is: 30
2022-03-04 10:55:32.881 INFO  14910 --- [ main ] c.n.d.InstanceInfoReplicator - InstanceInfoReplicator onDemand update allowed rate per min is 4
2022-03-04 10:55:32.907 INFO  14936 --- [ main ] c.netflix.discovery.DiscoveryClient - Discovery Client initialized at timestamp 1646358932906 with initial instances count: 1
2022-03-04 10:55:32.919 INFO  14948 --- [ main ] o.s.c.n.e.s.EurekaServiceRegistry - Registering application API with eureka with status UP
2022-03-04 10:55:32.921 INFO  14950 --- [ main ] c.netflix.discovery.DiscoveryClient - Saw local status change event StatusChangeEvent [timestamp=1646358932921, current=UP, previous=STARTING]
2022-03-04 10:55:32.924 INFO  14953 --- [ DiscoveryClient-InstanceInfoReplicator-0 ] c.netflix.discovery.DiscoveryClient - DiscoveryClient_API/host.docker.internal:api:9091: registering service...
2022-03-04 10:55:32.924 INFO  14953 --- [ main ] o.a.coyote.http11.Http11NioProtocol - Starting ProtocolHandler ["http-nio-9091"]
2022-03-04 10:55:32.971 INFO  15000 --- [ DiscoveryClient-InstanceInfoReplicator-0 ] c.netflix.discovery.DiscoveryClient - DiscoveryClient_API/host.docker.internal:api:9091 - registration status: 204
2022-03-04 10:55:32.976 INFO  15005 --- [ main ] o.s.b.w.e.tomcat.TomcatWebServer - Tomcat started on port(s): 9091 (http) with context path ''
2022-03-04 10:55:32.978 INFO  15007 --- [ main ] o.s.c.n.e.s.EurekaAutoServiceRegistration - Updating port to 9091
2022-03-04 10:55:34.210 INFO  16239 --- [ main ] c.t.m.Mediation1Application - Started Mediation1Application in 15.796 seconds (JVM running for 17.361)
2022-03-04 11:00:32.378 INFO  314407 --- [ AsyncResolver-bootstrap-executor-0 ] c.n.d.s.r.aws.ConfigClusterResolver - Resolving eureka endpoints via configuration
2022-03-04 11:05:32.380 INFO  614409 --- [ AsyncResolver-bootstrap-executor-0 ] c.n.d.s.r.aws.ConfigClusterResolver - Resolving eureka endpoints via configuration
2022-03-04 11:10:32.393 INFO  914422 --- [ AsyncResolver-bootstrap-executor-0 ] c.n.d.s.r.aws.ConfigClusterResolver - Resolving eureka endpoints via configuration
2022-03-04 11:15:32.399 INFO  1214428 --- [ AsyncResolver-bootstrap-executor-0 ] c.n.d.s.r.aws.ConfigClusterResolver - Resolving eureka endpoints via configuration
2022-03-04 11:20:32.412 INFO  1514441 --- [ AsyncResolver-bootstrap-executor-0 ] c.n.d.s.r.aws.ConfigClusterResolver - Resolving eureka endpoints via configuration
2022-03-04 11:25:32.418 INFO  1814447 --- [ AsyncResolver-bootstrap-executor-0 ] c.n.d.s.r.aws.ConfigClusterResolver - Resolving eureka endpoints via configuration
2022-03-04 11:30:32.428 INFO  2114457 --- [ AsyncResolver-bootstrap-executor-0 ] c.n.d.s.r.aws.ConfigClusterResolver - Resolving eureka endpoints via configuration
2022-03-04 11:35:32.439 INFO  2414468 --- [ AsyncResolver-bootstrap-executor-0 ] c.n.d.s.r.aws.ConfigClusterResolver - Resolving eureka endpoints via configuration
2022-03-04 11:40:32.444 INFO  2714473 --- [ AsyncResolver-bootstrap-executor-0 ] c.n.d.s.r.aws.ConfigClusterResolver - Resolving eureka endpoints via configuration
2022-03-04 11:45:32.456 INFO  3014485 --- [ AsyncResolver-bootstrap-executor-0 ] c.n.d.s.r.aws.ConfigClusterResolver - Resolving eureka endpoints via configuration
2022-03-04 11:50:32.458 INFO  3314487 --- [ AsyncResolver-bootstrap-executor-0 ] c.n.d.s.r.aws.ConfigClusterResolver - Resolving eureka endpoints via configuration
2022-03-04 11:55:32.459 INFO  3614488 --- [ AsyncResolver-bootstrap-executor-0 ] c.n.d.s.r.aws.ConfigClusterResolver - Resolving eureka endpoints via configuration
2022-03-04 12:00:32.461 INFO  3914490 --- [ AsyncResolver-bootstrap-executor-0 ] c.n.d.s.r.aws.ConfigClusterResolver - Resolving eureka endpoints via configuration
2022-03-04 12:05:32.474 INFO  4214503 --- [ AsyncResolver-bootstrap-executor-0 ] c.n.d.s.r.aws.ConfigClusterResolver - Resolving eureka endpoints via configuration
2022-03-04 12:10:32.484 INFO  4514513 --- [ AsyncResolver-bootstrap-executor-0 ] c.n.d.s.r.aws.ConfigClusterResolver - Resolving eureka endpoints via configuration
2022-03-04 12:15:32.496 INFO  4814525 --- [ AsyncResolver-bootstrap-executor-0 ] c.n.d.s.r.aws.ConfigClusterResolver - Resolving eureka endpoints via configuration
2022-03-04 12:20:32.497 INFO  5114526 --- [ AsyncResolver-bootstrap-executor-0 ] c.n.d.s.r.aws.ConfigClusterResolver - Resolving eureka endpoints via configuration
2022-03-04 12:25:32.511 INFO  5414540 --- [ AsyncResolver-bootstrap-executor-0 ] c.n.d.s.r.aws.ConfigClusterResolver - Resolving eureka endpoints via configuration
2022-03-04 12:30:32.519 INFO  5714548 --- [ AsyncResolver-bootstrap-executor-0 ] c.n.d.s.r.aws.ConfigClusterResolver - Resolving eureka endpoints via configuration
2022-03-04 12:35:32.521 INFO  6014550 --- [ AsyncResolver-bootstrap-executor-0 ] c.n.d.s.r.aws.ConfigClusterResolver - Resolving eureka endpoints via configuration
2022-03-04 12:40:32.522 INFO  6314551 --- [ AsyncResolver-bootstrap-executor-0 ] c.n.d.s.r.aws.ConfigClusterResolver - Resolving eureka endpoints via configuration
2022-03-04 12:45:32.533 INFO  6614562 --- [ AsyncResolver-bootstrap-executor-0 ] c.n.d.s.r.aws.ConfigClusterResolver - Resolving eureka endpoints via configuration
2022-03-04 12:50:32.536 INFO  6914565 --- [ AsyncResolver-bootstrap-executor-0 ] c.n.d.s.r.aws.ConfigClusterResolver - Resolving eureka endpoints via configuration
2022-03-04 12:55:32.546 INFO  7214575 --- [ AsyncResolver-bootstrap-executor-0 ] c.n.d.s.r.aws.ConfigClusterResolver - Resolving eureka endpoints via configuration
2022-03-04 13:00:32.548 INFO  7514577 --- [ AsyncResolver-bootstrap-executor-0 ] c.n.d.s.r.aws.ConfigClusterResolver - Resolving eureka endpoints via configuration
2022-03-04 13:05:32.549 INFO  7814578 --- [ AsyncResolver-bootstrap-executor-0 ] c.n.d.s.r.aws.ConfigClusterResolver - Resolving eureka endpoints via configuration
2022-03-04 13:10:32.559 INFO  8114588 --- [ AsyncResolver-bootstrap-executor-0 ] c.n.d.s.r.aws.ConfigClusterResolver - Resolving eureka endpoints via configuration
2022-03-04 13:15:32.565 INFO  8414594 --- [ AsyncResolver-bootstrap-executor-0 ] c.n.d.s.r.aws.ConfigClusterResolver - Resolving eureka endpoints via configuration
2022-03-04 13:20:32.569 INFO  8714598 --- [ AsyncResolver-bootstrap-executor-0 ] c.n.d.s.r.aws.ConfigClusterResolver - Resolving eureka endpoints via configuration
2022-03-04 13:25:32.570 INFO  9014599 --- [ AsyncResolver-bootstrap-executor-0 ] c.n.d.s.r.aws.ConfigClusterResolver - Resolving eureka endpoints via configuration
2022-03-04 13:30:32.579 INFO  9314608 --- [ AsyncResolver-bootstrap-executor-0 ] c.n.d.s.r.aws.ConfigClusterResolver - Resolving eureka endpoints via configuration
2022-03-04 13:35:32.586 INFO  9614615 --- [ AsyncResolver-bootstrap-executor-0 ] c.n.d.s.r.aws.ConfigClusterResolver - Resolving eureka endpoints via configuration
2022-03-04 13:40:32.593 INFO  9914622 --- [ AsyncResolver-bootstrap-executor-0 ] c.n.d.s.r.aws.ConfigClusterResolver - Resolving eureka endpoints via configuration
2022-03-04 13:45:32.609 INFO  10214638 --- [ AsyncResolver-bootstrap-executor-0 ] c.n.d.s.r.aws.ConfigClusterResolver - Resolving eureka endpoints via configuration
2022-03-04 13:50:32.611 INFO  10514640 --- [ AsyncResolver-bootstrap-executor-0 ] c.n.d.s.r.aws.ConfigClusterResolver - Resolving eureka endpoints via configuration
2022-03-04 13:55:32.620 INFO  10814649 --- [ AsyncResolver-bootstrap-executor-0 ] c.n.d.s.r.aws.ConfigClusterResolver - Resolving eureka endpoints via configuration
2022-03-04 14:00:32.625 INFO  11114654 --- [ AsyncResolver-bootstrap-executor-0 ] c.n.d.s.r.aws.ConfigClusterResolver - Resolving eureka endpoints via configuration
2022-03-04 14:05:32.628 INFO  11414657 --- [ AsyncResolver-bootstrap-executor-0 ] c.n.d.s.r.aws.ConfigClusterResolver - Resolving eureka endpoints via configuration
2022-03-04 14:10:32.634 INFO  11714663 --- [ AsyncResolver-bootstrap-executor-0 ] c.n.d.s.r.aws.ConfigClusterResolver - Resolving eureka endpoints via configuration
2022-03-04 14:15:32.645 INFO  12014674 --- [ AsyncResolver-bootstrap-executor-0 ] c.n.d.s.r.aws.ConfigClusterResolver - Resolving eureka endpoints via configuration
2022-03-04 14:20:32.646 INFO  12314675 --- [ AsyncResolver-bootstrap-executor-0 ] c.n.d.s.r.aws.ConfigClusterResolver - Resolving eureka endpoints via configuration
2022-03-04 14:25:32.654 INFO  12614683 --- [ AsyncResolver-bootstrap-executor-0 ] c.n.d.s.r.aws.ConfigClusterResolver - Resolving eureka endpoints via configuration
2022-03-04 14:30:32.663 INFO  12914692 --- [ AsyncResolver-bootstrap-executor-0 ] c.n.d.s.r.aws.ConfigClusterResolver - Resolving eureka endpoints via configuration
2022-03-04 14:35:32.678 INFO  13214707 --- [ AsyncResolver-bootstrap-executor-0 ] c.n.d.s.r.aws.ConfigClusterResolver - Resolving eureka endpoints via configuration
2022-03-04 14:40:32.685 INFO  13514714 --- [ AsyncResolver-bootstrap-executor-0 ] c.n.d.s.r.aws.ConfigClusterResolver - Resolving eureka endpoints via configuration
