2022-03-04 10:17:50.583 INFO  374  --- [ main ] o.s.b.t.c.SpringBootTestContextBootstrapper - Neither @ContextConfiguration nor @ContextHierarchy found for test class [com.theragenbio.auth.AuthApplicationTests], using SpringBootContextLoader
2022-03-04 10:17:50.594 INFO  385  --- [ main ] o.s.t.c.s.AbstractContextLoader - Could not detect default resource locations for test class [com.theragenbio.auth.AuthApplicationTests]: no resource found for suffixes {-context.xml, Context.groovy}.
2022-03-04 10:17:50.596 INFO  387  --- [ main ] o.s.t.c.s.AnnotationConfigContextLoaderUtils - Could not detect default configuration classes for test class [com.theragenbio.auth.AuthApplicationTests]: AuthApplicationTests does not declare any static, non-private, non-final, nested classes annotated with @Configuration.
2022-03-04 10:17:50.811 INFO  602  --- [ main ] o.s.b.t.c.SpringBootTestContextBootstrapper - Found @SpringBootConfiguration com.theragenbio.auth.AuthApplication for test class com.theragenbio.auth.AuthApplicationTests
2022-03-04 10:17:51.079 INFO  870  --- [ main ] o.s.b.t.c.SpringBootTestContextBootstrapper - Loaded default TestExecutionListener class names from location [META-INF/spring.factories]: [org.springframework.boot.test.mock.mockito.MockitoTestExecutionListener, org.springframework.boot.test.mock.mockito.ResetMocksTestExecutionListener, org.springframework.boot.test.autoconfigure.restdocs.RestDocsTestExecutionListener, org.springframework.boot.test.autoconfigure.web.client.MockRestServiceServerResetTestExecutionListener, org.springframework.boot.test.autoconfigure.web.servlet.MockMvcPrintOnlyOnFailureTestExecutionListener, org.springframework.boot.test.autoconfigure.web.servlet.WebDriverTestExecutionListener, org.springframework.boot.test.autoconfigure.webservices.client.MockWebServiceServerTestExecutionListener, org.springframework.test.context.web.ServletTestExecutionListener, org.springframework.test.context.support.DirtiesContextBeforeModesTestExecutionListener, org.springframework.test.context.event.ApplicationEventsTestExecutionListener, org.springframework.test.context.support.DependencyInjectionTestExecutionListener, org.springframework.test.context.support.DirtiesContextTestExecutionListener, org.springframework.test.context.transaction.TransactionalTestExecutionListener, org.springframework.test.context.jdbc.SqlScriptsTestExecutionListener, org.springframework.test.context.event.EventPublishingTestExecutionListener, org.springframework.security.test.context.support.WithSecurityContextTestExecutionListener, org.springframework.security.test.context.support.ReactorContextTestExecutionListener]
2022-03-04 10:17:51.136 INFO  927  --- [ main ] o.s.b.t.c.SpringBootTestContextBootstrapper - Using TestExecutionListeners: [org.springframework.test.context.web.ServletTestExecutionListener@6256ac4f, org.springframework.test.context.support.DirtiesContextBeforeModesTestExecutionListener@44c79f32, org.springframework.test.context.event.ApplicationEventsTestExecutionListener@7fcbe147, org.springframework.boot.test.mock.mockito.MockitoTestExecutionListener@235f4c10, org.springframework.boot.test.autoconfigure.SpringBootDependencyInjectionTestExecutionListener@743cb8e0, org.springframework.test.context.support.DirtiesContextTestExecutionListener@c7a975a, org.springframework.test.context.transaction.TransactionalTestExecutionListener@2c1b9e4b, org.springframework.test.context.jdbc.SqlScriptsTestExecutionListener@757d6814, org.springframework.test.context.event.EventPublishingTestExecutionListener@649725e3, org.springframework.security.test.context.support.WithSecurityContextTestExecutionListener@3c0fae6c, org.springframework.security.test.context.support.ReactorContextTestExecutionListener@4c168660, org.springframework.boot.test.mock.mockito.ResetMocksTestExecutionListener@52b56a3e, org.springframework.boot.test.autoconfigure.restdocs.RestDocsTestExecutionListener@fd0e5b6, org.springframework.boot.test.autoconfigure.web.client.MockRestServiceServerResetTestExecutionListener@4eed46ee, org.springframework.boot.test.autoconfigure.web.servlet.MockMvcPrintOnlyOnFailureTestExecutionListener@36b0fcd5, org.springframework.boot.test.autoconfigure.web.servlet.WebDriverTestExecutionListener@4fad94a7, org.springframework.boot.test.autoconfigure.webservices.client.MockWebServiceServerTestExecutionListener@475835b1]
2022-03-04 10:17:53.854 ERROR 3645 --- [ main ] o.s.boot.SpringApplication - Application run failed
org.springframework.cloud.config.client.ConfigClientFailFastException: Could not locate PropertySource and the resource is not optional, failing
	at org.springframework.cloud.config.client.ConfigServerConfigDataLoader.doLoad(ConfigServerConfigDataLoader.java:193)
	at org.springframework.cloud.config.client.ConfigServerConfigDataLoader.load(ConfigServerConfigDataLoader.java:101)
	at org.springframework.cloud.config.client.ConfigServerConfigDataLoader.load(ConfigServerConfigDataLoader.java:60)
	at org.springframework.boot.context.config.ConfigDataLoaders.load(ConfigDataLoaders.java:107)
	at org.springframework.boot.context.config.ConfigDataImporter.load(ConfigDataImporter.java:128)
	at org.springframework.boot.context.config.ConfigDataImporter.resolveAndLoad(ConfigDataImporter.java:86)
	at org.springframework.boot.context.config.ConfigDataEnvironmentContributors.withProcessedImports(ConfigDataEnvironmentContributors.java:116)
	at org.springframework.boot.context.config.ConfigDataEnvironment.processWithProfiles(ConfigDataEnvironment.java:311)
	at org.springframework.boot.context.config.ConfigDataEnvironment.processAndApply(ConfigDataEnvironment.java:232)
	at org.springframework.boot.context.config.ConfigDataEnvironmentPostProcessor.postProcessEnvironment(ConfigDataEnvironmentPostProcessor.java:102)
	at org.springframework.boot.context.config.ConfigDataEnvironmentPostProcessor.postProcessEnvironment(ConfigDataEnvironmentPostProcessor.java:94)
	at org.springframework.boot.env.EnvironmentPostProcessorApplicationListener.onApplicationEnvironmentPreparedEvent(EnvironmentPostProcessorApplicationListener.java:102)
	at org.springframework.boot.env.EnvironmentPostProcessorApplicationListener.onApplicationEvent(EnvironmentPostProcessorApplicationListener.java:87)
	at org.springframework.context.event.SimpleApplicationEventMulticaster.doInvokeListener(SimpleApplicationEventMulticaster.java:176)
	at org.springframework.context.event.SimpleApplicationEventMulticaster.invokeListener(SimpleApplicationEventMulticaster.java:169)
	at org.springframework.context.event.SimpleApplicationEventMulticaster.multicastEvent(SimpleApplicationEventMulticaster.java:143)
	at org.springframework.context.event.SimpleApplicationEventMulticaster.multicastEvent(SimpleApplicationEventMulticaster.java:131)
	at org.springframework.boot.context.event.EventPublishingRunListener.environmentPrepared(EventPublishingRunListener.java:82)
	at org.springframework.boot.SpringApplicationRunListeners.lambda$environmentPrepared$2(SpringApplicationRunListeners.java:63)
	at java.base/java.util.ArrayList.forEach(ArrayList.java:1511)
	at org.springframework.boot.SpringApplicationRunListeners.doWithListeners(SpringApplicationRunListeners.java:117)
	at org.springframework.boot.SpringApplicationRunListeners.doWithListeners(SpringApplicationRunListeners.java:111)
	at org.springframework.boot.SpringApplicationRunListeners.environmentPrepared(SpringApplicationRunListeners.java:62)
	at org.springframework.boot.SpringApplication.prepareEnvironment(SpringApplication.java:375)
	at org.springframework.boot.SpringApplication.run(SpringApplication.java:333)
	at org.springframework.boot.test.context.SpringBootContextLoader.loadContext(SpringBootContextLoader.java:136)
	at org.springframework.test.context.cache.DefaultCacheAwareContextLoaderDelegate.loadContextInternal(DefaultCacheAwareContextLoaderDelegate.java:99)
	at org.springframework.test.context.cache.DefaultCacheAwareContextLoaderDelegate.loadContext(DefaultCacheAwareContextLoaderDelegate.java:124)
	at org.springframework.test.context.support.DefaultTestContext.getApplicationContext(DefaultTestContext.java:124)
	at org.springframework.test.context.web.ServletTestExecutionListener.setUpRequestContextIfNecessary(ServletTestExecutionListener.java:190)
	at org.springframework.test.context.web.ServletTestExecutionListener.prepareTestInstance(ServletTestExecutionListener.java:132)
	at org.springframework.test.context.TestContextManager.prepareTestInstance(TestContextManager.java:248)
	at org.springframework.test.context.junit.jupiter.SpringExtension.postProcessTestInstance(SpringExtension.java:138)
	at org.junit.jupiter.engine.descriptor.ClassBasedTestDescriptor.lambda$invokeTestInstancePostProcessors$6(ClassBasedTestDescriptor.java:350)
	at org.junit.jupiter.engine.descriptor.ClassBasedTestDescriptor.executeAndMaskThrowable(ClassBasedTestDescriptor.java:355)
	at org.junit.jupiter.engine.descriptor.ClassBasedTestDescriptor.lambda$invokeTestInstancePostProcessors$7(ClassBasedTestDescriptor.java:350)
	at java.base/java.util.stream.ReferencePipeline$3$1.accept(ReferencePipeline.java:197)
	at java.base/java.util.stream.ReferencePipeline$2$1.accept(ReferencePipeline.java:179)
	at java.base/java.util.ArrayList$ArrayListSpliterator.forEachRemaining(ArrayList.java:1625)
	at java.base/java.util.stream.AbstractPipeline.copyInto(AbstractPipeline.java:509)
	at java.base/java.util.stream.AbstractPipeline.wrapAndCopyInto(AbstractPipeline.java:499)
	at java.base/java.util.stream.StreamSpliterators$WrappingSpliterator.forEachRemaining(StreamSpliterators.java:310)
	at java.base/java.util.stream.Streams$ConcatSpliterator.forEachRemaining(Streams.java:735)
	at java.base/java.util.stream.Streams$ConcatSpliterator.forEachRemaining(Streams.java:734)
	at java.base/java.util.stream.ReferencePipeline$Head.forEach(ReferencePipeline.java:762)
	at org.junit.jupiter.engine.descriptor.ClassBasedTestDescriptor.invokeTestInstancePostProcessors(ClassBasedTestDescriptor.java:349)
	at org.junit.jupiter.engine.descriptor.ClassBasedTestDescriptor.lambda$instantiateAndPostProcessTestInstance$4(ClassBasedTestDescriptor.java:270)
	at org.junit.platform.engine.support.hierarchical.ThrowableCollector.execute(ThrowableCollector.java:73)
	at org.junit.jupiter.engine.descriptor.ClassBasedTestDescriptor.instantiateAndPostProcessTestInstance(ClassBasedTestDescriptor.java:269)
	at org.junit.jupiter.engine.descriptor.ClassBasedTestDescriptor.lambda$testInstancesProvider$2(ClassBasedTestDescriptor.java:259)
	at java.base/java.util.Optional.orElseGet(Optional.java:364)
	at org.junit.jupiter.engine.descriptor.ClassBasedTestDescriptor.lambda$testInstancesProvider$3(ClassBasedTestDescriptor.java:258)
	at org.junit.jupiter.engine.execution.TestInstancesProvider.getTestInstances(TestInstancesProvider.java:31)
	at org.junit.jupiter.engine.descriptor.TestMethodTestDescriptor.lambda$prepare$0(TestMethodTestDescriptor.java:101)
	at org.junit.platform.engine.support.hierarchical.ThrowableCollector.execute(ThrowableCollector.java:73)
	at org.junit.jupiter.engine.descriptor.TestMethodTestDescriptor.prepare(TestMethodTestDescriptor.java:100)
	at org.junit.jupiter.engine.descriptor.TestMethodTestDescriptor.prepare(TestMethodTestDescriptor.java:65)
	at org.junit.platform.engine.support.hierarchical.NodeTestTask.lambda$prepare$1(NodeTestTask.java:111)
	at org.junit.platform.engine.support.hierarchical.ThrowableCollector.execute(ThrowableCollector.java:73)
	at org.junit.platform.engine.support.hierarchical.NodeTestTask.prepare(NodeTestTask.java:111)
	at org.junit.platform.engine.support.hierarchical.NodeTestTask.execute(NodeTestTask.java:79)
	at java.base/java.util.ArrayList.forEach(ArrayList.java:1511)
	at org.junit.platform.engine.support.hierarchical.SameThreadHierarchicalTestExecutorService.invokeAll(SameThreadHierarchicalTestExecutorService.java:38)
	at org.junit.platform.engine.support.hierarchical.NodeTestTask.lambda$executeRecursively$5(NodeTestTask.java:143)
	at org.junit.platform.engine.support.hierarchical.ThrowableCollector.execute(ThrowableCollector.java:73)
	at org.junit.platform.engine.support.hierarchical.NodeTestTask.lambda$executeRecursively$7(NodeTestTask.java:129)
	at org.junit.platform.engine.support.hierarchical.Node.around(Node.java:137)
	at org.junit.platform.engine.support.hierarchical.NodeTestTask.lambda$executeRecursively$8(NodeTestTask.java:127)
	at org.junit.platform.engine.support.hierarchical.ThrowableCollector.execute(ThrowableCollector.java:73)
	at org.junit.platform.engine.support.hierarchical.NodeTestTask.executeRecursively(NodeTestTask.java:126)
	at org.junit.platform.engine.support.hierarchical.NodeTestTask.execute(NodeTestTask.java:84)
	at java.base/java.util.ArrayList.forEach(ArrayList.java:1511)
	at org.junit.platform.engine.support.hierarchical.SameThreadHierarchicalTestExecutorService.invokeAll(SameThreadHierarchicalTestExecutorService.java:38)
	at org.junit.platform.engine.support.hierarchical.NodeTestTask.lambda$executeRecursively$5(NodeTestTask.java:143)
	at org.junit.platform.engine.support.hierarchical.ThrowableCollector.execute(ThrowableCollector.java:73)
	at org.junit.platform.engine.support.hierarchical.NodeTestTask.lambda$executeRecursively$7(NodeTestTask.java:129)
	at org.junit.platform.engine.support.hierarchical.Node.around(Node.java:137)
	at org.junit.platform.engine.support.hierarchical.NodeTestTask.lambda$executeRecursively$8(NodeTestTask.java:127)
	at org.junit.platform.engine.support.hierarchical.ThrowableCollector.execute(ThrowableCollector.java:73)
	at org.junit.platform.engine.support.hierarchical.NodeTestTask.executeRecursively(NodeTestTask.java:126)
	at org.junit.platform.engine.support.hierarchical.NodeTestTask.execute(NodeTestTask.java:84)
	at org.junit.platform.engine.support.hierarchical.SameThreadHierarchicalTestExecutorService.submit(SameThreadHierarchicalTestExecutorService.java:32)
	at org.junit.platform.engine.support.hierarchical.HierarchicalTestExecutor.execute(HierarchicalTestExecutor.java:57)
	at org.junit.platform.engine.support.hierarchical.HierarchicalTestEngine.execute(HierarchicalTestEngine.java:51)
	at org.junit.platform.launcher.core.DefaultLauncher.execute(DefaultLauncher.java:220)
	at org.junit.platform.launcher.core.DefaultLauncher.lambda$execute$6(DefaultLauncher.java:188)
	at org.junit.platform.launcher.core.DefaultLauncher.withInterceptedStreams(DefaultLauncher.java:202)
	at org.junit.platform.launcher.core.DefaultLauncher.execute(DefaultLauncher.java:181)
	at org.junit.platform.launcher.core.DefaultLauncher.execute(DefaultLauncher.java:128)
	at org.apache.maven.surefire.junitplatform.JUnitPlatformProvider.invokeAllTests(JUnitPlatformProvider.java:150)
	at org.apache.maven.surefire.junitplatform.JUnitPlatformProvider.invoke(JUnitPlatformProvider.java:124)
	at org.apache.maven.surefire.booter.ForkedBooter.invokeProviderInSameClassLoader(ForkedBooter.java:384)
	at org.apache.maven.surefire.booter.ForkedBooter.runSuitesInProcess(ForkedBooter.java:345)
	at org.apache.maven.surefire.booter.ForkedBooter.execute(ForkedBooter.java:126)
	at org.apache.maven.surefire.booter.ForkedBooter.main(ForkedBooter.java:418)
Caused by: org.springframework.web.client.ResourceAccessException: I/O error on GET request for "http://localhost:8888/auth/prod": Connection refused: no further information; nested exception is java.net.ConnectException: Connection refused: no further information
	at org.springframework.web.client.RestTemplate.doExecute(RestTemplate.java:785)
	at org.springframework.web.client.RestTemplate.execute(RestTemplate.java:711)
	at org.springframework.web.client.RestTemplate.exchange(RestTemplate.java:602)
	at org.springframework.cloud.config.client.ConfigServerConfigDataLoader.getRemoteEnvironment(ConfigServerConfigDataLoader.java:299)
	at org.springframework.cloud.config.client.ConfigServerConfigDataLoader.doLoad(ConfigServerConfigDataLoader.java:117)
	... 94 common frames omitted
Caused by: java.net.ConnectException: Connection refused: no further information
	at java.base/sun.nio.ch.Net.pollConnect(Native Method)
	at java.base/sun.nio.ch.Net.pollConnectNow(Net.java:672)
	at java.base/sun.nio.ch.NioSocketImpl.timedFinishConnect(NioSocketImpl.java:542)
	at java.base/sun.nio.ch.NioSocketImpl.connect(NioSocketImpl.java:597)
	at java.base/java.net.Socket.connect(Socket.java:633)
	at java.base/sun.net.NetworkClient.doConnect(NetworkClient.java:178)
	at java.base/sun.net.www.http.HttpClient.openServer(HttpClient.java:498)
	at java.base/sun.net.www.http.HttpClient.openServer(HttpClient.java:603)
	at java.base/sun.net.www.http.HttpClient.<init>(HttpClient.java:246)
	at java.base/sun.net.www.http.HttpClient.New(HttpClient.java:351)
	at java.base/sun.net.www.http.HttpClient.New(HttpClient.java:373)
	at java.base/sun.net.www.protocol.http.HttpURLConnection.getNewHttpClient(HttpURLConnection.java:1309)
	at java.base/sun.net.www.protocol.http.HttpURLConnection.plainConnect0(HttpURLConnection.java:1242)
	at java.base/sun.net.www.protocol.http.HttpURLConnection.plainConnect(HttpURLConnection.java:1128)
	at java.base/sun.net.www.protocol.http.HttpURLConnection.connect(HttpURLConnection.java:1057)
	at org.springframework.http.client.SimpleBufferingClientHttpRequest.executeInternal(SimpleBufferingClientHttpRequest.java:76)
	at org.springframework.http.client.AbstractBufferingClientHttpRequest.executeInternal(AbstractBufferingClientHttpRequest.java:48)
	at org.springframework.http.client.AbstractClientHttpRequest.execute(AbstractClientHttpRequest.java:66)
	at org.springframework.web.client.RestTemplate.doExecute(RestTemplate.java:776)
	... 98 common frames omitted
2022-03-04 10:17:53.861 ERROR 3652 --- [ main ] o.s.test.context.TestContextManager - Caught exception while allowing TestExecutionListener [org.springframework.test.context.web.ServletTestExecutionListener@6256ac4f] to prepare test instance [com.theragenbio.auth.AuthApplicationTests@112d1c8e]
java.lang.IllegalStateException: Failed to load ApplicationContext
	at org.springframework.test.context.cache.DefaultCacheAwareContextLoaderDelegate.loadContext(DefaultCacheAwareContextLoaderDelegate.java:132)
	at org.springframework.test.context.support.DefaultTestContext.getApplicationContext(DefaultTestContext.java:124)
	at org.springframework.test.context.web.ServletTestExecutionListener.setUpRequestContextIfNecessary(ServletTestExecutionListener.java:190)
	at org.springframework.test.context.web.ServletTestExecutionListener.prepareTestInstance(ServletTestExecutionListener.java:132)
	at org.springframework.test.context.TestContextManager.prepareTestInstance(TestContextManager.java:248)
	at org.springframework.test.context.junit.jupiter.SpringExtension.postProcessTestInstance(SpringExtension.java:138)
	at org.junit.jupiter.engine.descriptor.ClassBasedTestDescriptor.lambda$invokeTestInstancePostProcessors$6(ClassBasedTestDescriptor.java:350)
	at org.junit.jupiter.engine.descriptor.ClassBasedTestDescriptor.executeAndMaskThrowable(ClassBasedTestDescriptor.java:355)
	at org.junit.jupiter.engine.descriptor.ClassBasedTestDescriptor.lambda$invokeTestInstancePostProcessors$7(ClassBasedTestDescriptor.java:350)
	at java.base/java.util.stream.ReferencePipeline$3$1.accept(ReferencePipeline.java:197)
	at java.base/java.util.stream.ReferencePipeline$2$1.accept(ReferencePipeline.java:179)
	at java.base/java.util.ArrayList$ArrayListSpliterator.forEachRemaining(ArrayList.java:1625)
	at java.base/java.util.stream.AbstractPipeline.copyInto(AbstractPipeline.java:509)
	at java.base/java.util.stream.AbstractPipeline.wrapAndCopyInto(AbstractPipeline.java:499)
	at java.base/java.util.stream.StreamSpliterators$WrappingSpliterator.forEachRemaining(StreamSpliterators.java:310)
	at java.base/java.util.stream.Streams$ConcatSpliterator.forEachRemaining(Streams.java:735)
	at java.base/java.util.stream.Streams$ConcatSpliterator.forEachRemaining(Streams.java:734)
	at java.base/java.util.stream.ReferencePipeline$Head.forEach(ReferencePipeline.java:762)
	at org.junit.jupiter.engine.descriptor.ClassBasedTestDescriptor.invokeTestInstancePostProcessors(ClassBasedTestDescriptor.java:349)
	at org.junit.jupiter.engine.descriptor.ClassBasedTestDescriptor.lambda$instantiateAndPostProcessTestInstance$4(ClassBasedTestDescriptor.java:270)
	at org.junit.platform.engine.support.hierarchical.ThrowableCollector.execute(ThrowableCollector.java:73)
	at org.junit.jupiter.engine.descriptor.ClassBasedTestDescriptor.instantiateAndPostProcessTestInstance(ClassBasedTestDescriptor.java:269)
	at org.junit.jupiter.engine.descriptor.ClassBasedTestDescriptor.lambda$testInstancesProvider$2(ClassBasedTestDescriptor.java:259)
	at java.base/java.util.Optional.orElseGet(Optional.java:364)
	at org.junit.jupiter.engine.descriptor.ClassBasedTestDescriptor.lambda$testInstancesProvider$3(ClassBasedTestDescriptor.java:258)
	at org.junit.jupiter.engine.execution.TestInstancesProvider.getTestInstances(TestInstancesProvider.java:31)
	at org.junit.jupiter.engine.descriptor.TestMethodTestDescriptor.lambda$prepare$0(TestMethodTestDescriptor.java:101)
	at org.junit.platform.engine.support.hierarchical.ThrowableCollector.execute(ThrowableCollector.java:73)
	at org.junit.jupiter.engine.descriptor.TestMethodTestDescriptor.prepare(TestMethodTestDescriptor.java:100)
	at org.junit.jupiter.engine.descriptor.TestMethodTestDescriptor.prepare(TestMethodTestDescriptor.java:65)
	at org.junit.platform.engine.support.hierarchical.NodeTestTask.lambda$prepare$1(NodeTestTask.java:111)
	at org.junit.platform.engine.support.hierarchical.ThrowableCollector.execute(ThrowableCollector.java:73)
	at org.junit.platform.engine.support.hierarchical.NodeTestTask.prepare(NodeTestTask.java:111)
	at org.junit.platform.engine.support.hierarchical.NodeTestTask.execute(NodeTestTask.java:79)
	at java.base/java.util.ArrayList.forEach(ArrayList.java:1511)
	at org.junit.platform.engine.support.hierarchical.SameThreadHierarchicalTestExecutorService.invokeAll(SameThreadHierarchicalTestExecutorService.java:38)
	at org.junit.platform.engine.support.hierarchical.NodeTestTask.lambda$executeRecursively$5(NodeTestTask.java:143)
	at org.junit.platform.engine.support.hierarchical.ThrowableCollector.execute(ThrowableCollector.java:73)
	at org.junit.platform.engine.support.hierarchical.NodeTestTask.lambda$executeRecursively$7(NodeTestTask.java:129)
	at org.junit.platform.engine.support.hierarchical.Node.around(Node.java:137)
	at org.junit.platform.engine.support.hierarchical.NodeTestTask.lambda$executeRecursively$8(NodeTestTask.java:127)
	at org.junit.platform.engine.support.hierarchical.ThrowableCollector.execute(ThrowableCollector.java:73)
	at org.junit.platform.engine.support.hierarchical.NodeTestTask.executeRecursively(NodeTestTask.java:126)
	at org.junit.platform.engine.support.hierarchical.NodeTestTask.execute(NodeTestTask.java:84)
	at java.base/java.util.ArrayList.forEach(ArrayList.java:1511)
	at org.junit.platform.engine.support.hierarchical.SameThreadHierarchicalTestExecutorService.invokeAll(SameThreadHierarchicalTestExecutorService.java:38)
	at org.junit.platform.engine.support.hierarchical.NodeTestTask.lambda$executeRecursively$5(NodeTestTask.java:143)
	at org.junit.platform.engine.support.hierarchical.ThrowableCollector.execute(ThrowableCollector.java:73)
	at org.junit.platform.engine.support.hierarchical.NodeTestTask.lambda$executeRecursively$7(NodeTestTask.java:129)
	at org.junit.platform.engine.support.hierarchical.Node.around(Node.java:137)
	at org.junit.platform.engine.support.hierarchical.NodeTestTask.lambda$executeRecursively$8(NodeTestTask.java:127)
	at org.junit.platform.engine.support.hierarchical.ThrowableCollector.execute(ThrowableCollector.java:73)
	at org.junit.platform.engine.support.hierarchical.NodeTestTask.executeRecursively(NodeTestTask.java:126)
	at org.junit.platform.engine.support.hierarchical.NodeTestTask.execute(NodeTestTask.java:84)
	at org.junit.platform.engine.support.hierarchical.SameThreadHierarchicalTestExecutorService.submit(SameThreadHierarchicalTestExecutorService.java:32)
	at org.junit.platform.engine.support.hierarchical.HierarchicalTestExecutor.execute(HierarchicalTestExecutor.java:57)
	at org.junit.platform.engine.support.hierarchical.HierarchicalTestEngine.execute(HierarchicalTestEngine.java:51)
	at org.junit.platform.launcher.core.DefaultLauncher.execute(DefaultLauncher.java:220)
	at org.junit.platform.launcher.core.DefaultLauncher.lambda$execute$6(DefaultLauncher.java:188)
	at org.junit.platform.launcher.core.DefaultLauncher.withInterceptedStreams(DefaultLauncher.java:202)
	at org.junit.platform.launcher.core.DefaultLauncher.execute(DefaultLauncher.java:181)
	at org.junit.platform.launcher.core.DefaultLauncher.execute(DefaultLauncher.java:128)
	at org.apache.maven.surefire.junitplatform.JUnitPlatformProvider.invokeAllTests(JUnitPlatformProvider.java:150)
	at org.apache.maven.surefire.junitplatform.JUnitPlatformProvider.invoke(JUnitPlatformProvider.java:124)
	at org.apache.maven.surefire.booter.ForkedBooter.invokeProviderInSameClassLoader(ForkedBooter.java:384)
	at org.apache.maven.surefire.booter.ForkedBooter.runSuitesInProcess(ForkedBooter.java:345)
	at org.apache.maven.surefire.booter.ForkedBooter.execute(ForkedBooter.java:126)
	at org.apache.maven.surefire.booter.ForkedBooter.main(ForkedBooter.java:418)
Caused by: org.springframework.cloud.config.client.ConfigClientFailFastException: Could not locate PropertySource and the resource is not optional, failing
	at org.springframework.cloud.config.client.ConfigServerConfigDataLoader.doLoad(ConfigServerConfigDataLoader.java:193)
	at org.springframework.cloud.config.client.ConfigServerConfigDataLoader.load(ConfigServerConfigDataLoader.java:101)
	at org.springframework.cloud.config.client.ConfigServerConfigDataLoader.load(ConfigServerConfigDataLoader.java:60)
	at org.springframework.boot.context.config.ConfigDataLoaders.load(ConfigDataLoaders.java:107)
	at org.springframework.boot.context.config.ConfigDataImporter.load(ConfigDataImporter.java:128)
	at org.springframework.boot.context.config.ConfigDataImporter.resolveAndLoad(ConfigDataImporter.java:86)
	at org.springframework.boot.context.config.ConfigDataEnvironmentContributors.withProcessedImports(ConfigDataEnvironmentContributors.java:116)
	at org.springframework.boot.context.config.ConfigDataEnvironment.processWithProfiles(ConfigDataEnvironment.java:311)
	at org.springframework.boot.context.config.ConfigDataEnvironment.processAndApply(ConfigDataEnvironment.java:232)
	at org.springframework.boot.context.config.ConfigDataEnvironmentPostProcessor.postProcessEnvironment(ConfigDataEnvironmentPostProcessor.java:102)
	at org.springframework.boot.context.config.ConfigDataEnvironmentPostProcessor.postProcessEnvironment(ConfigDataEnvironmentPostProcessor.java:94)
	at org.springframework.boot.env.EnvironmentPostProcessorApplicationListener.onApplicationEnvironmentPreparedEvent(EnvironmentPostProcessorApplicationListener.java:102)
	at org.springframework.boot.env.EnvironmentPostProcessorApplicationListener.onApplicationEvent(EnvironmentPostProcessorApplicationListener.java:87)
	at org.springframework.context.event.SimpleApplicationEventMulticaster.doInvokeListener(SimpleApplicationEventMulticaster.java:176)
	at org.springframework.context.event.SimpleApplicationEventMulticaster.invokeListener(SimpleApplicationEventMulticaster.java:169)
	at org.springframework.context.event.SimpleApplicationEventMulticaster.multicastEvent(SimpleApplicationEventMulticaster.java:143)
	at org.springframework.context.event.SimpleApplicationEventMulticaster.multicastEvent(SimpleApplicationEventMulticaster.java:131)
	at org.springframework.boot.context.event.EventPublishingRunListener.environmentPrepared(EventPublishingRunListener.java:82)
	at org.springframework.boot.SpringApplicationRunListeners.lambda$environmentPrepared$2(SpringApplicationRunListeners.java:63)
	at java.base/java.util.ArrayList.forEach(ArrayList.java:1511)
	at org.springframework.boot.SpringApplicationRunListeners.doWithListeners(SpringApplicationRunListeners.java:117)
	at org.springframework.boot.SpringApplicationRunListeners.doWithListeners(SpringApplicationRunListeners.java:111)
	at org.springframework.boot.SpringApplicationRunListeners.environmentPrepared(SpringApplicationRunListeners.java:62)
	at org.springframework.boot.SpringApplication.prepareEnvironment(SpringApplication.java:375)
	at org.springframework.boot.SpringApplication.run(SpringApplication.java:333)
	at org.springframework.boot.test.context.SpringBootContextLoader.loadContext(SpringBootContextLoader.java:136)
	at org.springframework.test.context.cache.DefaultCacheAwareContextLoaderDelegate.loadContextInternal(DefaultCacheAwareContextLoaderDelegate.java:99)
	at org.springframework.test.context.cache.DefaultCacheAwareContextLoaderDelegate.loadContext(DefaultCacheAwareContextLoaderDelegate.java:124)
	... 67 common frames omitted
Caused by: org.springframework.web.client.ResourceAccessException: I/O error on GET request for "http://localhost:8888/auth/prod": Connection refused: no further information; nested exception is java.net.ConnectException: Connection refused: no further information
	at org.springframework.web.client.RestTemplate.doExecute(RestTemplate.java:785)
	at org.springframework.web.client.RestTemplate.execute(RestTemplate.java:711)
	at org.springframework.web.client.RestTemplate.exchange(RestTemplate.java:602)
	at org.springframework.cloud.config.client.ConfigServerConfigDataLoader.getRemoteEnvironment(ConfigServerConfigDataLoader.java:299)
	at org.springframework.cloud.config.client.ConfigServerConfigDataLoader.doLoad(ConfigServerConfigDataLoader.java:117)
	... 94 common frames omitted
Caused by: java.net.ConnectException: Connection refused: no further information
	at java.base/sun.nio.ch.Net.pollConnect(Native Method)
	at java.base/sun.nio.ch.Net.pollConnectNow(Net.java:672)
	at java.base/sun.nio.ch.NioSocketImpl.timedFinishConnect(NioSocketImpl.java:542)
	at java.base/sun.nio.ch.NioSocketImpl.connect(NioSocketImpl.java:597)
	at java.base/java.net.Socket.connect(Socket.java:633)
	at java.base/sun.net.NetworkClient.doConnect(NetworkClient.java:178)
	at java.base/sun.net.www.http.HttpClient.openServer(HttpClient.java:498)
	at java.base/sun.net.www.http.HttpClient.openServer(HttpClient.java:603)
	at java.base/sun.net.www.http.HttpClient.<init>(HttpClient.java:246)
	at java.base/sun.net.www.http.HttpClient.New(HttpClient.java:351)
	at java.base/sun.net.www.http.HttpClient.New(HttpClient.java:373)
	at java.base/sun.net.www.protocol.http.HttpURLConnection.getNewHttpClient(HttpURLConnection.java:1309)
	at java.base/sun.net.www.protocol.http.HttpURLConnection.plainConnect0(HttpURLConnection.java:1242)
	at java.base/sun.net.www.protocol.http.HttpURLConnection.plainConnect(HttpURLConnection.java:1128)
	at java.base/sun.net.www.protocol.http.HttpURLConnection.connect(HttpURLConnection.java:1057)
	at org.springframework.http.client.SimpleBufferingClientHttpRequest.executeInternal(SimpleBufferingClientHttpRequest.java:76)
	at org.springframework.http.client.AbstractBufferingClientHttpRequest.executeInternal(AbstractBufferingClientHttpRequest.java:48)
	at org.springframework.http.client.AbstractClientHttpRequest.execute(AbstractClientHttpRequest.java:66)
	at org.springframework.web.client.RestTemplate.doExecute(RestTemplate.java:776)
	... 98 common frames omitted
2022-03-04 10:20:18.715 INFO  407  --- [ main ] o.s.b.t.c.SpringBootTestContextBootstrapper - Neither @ContextConfiguration nor @ContextHierarchy found for test class [com.theragenbio.auth.AuthApplicationTests], using SpringBootContextLoader
2022-03-04 10:20:18.729 INFO  421  --- [ main ] o.s.t.c.s.AbstractContextLoader - Could not detect default resource locations for test class [com.theragenbio.auth.AuthApplicationTests]: no resource found for suffixes {-context.xml, Context.groovy}.
2022-03-04 10:20:18.730 INFO  422  --- [ main ] o.s.t.c.s.AnnotationConfigContextLoaderUtils - Could not detect default configuration classes for test class [com.theragenbio.auth.AuthApplicationTests]: AuthApplicationTests does not declare any static, non-private, non-final, nested classes annotated with @Configuration.
2022-03-04 10:20:18.938 INFO  630  --- [ main ] o.s.b.t.c.SpringBootTestContextBootstrapper - Found @SpringBootConfiguration com.theragenbio.auth.AuthApplication for test class com.theragenbio.auth.AuthApplicationTests
2022-03-04 10:20:19.149 INFO  841  --- [ main ] o.s.b.t.c.SpringBootTestContextBootstrapper - Loaded default TestExecutionListener class names from location [META-INF/spring.factories]: [org.springframework.boot.test.mock.mockito.MockitoTestExecutionListener, org.springframework.boot.test.mock.mockito.ResetMocksTestExecutionListener, org.springframework.boot.test.autoconfigure.restdocs.RestDocsTestExecutionListener, org.springframework.boot.test.autoconfigure.web.client.MockRestServiceServerResetTestExecutionListener, org.springframework.boot.test.autoconfigure.web.servlet.MockMvcPrintOnlyOnFailureTestExecutionListener, org.springframework.boot.test.autoconfigure.web.servlet.WebDriverTestExecutionListener, org.springframework.boot.test.autoconfigure.webservices.client.MockWebServiceServerTestExecutionListener, org.springframework.test.context.web.ServletTestExecutionListener, org.springframework.test.context.support.DirtiesContextBeforeModesTestExecutionListener, org.springframework.test.context.event.ApplicationEventsTestExecutionListener, org.springframework.test.context.support.DependencyInjectionTestExecutionListener, org.springframework.test.context.support.DirtiesContextTestExecutionListener, org.springframework.test.context.transaction.TransactionalTestExecutionListener, org.springframework.test.context.jdbc.SqlScriptsTestExecutionListener, org.springframework.test.context.event.EventPublishingTestExecutionListener, org.springframework.security.test.context.support.WithSecurityContextTestExecutionListener, org.springframework.security.test.context.support.ReactorContextTestExecutionListener]
2022-03-04 10:20:19.196 INFO  888  --- [ main ] o.s.b.t.c.SpringBootTestContextBootstrapper - Using TestExecutionListeners: [org.springframework.test.context.web.ServletTestExecutionListener@5ab14cb9, org.springframework.test.context.support.DirtiesContextBeforeModesTestExecutionListener@5fb97279, org.springframework.test.context.event.ApplicationEventsTestExecutionListener@439a8f59, org.springframework.boot.test.mock.mockito.MockitoTestExecutionListener@61861a29, org.springframework.boot.test.autoconfigure.SpringBootDependencyInjectionTestExecutionListener@31024624, org.springframework.test.context.support.DirtiesContextTestExecutionListener@25bcd0c7, org.springframework.test.context.transaction.TransactionalTestExecutionListener@32cb636e, org.springframework.test.context.jdbc.SqlScriptsTestExecutionListener@63cd604c, org.springframework.test.context.event.EventPublishingTestExecutionListener@40dd3977, org.springframework.security.test.context.support.WithSecurityContextTestExecutionListener@3a4e343, org.springframework.security.test.context.support.ReactorContextTestExecutionListener@6a1d204a, org.springframework.boot.test.mock.mockito.ResetMocksTestExecutionListener@62dae245, org.springframework.boot.test.autoconfigure.restdocs.RestDocsTestExecutionListener@4b6579e8, org.springframework.boot.test.autoconfigure.web.client.MockRestServiceServerResetTestExecutionListener@6fff253c, org.springframework.boot.test.autoconfigure.web.servlet.MockMvcPrintOnlyOnFailureTestExecutionListener@6c6357f9, org.springframework.boot.test.autoconfigure.web.servlet.WebDriverTestExecutionListener@591e58fa, org.springframework.boot.test.autoconfigure.webservices.client.MockWebServiceServerTestExecutionListener@3954d008]
2022-03-04 10:20:21.576 INFO  3268 --- [ main ] c.t.auth.AuthApplicationTests - Starting AuthApplicationTests using Java 17.0.1 on LT-joonhyuckpark with PID 3800 (started by joonhyuck.park in C:\java\msa-workspace\auth)
2022-03-04 10:20:21.579 INFO  3271 --- [ main ] c.t.auth.AuthApplicationTests - The following 1 profile is active: "prod"
2022-03-04 10:20:21.646 INFO  3338 --- [ main ] o.s.b.c.config.ConfigDataLoader - Fetching config from server at : http://localhost:8888
2022-03-04 10:20:21.647 INFO  3339 --- [ main ] o.s.b.c.config.ConfigDataLoader - Located environment: name=auth, profiles=[prod], label=null, version=null, state=null
2022-03-04 10:20:24.632 INFO  6324 --- [ main ] o.s.c.context.scope.GenericScope - BeanFactory id=1061d89d-521c-38e3-9e9a-0b4817b795ac
2022-03-04 10:20:25.708 INFO  7400 --- [ main ] o.s.c.s.PostProcessorRegistrationDelegate$BeanPostProcessorChecker - Bean 'org.springframework.security.access.expression.method.DefaultMethodSecurityExpressionHandler@2035d65b' of type [org.springframework.security.access.expression.method.DefaultMethodSecurityExpressionHandler] is not eligible for getting processed by all BeanPostProcessors (for example: not eligible for auto-proxying)
2022-03-04 10:20:25.777 INFO  7469 --- [ main ] o.s.c.s.PostProcessorRegistrationDelegate$BeanPostProcessorChecker - Bean 'methodSecurityMetadataSource' of type [org.springframework.security.access.method.DelegatingMethodSecurityMetadataSource] is not eligible for getting processed by all BeanPostProcessors (for example: not eligible for auto-proxying)
2022-03-04 10:20:28.793 INFO  10485 --- [ main ] o.s.s.w.DefaultSecurityFilterChain - Will not secure any request
2022-03-04 10:20:35.746 INFO  17438 --- [ main ] o.s.b.a.e.web.EndpointLinksResolver - Exposing 1 endpoint(s) beneath base path '/actuator'
2022-03-04 10:20:36.013 INFO  17705 --- [ main ] c.t.auth.AuthApplicationTests - Started AuthApplicationTests in 16.715 seconds (JVM running for 19.186)
2022-03-04 10:20:55.171 INFO  1749 --- [ main ] c.theragenbio.auth.AuthApplication - Starting AuthApplication using Java 17.0.1 on LT-joonhyuckpark with PID 1612 (C:\java\msa-workspace\auth\target\classes started by joonhyuck.park in C:\java\msa-workspace\auth)
2022-03-04 10:20:55.179 INFO  1757 --- [ main ] c.theragenbio.auth.AuthApplication - The following 1 profile is active: "prod"
2022-03-04 10:20:55.225 INFO  1803 --- [ main ] o.s.b.c.config.ConfigDataLoader - Fetching config from server at : http://localhost:8888
2022-03-04 10:20:55.226 INFO  1804 --- [ main ] o.s.b.c.config.ConfigDataLoader - Located environment: name=auth, profiles=[prod], label=null, version=null, state=null
2022-03-04 10:20:56.569 INFO  3147 --- [ main ] o.s.c.context.scope.GenericScope - BeanFactory id=316bd1e4-03e6-3d73-b492-5e15a5c34407
2022-03-04 10:20:56.946 INFO  3524 --- [ main ] o.s.c.s.PostProcessorRegistrationDelegate$BeanPostProcessorChecker - Bean 'org.springframework.security.access.expression.method.DefaultMethodSecurityExpressionHandler@106c988' of type [org.springframework.security.access.expression.method.DefaultMethodSecurityExpressionHandler] is not eligible for getting processed by all BeanPostProcessors (for example: not eligible for auto-proxying)
2022-03-04 10:20:56.960 INFO  3538 --- [ main ] o.s.c.s.PostProcessorRegistrationDelegate$BeanPostProcessorChecker - Bean 'methodSecurityMetadataSource' of type [org.springframework.security.access.method.DelegatingMethodSecurityMetadataSource] is not eligible for getting processed by all BeanPostProcessors (for example: not eligible for auto-proxying)
2022-03-04 10:20:57.468 INFO  4046 --- [ main ] o.s.b.w.e.tomcat.TomcatWebServer - Tomcat initialized with port(s): 8887 (http)
2022-03-04 10:20:57.482 INFO  4060 --- [ main ] o.a.coyote.http11.Http11NioProtocol - Initializing ProtocolHandler ["http-nio-8887"]
2022-03-04 10:20:57.483 INFO  4061 --- [ main ] o.a.catalina.core.StandardService - Starting service [Tomcat]
2022-03-04 10:20:57.484 INFO  4062 --- [ main ] o.a.catalina.core.StandardEngine - Starting Servlet engine: [Apache Tomcat/9.0.58]
2022-03-04 10:20:57.649 INFO  4227 --- [ main ] o.a.c.c.C.[Tomcat].[localhost].[/] - Initializing Spring embedded WebApplicationContext
2022-03-04 10:20:57.650 INFO  4228 --- [ main ] o.s.b.w.s.c.ServletWebServerApplicationContext - Root WebApplicationContext: initialization completed in 2415 ms
2022-03-04 10:20:59.093 INFO  5671 --- [ main ] o.s.s.w.DefaultSecurityFilterChain - Will not secure any request
2022-03-04 10:20:59.962 INFO  6540 --- [ RMI TCP Connection(1)-127.0.0.1 ] o.a.c.c.C.[Tomcat].[localhost].[/] - Initializing Spring DispatcherServlet 'dispatcherServlet'
2022-03-04 10:20:59.963 INFO  6541 --- [ RMI TCP Connection(1)-127.0.0.1 ] o.s.web.servlet.DispatcherServlet - Initializing Servlet 'dispatcherServlet'
2022-03-04 10:21:00.738 INFO  7316 --- [ RMI TCP Connection(1)-127.0.0.1 ] o.s.b.a.e.web.EndpointLinksResolver - Exposing 1 endpoint(s) beneath base path '/actuator'
2022-03-04 10:21:00.774 INFO  7352 --- [ RMI TCP Connection(1)-127.0.0.1 ] o.s.web.servlet.DispatcherServlet - Completed initialization in 811 ms
2022-03-04 10:21:01.702 INFO  8280 --- [ main ] o.a.coyote.http11.Http11NioProtocol - Starting ProtocolHandler ["http-nio-8887"]
2022-03-04 10:21:01.754 INFO  8332 --- [ main ] o.s.b.w.e.tomcat.TomcatWebServer - Tomcat started on port(s): 8887 (http) with context path ''
2022-03-04 10:21:02.356 INFO  8934 --- [ main ] c.theragenbio.auth.AuthApplication - Started AuthApplication in 8.673 seconds (JVM running for 9.484)
2022-03-04 10:49:23.525 WARN  1710103 --- [ http-nio-8887-exec-1 ] o.a.c.util.SessionIdGeneratorBase - Creation of SecureRandom instance for session ID generation using [SHA1PRNG] took [166] milliseconds.
2022-03-04 10:53:42.469 INFO  1969047 --- [ RMI TCP Connection(39)-127.0.0.1 ] o.s.b.a.SpringApplicationAdminMXBeanRegistrar$SpringApplicationAdmin - Application shutdown requested.
2022-03-04 10:54:25.981 INFO  2166 --- [ main ] c.theragenbio.auth.AuthApplication - Starting AuthApplication using Java 17.0.1 on LT-joonhyuckpark with PID 13772 (C:\java\msa-workspace\auth\target\classes started by joonhyuck.park in C:\java\msa-workspace\auth)
2022-03-04 10:54:25.985 INFO  2170 --- [ main ] c.theragenbio.auth.AuthApplication - The following 1 profile is active: "prod"
2022-03-04 10:54:26.046 INFO  2231 --- [ main ] o.s.b.c.config.ConfigDataLoader - Fetching config from server at : http://localhost:8888
2022-03-04 10:54:26.046 INFO  2231 --- [ main ] o.s.b.c.config.ConfigDataLoader - Located environment: name=auth, profiles=[prod], label=null, version=null, state=null
2022-03-04 10:54:27.468 INFO  3653 --- [ main ] o.s.c.context.scope.GenericScope - BeanFactory id=316bd1e4-03e6-3d73-b492-5e15a5c34407
2022-03-04 10:54:27.891 INFO  4076 --- [ main ] o.s.c.s.PostProcessorRegistrationDelegate$BeanPostProcessorChecker - Bean 'org.springframework.security.access.expression.method.DefaultMethodSecurityExpressionHandler@7c8874ef' of type [org.springframework.security.access.expression.method.DefaultMethodSecurityExpressionHandler] is not eligible for getting processed by all BeanPostProcessors (for example: not eligible for auto-proxying)
2022-03-04 10:54:27.909 INFO  4094 --- [ main ] o.s.c.s.PostProcessorRegistrationDelegate$BeanPostProcessorChecker - Bean 'methodSecurityMetadataSource' of type [org.springframework.security.access.method.DelegatingMethodSecurityMetadataSource] is not eligible for getting processed by all BeanPostProcessors (for example: not eligible for auto-proxying)
2022-03-04 10:54:28.302 INFO  4487 --- [ main ] o.s.b.w.e.tomcat.TomcatWebServer - Tomcat initialized with port(s): 8887 (http)
2022-03-04 10:54:28.317 INFO  4502 --- [ main ] o.a.coyote.http11.Http11NioProtocol - Initializing ProtocolHandler ["http-nio-8887"]
2022-03-04 10:54:28.317 INFO  4502 --- [ main ] o.a.catalina.core.StandardService - Starting service [Tomcat]
2022-03-04 10:54:28.318 INFO  4503 --- [ main ] o.a.catalina.core.StandardEngine - Starting Servlet engine: [Apache Tomcat/9.0.58]
2022-03-04 10:54:28.456 INFO  4641 --- [ main ] o.a.c.c.C.[Tomcat].[localhost].[/] - Initializing Spring embedded WebApplicationContext
2022-03-04 10:54:28.456 INFO  4641 --- [ main ] o.s.b.w.s.c.ServletWebServerApplicationContext - Root WebApplicationContext: initialization completed in 2408 ms
2022-03-04 10:54:29.825 INFO  6010 --- [ main ] o.s.s.w.DefaultSecurityFilterChain - Will not secure any request
2022-03-04 10:54:32.021 INFO  8206 --- [ RMI TCP Connection(1)-127.0.0.1 ] o.a.c.c.C.[Tomcat].[localhost].[/] - Initializing Spring DispatcherServlet 'dispatcherServlet'
2022-03-04 10:54:32.021 INFO  8206 --- [ RMI TCP Connection(1)-127.0.0.1 ] o.s.web.servlet.DispatcherServlet - Initializing Servlet 'dispatcherServlet'
2022-03-04 10:54:32.115 INFO  8300 --- [ RMI TCP Connection(1)-127.0.0.1 ] o.s.b.a.e.web.EndpointLinksResolver - Exposing 1 endpoint(s) beneath base path '/actuator'
2022-03-04 10:54:32.146 INFO  8331 --- [ RMI TCP Connection(1)-127.0.0.1 ] o.s.web.servlet.DispatcherServlet - Completed initialization in 125 ms
2022-03-04 10:54:32.332 INFO  8517 --- [ main ] o.a.coyote.http11.Http11NioProtocol - Starting ProtocolHandler ["http-nio-8887"]
2022-03-04 10:54:32.385 INFO  8570 --- [ main ] o.s.b.w.e.tomcat.TomcatWebServer - Tomcat started on port(s): 8887 (http) with context path ''
2022-03-04 10:54:33.243 INFO  9428 --- [ main ] c.theragenbio.auth.AuthApplication - Started AuthApplication in 9.055 seconds (JVM running for 10.257)
2022-03-04 11:22:30.907 WARN  1687092 --- [ http-nio-8887-exec-1 ] o.a.c.util.SessionIdGeneratorBase - Creation of SecureRandom instance for session ID generation using [SHA1PRNG] took [136] milliseconds.
2022-03-04 11:22:52.421 INFO  1708606 --- [ http-nio-8887-exec-10 ] com.zaxxer.hikari.HikariDataSource - HikariPool-1 - Starting...
2022-03-04 11:22:52.546 INFO  1708731 --- [ http-nio-8887-exec-10 ] com.zaxxer.hikari.HikariDataSource - HikariPool-1 - Start completed.
2022-03-04 13:14:40.175 WARN  8416360 --- [ AsyncReporter{RestTemplateSender{http://localhost:9411/api/v2/spans}} ] z.r.AsyncReporter$BoundedAsyncReporter - Spans were dropped due to exceptions. All subsequent errors will be logged at FINE level.
2022-03-04 13:14:40.182 WARN  8416367 --- [ AsyncReporter{RestTemplateSender{http://localhost:9411/api/v2/spans}} ] z.r.AsyncReporter$BoundedAsyncReporter - Dropped 1 spans due to ResourceAccessException(I/O error on POST request for "http://localhost:9411/api/v2/spans": Unexpected end of file from server; nested exception is java.net.SocketException: Unexpected end of file from server)
org.springframework.web.client.ResourceAccessException: I/O error on POST request for "http://localhost:9411/api/v2/spans": Unexpected end of file from server; nested exception is java.net.SocketException: Unexpected end of file from server
	at org.springframework.web.client.RestTemplate.doExecute(RestTemplate.java:785)
	at org.springframework.cloud.sleuth.zipkin2.ZipkinRestTemplateWrapper.doExecute(ZipkinRestTemplateWrapper.java:69)
	at org.springframework.web.client.RestTemplate.exchange(RestTemplate.java:660)
	at org.springframework.cloud.sleuth.zipkin2.RestTemplateSender.post(RestTemplateSender.java:151)
	at org.springframework.cloud.sleuth.zipkin2.RestTemplateSender$HttpPostCall.doExecute(RestTemplateSender.java:169)
	at org.springframework.cloud.sleuth.zipkin2.RestTemplateSender$HttpPostCall.doExecute(RestTemplateSender.java:159)
	at zipkin2.Call$Base.execute(Call.java:391)
	at zipkin2.reporter.AsyncReporter$BoundedAsyncReporter.flush(AsyncReporter.java:299)
	at zipkin2.reporter.AsyncReporter$Flusher.run(AsyncReporter.java:378)
	at java.base/java.lang.Thread.run(Thread.java:833)
Caused by: java.net.SocketException: Unexpected end of file from server
	at java.base/sun.net.www.http.HttpClient.parseHTTPHeader(HttpClient.java:903)
	at java.base/sun.net.www.http.HttpClient.parseHTTP(HttpClient.java:726)
	at java.base/sun.net.www.protocol.http.HttpURLConnection.getInputStream0(HttpURLConnection.java:1688)
	at java.base/sun.net.www.protocol.http.HttpURLConnection.getInputStream(HttpURLConnection.java:1589)
	at java.base/java.net.HttpURLConnection.getResponseCode(HttpURLConnection.java:529)
	at org.springframework.http.client.SimpleClientHttpResponse.getRawStatusCode(SimpleClientHttpResponse.java:55)
	at org.springframework.web.client.DefaultResponseErrorHandler.hasError(DefaultResponseErrorHandler.java:61)
	at org.springframework.web.client.RestTemplate.handleResponse(RestTemplate.java:807)
	at org.springframework.web.client.RestTemplate.doExecute(RestTemplate.java:777)
	... 9 common frames omitted
2022-03-04 14:41:41.301 INFO  13637486 --- [ RMI TCP Connection(232)-127.0.0.1 ] o.s.b.a.SpringApplicationAdminMXBeanRegistrar$SpringApplicationAdmin - Application shutdown requested.
2022-03-04 14:41:41.333 INFO  13637518 --- [ RMI TCP Connection(232)-127.0.0.1 ] com.zaxxer.hikari.HikariDataSource - HikariPool-1 - Shutdown initiated...
2022-03-04 14:41:41.335 INFO  13637520 --- [ RMI TCP Connection(232)-127.0.0.1 ] com.zaxxer.hikari.HikariDataSource - HikariPool-1 - Shutdown completed.
