2022-03-04 10:47:20.332 INFO  388  --- [ main ] o.s.b.t.c.SpringBootTestContextBootstrapper - Neither @ContextConfiguration nor @ContextHierarchy found for test class [com.theragenbio.serviceB.ServiceBApplicationTests], using SpringBootContextLoader
2022-03-04 10:47:20.343 INFO  399  --- [ main ] o.s.t.c.s.AbstractContextLoader - Could not detect default resource locations for test class [com.theragenbio.serviceB.ServiceBApplicationTests]: no resource found for suffixes {-context.xml, Context.groovy}.
2022-03-04 10:47:20.344 INFO  400  --- [ main ] o.s.t.c.s.AnnotationConfigContextLoaderUtils - Could not detect default configuration classes for test class [com.theragenbio.serviceB.ServiceBApplicationTests]: ServiceBApplicationTests does not declare any static, non-private, non-final, nested classes annotated with @Configuration.
2022-03-04 10:47:20.587 INFO  643  --- [ main ] o.s.b.t.c.SpringBootTestContextBootstrapper - Found @SpringBootConfiguration com.theragenbio.serviceB.ServiceBApplication for test class com.theragenbio.serviceB.ServiceBApplicationTests
2022-03-04 10:47:20.843 INFO  899  --- [ main ] o.s.b.t.c.SpringBootTestContextBootstrapper - Loaded default TestExecutionListener class names from location [META-INF/spring.factories]: [org.springframework.boot.test.mock.mockito.MockitoTestExecutionListener, org.springframework.boot.test.mock.mockito.ResetMocksTestExecutionListener, org.springframework.boot.test.autoconfigure.restdocs.RestDocsTestExecutionListener, org.springframework.boot.test.autoconfigure.web.client.MockRestServiceServerResetTestExecutionListener, org.springframework.boot.test.autoconfigure.web.servlet.MockMvcPrintOnlyOnFailureTestExecutionListener, org.springframework.boot.test.autoconfigure.web.servlet.WebDriverTestExecutionListener, org.springframework.boot.test.autoconfigure.webservices.client.MockWebServiceServerTestExecutionListener, org.springframework.test.context.web.ServletTestExecutionListener, org.springframework.test.context.support.DirtiesContextBeforeModesTestExecutionListener, org.springframework.test.context.event.ApplicationEventsTestExecutionListener, org.springframework.test.context.support.DependencyInjectionTestExecutionListener, org.springframework.test.context.support.DirtiesContextTestExecutionListener, org.springframework.test.context.transaction.TransactionalTestExecutionListener, org.springframework.test.context.jdbc.SqlScriptsTestExecutionListener, org.springframework.test.context.event.EventPublishingTestExecutionListener]
2022-03-04 10:47:20.881 INFO  937  --- [ main ] o.s.b.t.c.SpringBootTestContextBootstrapper - Using TestExecutionListeners: [org.springframework.test.context.web.ServletTestExecutionListener@53499d85, org.springframework.test.context.support.DirtiesContextBeforeModesTestExecutionListener@30ed9c6c, org.springframework.test.context.event.ApplicationEventsTestExecutionListener@782a4fff, org.springframework.boot.test.mock.mockito.MockitoTestExecutionListener@46c670a6, org.springframework.boot.test.autoconfigure.SpringBootDependencyInjectionTestExecutionListener@59fc684e, org.springframework.test.context.support.DirtiesContextTestExecutionListener@5ae81e1, org.springframework.test.context.transaction.TransactionalTestExecutionListener@2fd1731c, org.springframework.test.context.jdbc.SqlScriptsTestExecutionListener@5ae76500, org.springframework.test.context.event.EventPublishingTestExecutionListener@6063d80a, org.springframework.boot.test.mock.mockito.ResetMocksTestExecutionListener@1133ec6e, org.springframework.boot.test.autoconfigure.restdocs.RestDocsTestExecutionListener@355e34c7, org.springframework.boot.test.autoconfigure.web.client.MockRestServiceServerResetTestExecutionListener@54709809, org.springframework.boot.test.autoconfigure.web.servlet.MockMvcPrintOnlyOnFailureTestExecutionListener@2a2da905, org.springframework.boot.test.autoconfigure.web.servlet.WebDriverTestExecutionListener@24f360b2, org.springframework.boot.test.autoconfigure.webservices.client.MockWebServiceServerTestExecutionListener@60cf80e7]
2022-03-04 10:47:22.563 INFO  2619 --- [ main ] c.t.s.ServiceBApplicationTests - Starting ServiceBApplicationTests using Java 17.0.1 on LT-joonhyuckpark with PID 1844 (started by joonhyuck.park in C:\java\msa-workspace\serviceB)
2022-03-04 10:47:22.565 INFO  2621 --- [ main ] c.t.s.ServiceBApplicationTests - No active profile set, falling back to 1 default profile: "default"
2022-03-04 10:47:24.558 INFO  4614 --- [ main ] o.s.d.r.c.RepositoryConfigurationDelegate - Bootstrapping Spring Data JPA repositories in DEFAULT mode.
2022-03-04 10:47:24.916 INFO  4972 --- [ main ] o.s.d.r.c.RepositoryConfigurationDelegate - Finished Spring Data repository scanning in 338 ms. Found 1 JPA repository interfaces.
2022-03-04 10:47:25.794 INFO  5850 --- [ main ] o.s.c.context.scope.GenericScope - BeanFactory id=41c26cc6-acdb-347d-94e1-658f92ab5c9d
2022-03-04 10:47:27.814 INFO  7870 --- [ main ] o.h.jpa.internal.util.LogHelper - HHH000204: Processing PersistenceUnitInfo [name: default]
2022-03-04 10:47:28.035 INFO  8091 --- [ main ] org.hibernate.Version - HHH000412: Hibernate ORM core version 5.4.33
2022-03-04 10:47:28.495 INFO  8551 --- [ main ] o.h.annotations.common.Version - HCANN000001: Hibernate Commons Annotations {5.1.2.Final}
2022-03-04 10:47:29.340 INFO  9396 --- [ main ] com.zaxxer.hikari.HikariDataSource - HikariPool-1 - Starting...
2022-03-04 10:47:29.883 INFO  9939 --- [ main ] com.zaxxer.hikari.HikariDataSource - HikariPool-1 - Start completed.
2022-03-04 10:47:29.957 INFO  10013 --- [ main ] org.hibernate.dialect.Dialect - HHH000400: Using dialect: org.hibernate.dialect.MySQL55Dialect
2022-03-04 10:47:31.313 INFO  11369 --- [ main ] o.h.e.t.j.p.i.JtaPlatformInitiator - HHH000490: Using JtaPlatform implementation: [org.hibernate.engine.transaction.jta.platform.internal.NoJtaPlatform]
2022-03-04 10:47:31.327 INFO  11383 --- [ main ] o.s.o.j.LocalContainerEntityManagerFactoryBean - Initialized JPA EntityManagerFactory for persistence unit 'default'
2022-03-04 10:47:33.378 WARN  13434 --- [ main ] o.s.b.a.o.j.JpaBaseConfiguration$JpaWebConfiguration - spring.jpa.open-in-view is enabled by default. Therefore, database queries may be performed during view rendering. Explicitly configure spring.jpa.open-in-view to disable this warning
2022-03-04 10:47:37.516 INFO  17572 --- [ main ] o.s.c.n.e.c.DiscoveryClientOptionalArgsConfiguration - Eureka HTTP Client uses RestTemplate.
2022-03-04 10:47:41.477 WARN  21533 --- [ main ] o.s.c.l.c.LoadBalancerCacheAutoConfiguration$LoadBalancerCaffeineWarnLogger - Spring Cloud LoadBalancer is currently working with the default cache. While this cache implementation is useful for development and tests, it's recommended to use Caffeine cache in production.You can switch to using Caffeine cache, by adding it and org.springframework.cache.caffeine.CaffeineCacheManager to the classpath.
2022-03-04 10:47:42.042 INFO  22098 --- [ main ] o.s.c.n.eureka.InstanceInfoFactory - Setting initial instance status as: STARTING
2022-03-04 10:47:42.335 INFO  22391 --- [ main ] c.netflix.discovery.DiscoveryClient - Initializing Eureka in region us-east-1
2022-03-04 10:47:42.354 INFO  22410 --- [ main ] c.n.d.s.r.aws.ConfigClusterResolver - Resolving eureka endpoints via configuration
2022-03-04 10:47:42.410 INFO  22466 --- [ main ] c.netflix.discovery.DiscoveryClient - Disable delta property : false
2022-03-04 10:47:42.410 INFO  22466 --- [ main ] c.netflix.discovery.DiscoveryClient - Single vip registry refresh property : null
2022-03-04 10:47:42.411 INFO  22467 --- [ main ] c.netflix.discovery.DiscoveryClient - Force full registry fetch : false
2022-03-04 10:47:42.411 INFO  22467 --- [ main ] c.netflix.discovery.DiscoveryClient - Application is null : false
2022-03-04 10:47:42.411 INFO  22467 --- [ main ] c.netflix.discovery.DiscoveryClient - Registered Applications size is zero : true
2022-03-04 10:47:42.411 INFO  22467 --- [ main ] c.netflix.discovery.DiscoveryClient - Application version is -1: true
2022-03-04 10:47:42.411 INFO  22467 --- [ main ] c.netflix.discovery.DiscoveryClient - Getting all instance registry info from the eureka server
2022-03-04 10:47:43.415 INFO  23471 --- [ main ] c.netflix.discovery.DiscoveryClient - The response status is 200
2022-03-04 10:47:43.433 INFO  23489 --- [ main ] c.netflix.discovery.DiscoveryClient - Starting heartbeat executor: renew interval is: 30
2022-03-04 10:47:43.444 INFO  23500 --- [ main ] c.n.d.InstanceInfoReplicator - InstanceInfoReplicator onDemand update allowed rate per min is 4
2022-03-04 10:47:43.461 INFO  23517 --- [ main ] c.netflix.discovery.DiscoveryClient - Discovery Client initialized at timestamp 1646358463459 with initial instances count: 4
2022-03-04 10:47:43.502 INFO  23558 --- [ main ] o.s.c.n.e.s.EurekaServiceRegistry - Registering application SERVICEB with eureka with status UP
2022-03-04 10:47:43.504 INFO  23560 --- [ main ] c.netflix.discovery.DiscoveryClient - Saw local status change event StatusChangeEvent [timestamp=1646358463504, current=UP, previous=STARTING]
2022-03-04 10:47:43.509 INFO  23565 --- [ DiscoveryClient-InstanceInfoReplicator-0 ] c.netflix.discovery.DiscoveryClient - DiscoveryClient_SERVICEB/host.docker.internal:serviceB:8002: registering service...
2022-03-04 10:47:43.538 INFO  23594 --- [ main ] c.t.s.ServiceBApplicationTests - Started ServiceBApplicationTests in 22.512 seconds (JVM running for 25.257)
2022-03-04 10:47:43.646 INFO  23702 --- [ DiscoveryClient-InstanceInfoReplicator-0 ] c.netflix.discovery.DiscoveryClient - DiscoveryClient_SERVICEB/host.docker.internal:serviceB:8002 - registration status: 204
2022-03-04 10:47:44.804 INFO  24860 --- [ SpringApplicationShutdownHook ] o.s.c.n.e.s.EurekaServiceRegistry - Unregistering application SERVICEB with eureka with status DOWN
2022-03-04 10:47:44.805 INFO  24861 --- [ SpringApplicationShutdownHook ] c.netflix.discovery.DiscoveryClient - Saw local status change event StatusChangeEvent [timestamp=1646358464805, current=DOWN, previous=UP]
2022-03-04 10:47:44.806 INFO  24862 --- [ DiscoveryClient-InstanceInfoReplicator-0 ] c.netflix.discovery.DiscoveryClient - DiscoveryClient_SERVICEB/host.docker.internal:serviceB:8002: registering service...
2022-03-04 10:47:44.818 INFO  24874 --- [ DiscoveryClient-InstanceInfoReplicator-0 ] c.netflix.discovery.DiscoveryClient - DiscoveryClient_SERVICEB/host.docker.internal:serviceB:8002 - registration status: 204
2022-03-04 10:47:45.835 INFO  25891 --- [ SpringApplicationShutdownHook ] o.s.o.j.LocalContainerEntityManagerFactoryBean - Closing JPA EntityManagerFactory for persistence unit 'default'
2022-03-04 10:47:45.837 INFO  25893 --- [ SpringApplicationShutdownHook ] com.zaxxer.hikari.HikariDataSource - HikariPool-1 - Shutdown initiated...
2022-03-04 10:47:45.848 INFO  25904 --- [ SpringApplicationShutdownHook ] com.zaxxer.hikari.HikariDataSource - HikariPool-1 - Shutdown completed.
2022-03-04 10:47:45.849 INFO  25905 --- [ SpringApplicationShutdownHook ] c.netflix.discovery.DiscoveryClient - Shutting down DiscoveryClient ...
2022-03-04 10:47:48.857 INFO  28913 --- [ SpringApplicationShutdownHook ] c.netflix.discovery.DiscoveryClient - Unregistering ...
2022-03-04 10:47:48.861 INFO  28917 --- [ SpringApplicationShutdownHook ] c.netflix.discovery.DiscoveryClient - DiscoveryClient_SERVICEB/host.docker.internal:serviceB:8002 - deregister  status: 200
2022-03-04 10:47:48.865 INFO  28921 --- [ SpringApplicationShutdownHook ] c.netflix.discovery.DiscoveryClient - Completed shut down of DiscoveryClient
2022-03-04 10:48:03.509 INFO  1850 --- [ main ] c.t.serviceB.ServiceBApplication - Starting ServiceBApplication using Java 17.0.1 on LT-joonhyuckpark with PID 4672 (C:\java\msa-workspace\serviceB\target\classes started by joonhyuck.park in C:\java\msa-workspace\serviceB)
2022-03-04 10:48:03.514 INFO  1855 --- [ main ] c.t.serviceB.ServiceBApplication - No active profile set, falling back to 1 default profile: "default"
2022-03-04 10:48:04.497 INFO  2838 --- [ main ] o.s.d.r.c.RepositoryConfigurationDelegate - Bootstrapping Spring Data JPA repositories in DEFAULT mode.
2022-03-04 10:48:04.699 INFO  3040 --- [ main ] o.s.d.r.c.RepositoryConfigurationDelegate - Finished Spring Data repository scanning in 190 ms. Found 1 JPA repository interfaces.
2022-03-04 10:48:05.113 INFO  3454 --- [ main ] o.s.c.context.scope.GenericScope - BeanFactory id=ebceebb6-965c-38f4-a604-842de575ccc1
2022-03-04 10:48:05.928 INFO  4269 --- [ main ] o.s.b.w.e.tomcat.TomcatWebServer - Tomcat initialized with port(s): 8002 (http)
2022-03-04 10:48:05.942 INFO  4283 --- [ main ] o.a.coyote.http11.Http11NioProtocol - Initializing ProtocolHandler ["http-nio-8002"]
2022-03-04 10:48:05.942 INFO  4283 --- [ main ] o.a.catalina.core.StandardService - Starting service [Tomcat]
2022-03-04 10:48:05.943 INFO  4284 --- [ main ] o.a.catalina.core.StandardEngine - Starting Servlet engine: [Apache Tomcat/9.0.58]
2022-03-04 10:48:06.153 INFO  4494 --- [ main ] o.a.c.c.C.[Tomcat].[localhost].[/] - Initializing Spring embedded WebApplicationContext
2022-03-04 10:48:06.153 INFO  4494 --- [ main ] o.s.b.w.s.c.ServletWebServerApplicationContext - Root WebApplicationContext: initialization completed in 2581 ms
2022-03-04 10:48:06.854 INFO  5195 --- [ main ] o.h.jpa.internal.util.LogHelper - HHH000204: Processing PersistenceUnitInfo [name: default]
2022-03-04 10:48:06.910 INFO  5251 --- [ main ] org.hibernate.Version - HHH000412: Hibernate ORM core version 5.4.33
2022-03-04 10:48:07.100 INFO  5441 --- [ main ] o.h.annotations.common.Version - HCANN000001: Hibernate Commons Annotations {5.1.2.Final}
2022-03-04 10:48:07.278 INFO  5619 --- [ main ] com.zaxxer.hikari.HikariDataSource - HikariPool-1 - Starting...
2022-03-04 10:48:07.487 INFO  5828 --- [ main ] com.zaxxer.hikari.HikariDataSource - HikariPool-1 - Start completed.
2022-03-04 10:48:07.527 INFO  5868 --- [ main ] org.hibernate.dialect.Dialect - HHH000400: Using dialect: org.hibernate.dialect.MySQL55Dialect
2022-03-04 10:48:08.348 INFO  6689 --- [ main ] o.h.e.t.j.p.i.JtaPlatformInitiator - HHH000490: Using JtaPlatform implementation: [org.hibernate.engine.transaction.jta.platform.internal.NoJtaPlatform]
2022-03-04 10:48:08.362 INFO  6703 --- [ main ] o.s.o.j.LocalContainerEntityManagerFactoryBean - Initialized JPA EntityManagerFactory for persistence unit 'default'
2022-03-04 10:48:08.964 WARN  7305 --- [ main ] o.s.b.a.o.j.JpaBaseConfiguration$JpaWebConfiguration - spring.jpa.open-in-view is enabled by default. Therefore, database queries may be performed during view rendering. Explicitly configure spring.jpa.open-in-view to disable this warning
2022-03-04 10:48:10.429 INFO  8770 --- [ main ] o.s.c.n.e.c.DiscoveryClientOptionalArgsConfiguration - Eureka HTTP Client uses RestTemplate.
2022-03-04 10:48:11.909 WARN  10250 --- [ main ] o.s.c.l.c.LoadBalancerCacheAutoConfiguration$LoadBalancerCaffeineWarnLogger - Spring Cloud LoadBalancer is currently working with the default cache. While this cache implementation is useful for development and tests, it's recommended to use Caffeine cache in production.You can switch to using Caffeine cache, by adding it and org.springframework.cache.caffeine.CaffeineCacheManager to the classpath.
2022-03-04 10:48:12.063 INFO  10404 --- [ main ] o.s.c.n.eureka.InstanceInfoFactory - Setting initial instance status as: STARTING
2022-03-04 10:48:12.128 INFO  10469 --- [ main ] c.netflix.discovery.DiscoveryClient - Initializing Eureka in region us-east-1
2022-03-04 10:48:12.133 INFO  10474 --- [ main ] c.n.d.s.r.aws.ConfigClusterResolver - Resolving eureka endpoints via configuration
2022-03-04 10:48:12.169 INFO  10510 --- [ main ] c.netflix.discovery.DiscoveryClient - Disable delta property : false
2022-03-04 10:48:12.169 INFO  10510 --- [ main ] c.netflix.discovery.DiscoveryClient - Single vip registry refresh property : null
2022-03-04 10:48:12.169 INFO  10510 --- [ main ] c.netflix.discovery.DiscoveryClient - Force full registry fetch : false
2022-03-04 10:48:12.169 INFO  10510 --- [ main ] c.netflix.discovery.DiscoveryClient - Application is null : false
2022-03-04 10:48:12.169 INFO  10510 --- [ main ] c.netflix.discovery.DiscoveryClient - Registered Applications size is zero : true
2022-03-04 10:48:12.169 INFO  10510 --- [ main ] c.netflix.discovery.DiscoveryClient - Application version is -1: true
2022-03-04 10:48:12.169 INFO  10510 --- [ main ] c.netflix.discovery.DiscoveryClient - Getting all instance registry info from the eureka server
2022-03-04 10:48:12.630 INFO  10971 --- [ main ] c.netflix.discovery.DiscoveryClient - The response status is 200
2022-03-04 10:48:12.641 INFO  10982 --- [ main ] c.netflix.discovery.DiscoveryClient - Starting heartbeat executor: renew interval is: 30
2022-03-04 10:48:12.651 INFO  10992 --- [ main ] c.n.d.InstanceInfoReplicator - InstanceInfoReplicator onDemand update allowed rate per min is 4
2022-03-04 10:48:12.673 INFO  11014 --- [ main ] c.netflix.discovery.DiscoveryClient - Discovery Client initialized at timestamp 1646358492672 with initial instances count: 4
2022-03-04 10:48:12.684 INFO  11025 --- [ main ] o.s.c.n.e.s.EurekaServiceRegistry - Registering application SERVICEB with eureka with status UP
2022-03-04 10:48:12.685 INFO  11026 --- [ main ] c.netflix.discovery.DiscoveryClient - Saw local status change event StatusChangeEvent [timestamp=1646358492685, current=UP, previous=STARTING]
2022-03-04 10:48:12.687 INFO  11028 --- [ DiscoveryClient-InstanceInfoReplicator-0 ] c.netflix.discovery.DiscoveryClient - DiscoveryClient_SERVICEB/host.docker.internal:serviceB:8002: registering service...
2022-03-04 10:48:12.688 INFO  11029 --- [ main ] o.a.coyote.http11.Http11NioProtocol - Starting ProtocolHandler ["http-nio-8002"]
2022-03-04 10:48:12.738 INFO  11079 --- [ main ] o.s.b.w.e.tomcat.TomcatWebServer - Tomcat started on port(s): 8002 (http) with context path ''
2022-03-04 10:48:12.739 INFO  11080 --- [ main ] o.s.c.n.e.s.EurekaAutoServiceRegistration - Updating port to 8002
2022-03-04 10:48:12.740 INFO  11081 --- [ DiscoveryClient-InstanceInfoReplicator-0 ] c.netflix.discovery.DiscoveryClient - DiscoveryClient_SERVICEB/host.docker.internal:serviceB:8002 - registration status: 204
2022-03-04 10:48:13.480 INFO  11821 --- [ main ] c.t.serviceB.ServiceBApplication - Started ServiceBApplication in 11.376 seconds (JVM running for 12.774)
2022-03-04 10:52:59.860 INFO  298201 --- [ RMI TCP Connection(8)-127.0.0.1 ] o.s.b.a.SpringApplicationAdminMXBeanRegistrar$SpringApplicationAdmin - Application shutdown requested.
2022-03-04 10:52:59.860 INFO  298201 --- [ RMI TCP Connection(8)-127.0.0.1 ] o.s.c.n.e.s.EurekaServiceRegistry - Unregistering application SERVICEB with eureka with status DOWN
2022-03-04 10:52:59.860 INFO  298201 --- [ RMI TCP Connection(8)-127.0.0.1 ] c.netflix.discovery.DiscoveryClient - Saw local status change event StatusChangeEvent [timestamp=1646358779860, current=DOWN, previous=UP]
2022-03-04 10:52:59.861 INFO  298202 --- [ DiscoveryClient-InstanceInfoReplicator-0 ] c.netflix.discovery.DiscoveryClient - DiscoveryClient_SERVICEB/host.docker.internal:serviceB:8002: registering service...
2022-03-04 10:52:59.864 INFO  298205 --- [ DiscoveryClient-InstanceInfoReplicator-0 ] c.netflix.discovery.DiscoveryClient - DiscoveryClient_SERVICEB/host.docker.internal:serviceB:8002 - registration status: 204
2022-03-04 10:52:59.898 INFO  298239 --- [ RMI TCP Connection(8)-127.0.0.1 ] o.s.o.j.LocalContainerEntityManagerFactoryBean - Closing JPA EntityManagerFactory for persistence unit 'default'
2022-03-04 10:52:59.900 INFO  298241 --- [ RMI TCP Connection(8)-127.0.0.1 ] com.zaxxer.hikari.HikariDataSource - HikariPool-1 - Shutdown initiated...
2022-03-04 10:52:59.905 INFO  298246 --- [ RMI TCP Connection(8)-127.0.0.1 ] com.zaxxer.hikari.HikariDataSource - HikariPool-1 - Shutdown completed.
2022-03-04 10:53:00.907 INFO  299248 --- [ RMI TCP Connection(8)-127.0.0.1 ] c.netflix.discovery.DiscoveryClient - Shutting down DiscoveryClient ...
2022-03-04 10:53:03.920 INFO  302261 --- [ RMI TCP Connection(8)-127.0.0.1 ] c.netflix.discovery.DiscoveryClient - Unregistering ...
2022-03-04 10:53:03.924 INFO  302265 --- [ RMI TCP Connection(8)-127.0.0.1 ] c.netflix.discovery.DiscoveryClient - DiscoveryClient_SERVICEB/host.docker.internal:serviceB:8002 - deregister  status: 200
2022-03-04 10:53:03.966 INFO  302307 --- [ RMI TCP Connection(8)-127.0.0.1 ] c.netflix.discovery.DiscoveryClient - Completed shut down of DiscoveryClient
2022-03-04 10:57:28.402 INFO  2926 --- [ main ] c.t.serviceB.ServiceBApplication - Starting ServiceBApplication using Java 17.0.1 on LT-joonhyuckpark with PID 12436 (C:\java\msa-workspace\serviceB\target\classes started by joonhyuck.park in C:\java\msa-workspace\serviceB)
2022-03-04 10:57:28.410 INFO  2934 --- [ main ] c.t.serviceB.ServiceBApplication - No active profile set, falling back to 1 default profile: "default"
2022-03-04 10:57:30.039 INFO  4563 --- [ main ] o.s.d.r.c.RepositoryConfigurationDelegate - Bootstrapping Spring Data JPA repositories in DEFAULT mode.
2022-03-04 10:57:30.428 INFO  4952 --- [ main ] o.s.d.r.c.RepositoryConfigurationDelegate - Finished Spring Data repository scanning in 370 ms. Found 1 JPA repository interfaces.
2022-03-04 10:57:31.220 INFO  5744 --- [ main ] o.s.c.context.scope.GenericScope - BeanFactory id=ebceebb6-965c-38f4-a604-842de575ccc1
2022-03-04 10:57:32.484 INFO  7008 --- [ main ] o.s.b.w.e.tomcat.TomcatWebServer - Tomcat initialized with port(s): 8002 (http)
2022-03-04 10:57:32.504 INFO  7028 --- [ main ] o.a.coyote.http11.Http11NioProtocol - Initializing ProtocolHandler ["http-nio-8002"]
2022-03-04 10:57:32.505 INFO  7029 --- [ main ] o.a.catalina.core.StandardService - Starting service [Tomcat]
2022-03-04 10:57:32.505 INFO  7029 --- [ main ] o.a.catalina.core.StandardEngine - Starting Servlet engine: [Apache Tomcat/9.0.58]
2022-03-04 10:57:32.901 INFO  7425 --- [ main ] o.a.c.c.C.[Tomcat].[localhost].[/] - Initializing Spring embedded WebApplicationContext
2022-03-04 10:57:32.901 INFO  7425 --- [ main ] o.s.b.w.s.c.ServletWebServerApplicationContext - Root WebApplicationContext: initialization completed in 4392 ms
2022-03-04 10:57:34.768 INFO  9292 --- [ main ] o.h.jpa.internal.util.LogHelper - HHH000204: Processing PersistenceUnitInfo [name: default]
2022-03-04 10:57:34.945 INFO  9469 --- [ main ] org.hibernate.Version - HHH000412: Hibernate ORM core version 5.4.33
2022-03-04 10:57:35.376 INFO  9900 --- [ main ] o.h.annotations.common.Version - HCANN000001: Hibernate Commons Annotations {5.1.2.Final}
2022-03-04 10:57:35.684 INFO  10208 --- [ main ] com.zaxxer.hikari.HikariDataSource - HikariPool-1 - Starting...
2022-03-04 10:57:36.028 INFO  10552 --- [ main ] com.zaxxer.hikari.HikariDataSource - HikariPool-1 - Start completed.
2022-03-04 10:57:36.127 INFO  10651 --- [ main ] org.hibernate.dialect.Dialect - HHH000400: Using dialect: org.hibernate.dialect.MySQL55Dialect
2022-03-04 10:57:37.654 INFO  12178 --- [ main ] o.h.e.t.j.p.i.JtaPlatformInitiator - HHH000490: Using JtaPlatform implementation: [org.hibernate.engine.transaction.jta.platform.internal.NoJtaPlatform]
2022-03-04 10:57:37.672 INFO  12196 --- [ main ] o.s.o.j.LocalContainerEntityManagerFactoryBean - Initialized JPA EntityManagerFactory for persistence unit 'default'
2022-03-04 10:57:38.650 WARN  13174 --- [ main ] o.s.b.a.o.j.JpaBaseConfiguration$JpaWebConfiguration - spring.jpa.open-in-view is enabled by default. Therefore, database queries may be performed during view rendering. Explicitly configure spring.jpa.open-in-view to disable this warning
2022-03-04 10:57:42.304 INFO  16828 --- [ main ] o.s.c.n.e.c.DiscoveryClientOptionalArgsConfiguration - Eureka HTTP Client uses RestTemplate.
2022-03-04 10:57:44.278 WARN  18802 --- [ main ] o.s.c.l.c.LoadBalancerCacheAutoConfiguration$LoadBalancerCaffeineWarnLogger - Spring Cloud LoadBalancer is currently working with the default cache. While this cache implementation is useful for development and tests, it's recommended to use Caffeine cache in production.You can switch to using Caffeine cache, by adding it and org.springframework.cache.caffeine.CaffeineCacheManager to the classpath.
2022-03-04 10:57:44.438 INFO  18962 --- [ main ] o.s.c.n.eureka.InstanceInfoFactory - Setting initial instance status as: STARTING
2022-03-04 10:57:44.507 INFO  19031 --- [ main ] c.netflix.discovery.DiscoveryClient - Initializing Eureka in region us-east-1
2022-03-04 10:57:44.513 INFO  19037 --- [ main ] c.n.d.s.r.aws.ConfigClusterResolver - Resolving eureka endpoints via configuration
2022-03-04 10:57:44.553 INFO  19077 --- [ main ] c.netflix.discovery.DiscoveryClient - Disable delta property : false
2022-03-04 10:57:44.553 INFO  19077 --- [ main ] c.netflix.discovery.DiscoveryClient - Single vip registry refresh property : null
2022-03-04 10:57:44.553 INFO  19077 --- [ main ] c.netflix.discovery.DiscoveryClient - Force full registry fetch : false
2022-03-04 10:57:44.553 INFO  19077 --- [ main ] c.netflix.discovery.DiscoveryClient - Application is null : false
2022-03-04 10:57:44.553 INFO  19077 --- [ main ] c.netflix.discovery.DiscoveryClient - Registered Applications size is zero : true
2022-03-04 10:57:44.553 INFO  19077 --- [ main ] c.netflix.discovery.DiscoveryClient - Application version is -1: true
2022-03-04 10:57:44.553 INFO  19077 --- [ main ] c.netflix.discovery.DiscoveryClient - Getting all instance registry info from the eureka server
2022-03-04 10:57:44.996 INFO  19520 --- [ main ] c.netflix.discovery.DiscoveryClient - The response status is 200
2022-03-04 10:57:45.010 INFO  19534 --- [ main ] c.netflix.discovery.DiscoveryClient - Starting heartbeat executor: renew interval is: 30
2022-03-04 10:57:45.024 INFO  19548 --- [ main ] c.n.d.InstanceInfoReplicator - InstanceInfoReplicator onDemand update allowed rate per min is 4
2022-03-04 10:57:45.051 INFO  19575 --- [ main ] c.netflix.discovery.DiscoveryClient - Discovery Client initialized at timestamp 1646359065049 with initial instances count: 3
2022-03-04 10:57:45.069 INFO  19593 --- [ main ] o.s.c.n.e.s.EurekaServiceRegistry - Registering application SERVICEB with eureka with status UP
2022-03-04 10:57:45.071 INFO  19595 --- [ main ] c.netflix.discovery.DiscoveryClient - Saw local status change event StatusChangeEvent [timestamp=1646359065071, current=UP, previous=STARTING]
2022-03-04 10:57:45.073 INFO  19597 --- [ DiscoveryClient-InstanceInfoReplicator-0 ] c.netflix.discovery.DiscoveryClient - DiscoveryClient_SERVICEB/host.docker.internal:serviceB:8002: registering service...
2022-03-04 10:57:45.074 INFO  19598 --- [ main ] o.a.coyote.http11.Http11NioProtocol - Starting ProtocolHandler ["http-nio-8002"]
2022-03-04 10:57:45.135 INFO  19659 --- [ main ] o.s.b.w.e.tomcat.TomcatWebServer - Tomcat started on port(s): 8002 (http) with context path ''
2022-03-04 10:57:45.136 INFO  19660 --- [ main ] o.s.c.n.e.s.EurekaAutoServiceRegistration - Updating port to 8002
2022-03-04 10:57:45.137 INFO  19661 --- [ DiscoveryClient-InstanceInfoReplicator-0 ] c.netflix.discovery.DiscoveryClient - DiscoveryClient_SERVICEB/host.docker.internal:serviceB:8002 - registration status: 204
2022-03-04 10:57:45.994 INFO  20518 --- [ main ] c.t.serviceB.ServiceBApplication - Started ServiceBApplication in 19.914 seconds (JVM running for 22.958)
2022-03-04 11:02:44.558 INFO  319082 --- [ AsyncResolver-bootstrap-executor-0 ] c.n.d.s.r.aws.ConfigClusterResolver - Resolving eureka endpoints via configuration
2022-03-04 11:07:44.559 INFO  619083 --- [ AsyncResolver-bootstrap-executor-0 ] c.n.d.s.r.aws.ConfigClusterResolver - Resolving eureka endpoints via configuration
2022-03-04 11:12:44.560 INFO  919084 --- [ AsyncResolver-bootstrap-executor-0 ] c.n.d.s.r.aws.ConfigClusterResolver - Resolving eureka endpoints via configuration
2022-03-04 11:17:44.562 INFO  1219086 --- [ AsyncResolver-bootstrap-executor-0 ] c.n.d.s.r.aws.ConfigClusterResolver - Resolving eureka endpoints via configuration
2022-03-04 11:22:44.567 INFO  1519091 --- [ AsyncResolver-bootstrap-executor-0 ] c.n.d.s.r.aws.ConfigClusterResolver - Resolving eureka endpoints via configuration
2022-03-04 11:27:44.579 INFO  1819103 --- [ AsyncResolver-bootstrap-executor-0 ] c.n.d.s.r.aws.ConfigClusterResolver - Resolving eureka endpoints via configuration
2022-03-04 11:32:44.580 INFO  2119104 --- [ AsyncResolver-bootstrap-executor-0 ] c.n.d.s.r.aws.ConfigClusterResolver - Resolving eureka endpoints via configuration
2022-03-04 11:37:44.582 INFO  2419106 --- [ AsyncResolver-bootstrap-executor-0 ] c.n.d.s.r.aws.ConfigClusterResolver - Resolving eureka endpoints via configuration
2022-03-04 11:42:44.593 INFO  2719117 --- [ AsyncResolver-bootstrap-executor-0 ] c.n.d.s.r.aws.ConfigClusterResolver - Resolving eureka endpoints via configuration
2022-03-04 11:47:44.608 INFO  3019132 --- [ AsyncResolver-bootstrap-executor-0 ] c.n.d.s.r.aws.ConfigClusterResolver - Resolving eureka endpoints via configuration
2022-03-04 11:52:44.611 INFO  3319135 --- [ AsyncResolver-bootstrap-executor-0 ] c.n.d.s.r.aws.ConfigClusterResolver - Resolving eureka endpoints via configuration
2022-03-04 11:57:44.615 INFO  3619139 --- [ AsyncResolver-bootstrap-executor-0 ] c.n.d.s.r.aws.ConfigClusterResolver - Resolving eureka endpoints via configuration
2022-03-04 12:02:44.630 INFO  3919154 --- [ AsyncResolver-bootstrap-executor-0 ] c.n.d.s.r.aws.ConfigClusterResolver - Resolving eureka endpoints via configuration
2022-03-04 12:07:44.645 INFO  4219169 --- [ AsyncResolver-bootstrap-executor-0 ] c.n.d.s.r.aws.ConfigClusterResolver - Resolving eureka endpoints via configuration
2022-03-04 12:12:44.653 INFO  4519177 --- [ AsyncResolver-bootstrap-executor-0 ] c.n.d.s.r.aws.ConfigClusterResolver - Resolving eureka endpoints via configuration
2022-03-04 12:17:44.659 INFO  4819183 --- [ AsyncResolver-bootstrap-executor-0 ] c.n.d.s.r.aws.ConfigClusterResolver - Resolving eureka endpoints via configuration
2022-03-04 12:22:44.662 INFO  5119186 --- [ AsyncResolver-bootstrap-executor-0 ] c.n.d.s.r.aws.ConfigClusterResolver - Resolving eureka endpoints via configuration
2022-03-04 12:27:44.673 INFO  5419197 --- [ AsyncResolver-bootstrap-executor-0 ] c.n.d.s.r.aws.ConfigClusterResolver - Resolving eureka endpoints via configuration
2022-03-04 12:32:44.675 INFO  5719199 --- [ AsyncResolver-bootstrap-executor-0 ] c.n.d.s.r.aws.ConfigClusterResolver - Resolving eureka endpoints via configuration
2022-03-04 12:37:44.690 INFO  6019214 --- [ AsyncResolver-bootstrap-executor-0 ] c.n.d.s.r.aws.ConfigClusterResolver - Resolving eureka endpoints via configuration
2022-03-04 12:42:44.700 INFO  6319224 --- [ AsyncResolver-bootstrap-executor-0 ] c.n.d.s.r.aws.ConfigClusterResolver - Resolving eureka endpoints via configuration
2022-03-04 12:47:44.712 INFO  6619236 --- [ AsyncResolver-bootstrap-executor-0 ] c.n.d.s.r.aws.ConfigClusterResolver - Resolving eureka endpoints via configuration
2022-03-04 12:52:44.722 INFO  6919246 --- [ AsyncResolver-bootstrap-executor-0 ] c.n.d.s.r.aws.ConfigClusterResolver - Resolving eureka endpoints via configuration
2022-03-04 12:57:44.733 INFO  7219257 --- [ AsyncResolver-bootstrap-executor-0 ] c.n.d.s.r.aws.ConfigClusterResolver - Resolving eureka endpoints via configuration
2022-03-04 13:02:44.744 INFO  7519268 --- [ AsyncResolver-bootstrap-executor-0 ] c.n.d.s.r.aws.ConfigClusterResolver - Resolving eureka endpoints via configuration
2022-03-04 13:07:44.748 INFO  7819272 --- [ AsyncResolver-bootstrap-executor-0 ] c.n.d.s.r.aws.ConfigClusterResolver - Resolving eureka endpoints via configuration
2022-03-04 13:12:44.754 INFO  8119278 --- [ AsyncResolver-bootstrap-executor-0 ] c.n.d.s.r.aws.ConfigClusterResolver - Resolving eureka endpoints via configuration
2022-03-04 13:17:44.769 INFO  8419293 --- [ AsyncResolver-bootstrap-executor-0 ] c.n.d.s.r.aws.ConfigClusterResolver - Resolving eureka endpoints via configuration
2022-03-04 13:22:44.772 INFO  8719296 --- [ AsyncResolver-bootstrap-executor-0 ] c.n.d.s.r.aws.ConfigClusterResolver - Resolving eureka endpoints via configuration
2022-03-04 13:27:44.788 INFO  9019312 --- [ AsyncResolver-bootstrap-executor-0 ] c.n.d.s.r.aws.ConfigClusterResolver - Resolving eureka endpoints via configuration
2022-03-04 13:32:44.798 INFO  9319322 --- [ AsyncResolver-bootstrap-executor-0 ] c.n.d.s.r.aws.ConfigClusterResolver - Resolving eureka endpoints via configuration
2022-03-04 13:37:44.814 INFO  9619338 --- [ AsyncResolver-bootstrap-executor-0 ] c.n.d.s.r.aws.ConfigClusterResolver - Resolving eureka endpoints via configuration
2022-03-04 13:42:44.826 INFO  9919350 --- [ AsyncResolver-bootstrap-executor-0 ] c.n.d.s.r.aws.ConfigClusterResolver - Resolving eureka endpoints via configuration
2022-03-04 13:47:44.841 INFO  10219365 --- [ AsyncResolver-bootstrap-executor-0 ] c.n.d.s.r.aws.ConfigClusterResolver - Resolving eureka endpoints via configuration
2022-03-04 13:52:44.848 INFO  10519372 --- [ AsyncResolver-bootstrap-executor-0 ] c.n.d.s.r.aws.ConfigClusterResolver - Resolving eureka endpoints via configuration
2022-03-04 13:57:44.855 INFO  10819379 --- [ AsyncResolver-bootstrap-executor-0 ] c.n.d.s.r.aws.ConfigClusterResolver - Resolving eureka endpoints via configuration
2022-03-04 14:02:44.863 INFO  11119387 --- [ AsyncResolver-bootstrap-executor-0 ] c.n.d.s.r.aws.ConfigClusterResolver - Resolving eureka endpoints via configuration
2022-03-04 14:07:44.873 INFO  11419397 --- [ AsyncResolver-bootstrap-executor-0 ] c.n.d.s.r.aws.ConfigClusterResolver - Resolving eureka endpoints via configuration
2022-03-04 14:12:44.874 INFO  11719398 --- [ AsyncResolver-bootstrap-executor-0 ] c.n.d.s.r.aws.ConfigClusterResolver - Resolving eureka endpoints via configuration
2022-03-04 14:17:44.875 INFO  12019399 --- [ AsyncResolver-bootstrap-executor-0 ] c.n.d.s.r.aws.ConfigClusterResolver - Resolving eureka endpoints via configuration
2022-03-04 14:22:44.877 INFO  12319401 --- [ AsyncResolver-bootstrap-executor-0 ] c.n.d.s.r.aws.ConfigClusterResolver - Resolving eureka endpoints via configuration
2022-03-04 14:27:44.890 INFO  12619414 --- [ AsyncResolver-bootstrap-executor-0 ] c.n.d.s.r.aws.ConfigClusterResolver - Resolving eureka endpoints via configuration
2022-03-04 14:32:44.905 INFO  12919429 --- [ AsyncResolver-bootstrap-executor-0 ] c.n.d.s.r.aws.ConfigClusterResolver - Resolving eureka endpoints via configuration
2022-03-04 14:34:22.580 INFO  13017104 --- [ http-nio-8002-exec-1 ] o.a.c.c.C.[Tomcat].[localhost].[/] - Initializing Spring DispatcherServlet 'dispatcherServlet'
2022-03-04 14:34:22.581 INFO  13017105 --- [ http-nio-8002-exec-1 ] o.s.web.servlet.DispatcherServlet - Initializing Servlet 'dispatcherServlet'
2022-03-04 14:34:22.583 INFO  13017107 --- [ http-nio-8002-exec-1 ] o.s.web.servlet.DispatcherServlet - Completed initialization in 2 ms
2022-03-04 14:37:44.906 INFO  13219430 --- [ AsyncResolver-bootstrap-executor-0 ] c.n.d.s.r.aws.ConfigClusterResolver - Resolving eureka endpoints via configuration
2022-03-04 14:42:44.910 INFO  13519434 --- [ AsyncResolver-bootstrap-executor-0 ] c.n.d.s.r.aws.ConfigClusterResolver - Resolving eureka endpoints via configuration
2022-03-04 14:45:34.853 INFO  13689377 --- [ RMI TCP Connection(230)-127.0.0.1 ] o.s.b.a.SpringApplicationAdminMXBeanRegistrar$SpringApplicationAdmin - Application shutdown requested.
2022-03-04 14:45:34.854 INFO  13689378 --- [ RMI TCP Connection(230)-127.0.0.1 ] o.s.c.n.e.s.EurekaServiceRegistry - Unregistering application SERVICEB with eureka with status DOWN
2022-03-04 14:45:34.854 INFO  13689378 --- [ RMI TCP Connection(230)-127.0.0.1 ] c.netflix.discovery.DiscoveryClient - Saw local status change event StatusChangeEvent [timestamp=1646372734854, current=DOWN, previous=UP]
2022-03-04 14:45:34.854 INFO  13689378 --- [ DiscoveryClient-InstanceInfoReplicator-0 ] c.netflix.discovery.DiscoveryClient - DiscoveryClient_SERVICEB/host.docker.internal:serviceB:8002: registering service...
2022-03-04 14:45:34.861 INFO  13689385 --- [ DiscoveryClient-InstanceInfoReplicator-0 ] c.n.d.s.t.d.RedirectingEurekaHttpClient - Request execution error. endpoint=DefaultEndpoint{ serviceUrl='http://localhost:8761/eureka/} exception=I/O error on POST request for "http://localhost:8761/eureka/apps/SERVICEB": Connect to localhost:8761 [localhost/127.0.0.1, localhost/0:0:0:0:0:0:0:1] failed: Connection refused: connect; nested exception is org.apache.http.conn.HttpHostConnectException: Connect to localhost:8761 [localhost/127.0.0.1, localhost/0:0:0:0:0:0:0:1] failed: Connection refused: connect stacktrace=org.springframework.web.client.ResourceAccessException: I/O error on POST request for "http://localhost:8761/eureka/apps/SERVICEB": Connect to localhost:8761 [localhost/127.0.0.1, localhost/0:0:0:0:0:0:0:1] failed: Connection refused: connect; nested exception is org.apache.http.conn.HttpHostConnectException: Connect to localhost:8761 [localhost/127.0.0.1, localhost/0:0:0:0:0:0:0:1] failed: Connection refused: connect
	at org.springframework.web.client.RestTemplate.doExecute(RestTemplate.java:785)
	at org.springframework.web.client.RestTemplate.execute(RestTemplate.java:711)
	at org.springframework.web.client.RestTemplate.exchange(RestTemplate.java:602)
	at org.springframework.cloud.netflix.eureka.http.RestTemplateEurekaHttpClient.register(RestTemplateEurekaHttpClient.java:77)
	at com.netflix.discovery.shared.transport.decorator.EurekaHttpClientDecorator$1.execute(EurekaHttpClientDecorator.java:59)
	at com.netflix.discovery.shared.transport.decorator.RedirectingEurekaHttpClient.execute(RedirectingEurekaHttpClient.java:91)
	at com.netflix.discovery.shared.transport.decorator.EurekaHttpClientDecorator.register(EurekaHttpClientDecorator.java:56)
	at com.netflix.discovery.shared.transport.decorator.EurekaHttpClientDecorator$1.execute(EurekaHttpClientDecorator.java:59)
	at com.netflix.discovery.shared.transport.decorator.RetryableEurekaHttpClient.execute(RetryableEurekaHttpClient.java:120)
	at com.netflix.discovery.shared.transport.decorator.EurekaHttpClientDecorator.register(EurekaHttpClientDecorator.java:56)
	at com.netflix.discovery.shared.transport.decorator.EurekaHttpClientDecorator$1.execute(EurekaHttpClientDecorator.java:59)
	at com.netflix.discovery.shared.transport.decorator.SessionedEurekaHttpClient.execute(SessionedEurekaHttpClient.java:77)
	at com.netflix.discovery.shared.transport.decorator.EurekaHttpClientDecorator.register(EurekaHttpClientDecorator.java:56)
	at com.netflix.discovery.DiscoveryClient.register(DiscoveryClient.java:876)
	at com.netflix.discovery.InstanceInfoReplicator.run(InstanceInfoReplicator.java:121)
	at com.netflix.discovery.InstanceInfoReplicator$1.run(InstanceInfoReplicator.java:101)
	at java.base/java.util.concurrent.Executors$RunnableAdapter.call(Executors.java:539)
	at java.base/java.util.concurrent.FutureTask.run(FutureTask.java:264)
	at java.base/java.util.concurrent.ScheduledThreadPoolExecutor$ScheduledFutureTask.run(ScheduledThreadPoolExecutor.java:304)
	at java.base/java.util.concurrent.ThreadPoolExecutor.runWorker(ThreadPoolExecutor.java:1136)
	at java.base/java.util.concurrent.ThreadPoolExecutor$Worker.run(ThreadPoolExecutor.java:635)
	at java.base/java.lang.Thread.run(Thread.java:833)
Caused by: org.apache.http.conn.HttpHostConnectException: Connect to localhost:8761 [localhost/127.0.0.1, localhost/0:0:0:0:0:0:0:1] failed: Connection refused: connect
	at org.apache.http.impl.conn.DefaultHttpClientConnectionOperator.connect(DefaultHttpClientConnectionOperator.java:156)
	at org.apache.http.impl.conn.PoolingHttpClientConnectionManager.connect(PoolingHttpClientConnectionManager.java:376)
	at org.apache.http.impl.execchain.MainClientExec.establishRoute(MainClientExec.java:393)
	at org.apache.http.impl.execchain.MainClientExec.execute(MainClientExec.java:236)
	at org.apache.http.impl.execchain.ProtocolExec.execute(ProtocolExec.java:186)
	at org.apache.http.impl.execchain.RetryExec.execute(RetryExec.java:89)
	at org.apache.http.impl.execchain.RedirectExec.execute(RedirectExec.java:110)
	at org.apache.http.impl.client.InternalHttpClient.doExecute(InternalHttpClient.java:185)
	at org.apache.http.impl.client.CloseableHttpClient.execute(CloseableHttpClient.java:83)
	at org.apache.http.impl.client.CloseableHttpClient.execute(CloseableHttpClient.java:56)
	at org.springframework.http.client.HttpComponentsClientHttpRequest.executeInternal(HttpComponentsClientHttpRequest.java:87)
	at org.springframework.http.client.AbstractBufferingClientHttpRequest.executeInternal(AbstractBufferingClientHttpRequest.java:48)
	at org.springframework.http.client.AbstractClientHttpRequest.execute(AbstractClientHttpRequest.java:66)
	at org.springframework.web.client.RestTemplate.doExecute(RestTemplate.java:776)
	... 21 more
Caused by: java.net.ConnectException: Connection refused: connect
	at java.base/sun.nio.ch.Net.connect0(Native Method)
	at java.base/sun.nio.ch.Net.connect(Net.java:579)
	at java.base/sun.nio.ch.Net.connect(Net.java:568)
	at java.base/sun.nio.ch.NioSocketImpl.connect(NioSocketImpl.java:588)
	at java.base/java.net.SocksSocketImpl.connect(SocksSocketImpl.java:327)
	at java.base/java.net.Socket.connect(Socket.java:633)
	at org.apache.http.conn.socket.PlainConnectionSocketFactory.connectSocket(PlainConnectionSocketFactory.java:75)
	at org.apache.http.impl.conn.DefaultHttpClientConnectionOperator.connect(DefaultHttpClientConnectionOperator.java:142)
	... 34 more

2022-03-04 14:45:34.862 WARN  13689386 --- [ DiscoveryClient-InstanceInfoReplicator-0 ] c.n.d.s.t.d.RetryableEurekaHttpClient - Request execution failed with message: I/O error on POST request for "http://localhost:8761/eureka/apps/SERVICEB": Connect to localhost:8761 [localhost/127.0.0.1, localhost/0:0:0:0:0:0:0:1] failed: Connection refused: connect; nested exception is org.apache.http.conn.HttpHostConnectException: Connect to localhost:8761 [localhost/127.0.0.1, localhost/0:0:0:0:0:0:0:1] failed: Connection refused: connect
2022-03-04 14:45:34.868 INFO  13689392 --- [ DiscoveryClient-InstanceInfoReplicator-0 ] c.n.d.s.t.d.RedirectingEurekaHttpClient - Request execution error. endpoint=DefaultEndpoint{ serviceUrl='http://localhost:8761/eureka/}, exception=I/O error on POST request for "http://localhost:8761/eureka/apps/SERVICEB": Connect to localhost:8761 [localhost/127.0.0.1, localhost/0:0:0:0:0:0:0:1] failed: Connection refused: connect; nested exception is org.apache.http.conn.HttpHostConnectException: Connect to localhost:8761 [localhost/127.0.0.1, localhost/0:0:0:0:0:0:0:1] failed: Connection refused: connect stacktrace=org.springframework.web.client.ResourceAccessException: I/O error on POST request for "http://localhost:8761/eureka/apps/SERVICEB": Connect to localhost:8761 [localhost/127.0.0.1, localhost/0:0:0:0:0:0:0:1] failed: Connection refused: connect; nested exception is org.apache.http.conn.HttpHostConnectException: Connect to localhost:8761 [localhost/127.0.0.1, localhost/0:0:0:0:0:0:0:1] failed: Connection refused: connect
	at org.springframework.web.client.RestTemplate.doExecute(RestTemplate.java:785)
	at org.springframework.web.client.RestTemplate.execute(RestTemplate.java:711)
	at org.springframework.web.client.RestTemplate.exchange(RestTemplate.java:602)
	at org.springframework.cloud.netflix.eureka.http.RestTemplateEurekaHttpClient.register(RestTemplateEurekaHttpClient.java:77)
	at com.netflix.discovery.shared.transport.decorator.EurekaHttpClientDecorator$1.execute(EurekaHttpClientDecorator.java:59)
	at com.netflix.discovery.shared.transport.decorator.RedirectingEurekaHttpClient.executeOnNewServer(RedirectingEurekaHttpClient.java:121)
	at com.netflix.discovery.shared.transport.decorator.RedirectingEurekaHttpClient.execute(RedirectingEurekaHttpClient.java:80)
	at com.netflix.discovery.shared.transport.decorator.EurekaHttpClientDecorator.register(EurekaHttpClientDecorator.java:56)
	at com.netflix.discovery.shared.transport.decorator.EurekaHttpClientDecorator$1.execute(EurekaHttpClientDecorator.java:59)
	at com.netflix.discovery.shared.transport.decorator.RetryableEurekaHttpClient.execute(RetryableEurekaHttpClient.java:120)
	at com.netflix.discovery.shared.transport.decorator.EurekaHttpClientDecorator.register(EurekaHttpClientDecorator.java:56)
	at com.netflix.discovery.shared.transport.decorator.EurekaHttpClientDecorator$1.execute(EurekaHttpClientDecorator.java:59)
	at com.netflix.discovery.shared.transport.decorator.SessionedEurekaHttpClient.execute(SessionedEurekaHttpClient.java:77)
	at com.netflix.discovery.shared.transport.decorator.EurekaHttpClientDecorator.register(EurekaHttpClientDecorator.java:56)
	at com.netflix.discovery.DiscoveryClient.register(DiscoveryClient.java:876)
	at com.netflix.discovery.InstanceInfoReplicator.run(InstanceInfoReplicator.java:121)
	at com.netflix.discovery.InstanceInfoReplicator$1.run(InstanceInfoReplicator.java:101)
	at java.base/java.util.concurrent.Executors$RunnableAdapter.call(Executors.java:539)
	at java.base/java.util.concurrent.FutureTask.run(FutureTask.java:264)
	at java.base/java.util.concurrent.ScheduledThreadPoolExecutor$ScheduledFutureTask.run(ScheduledThreadPoolExecutor.java:304)
	at java.base/java.util.concurrent.ThreadPoolExecutor.runWorker(ThreadPoolExecutor.java:1136)
	at java.base/java.util.concurrent.ThreadPoolExecutor$Worker.run(ThreadPoolExecutor.java:635)
	at java.base/java.lang.Thread.run(Thread.java:833)
Caused by: org.apache.http.conn.HttpHostConnectException: Connect to localhost:8761 [localhost/127.0.0.1, localhost/0:0:0:0:0:0:0:1] failed: Connection refused: connect
	at org.apache.http.impl.conn.DefaultHttpClientConnectionOperator.connect(DefaultHttpClientConnectionOperator.java:156)
	at org.apache.http.impl.conn.PoolingHttpClientConnectionManager.connect(PoolingHttpClientConnectionManager.java:376)
	at org.apache.http.impl.execchain.MainClientExec.establishRoute(MainClientExec.java:393)
	at org.apache.http.impl.execchain.MainClientExec.execute(MainClientExec.java:236)
	at org.apache.http.impl.execchain.ProtocolExec.execute(ProtocolExec.java:186)
	at org.apache.http.impl.execchain.RetryExec.execute(RetryExec.java:89)
	at org.apache.http.impl.execchain.RedirectExec.execute(RedirectExec.java:110)
	at org.apache.http.impl.client.InternalHttpClient.doExecute(InternalHttpClient.java:185)
	at org.apache.http.impl.client.CloseableHttpClient.execute(CloseableHttpClient.java:83)
	at org.apache.http.impl.client.CloseableHttpClient.execute(CloseableHttpClient.java:56)
	at org.springframework.http.client.HttpComponentsClientHttpRequest.executeInternal(HttpComponentsClientHttpRequest.java:87)
	at org.springframework.http.client.AbstractBufferingClientHttpRequest.executeInternal(AbstractBufferingClientHttpRequest.java:48)
	at org.springframework.http.client.AbstractClientHttpRequest.execute(AbstractClientHttpRequest.java:66)
	at org.springframework.web.client.RestTemplate.doExecute(RestTemplate.java:776)
	... 22 more
Caused by: java.net.ConnectException: Connection refused: connect
	at java.base/sun.nio.ch.Net.connect0(Native Method)
	at java.base/sun.nio.ch.Net.connect(Net.java:579)
	at java.base/sun.nio.ch.Net.connect(Net.java:568)
	at java.base/sun.nio.ch.NioSocketImpl.connect(NioSocketImpl.java:588)
	at java.base/java.net.SocksSocketImpl.connect(SocksSocketImpl.java:327)
	at java.base/java.net.Socket.connect(Socket.java:633)
	at org.apache.http.conn.socket.PlainConnectionSocketFactory.connectSocket(PlainConnectionSocketFactory.java:75)
	at org.apache.http.impl.conn.DefaultHttpClientConnectionOperator.connect(DefaultHttpClientConnectionOperator.java:142)
	... 35 more

2022-03-04 14:45:34.868 WARN  13689392 --- [ DiscoveryClient-InstanceInfoReplicator-0 ] c.n.d.s.t.d.RetryableEurekaHttpClient - Request execution failed with message: I/O error on POST request for "http://localhost:8761/eureka/apps/SERVICEB": Connect to localhost:8761 [localhost/127.0.0.1, localhost/0:0:0:0:0:0:0:1] failed: Connection refused: connect; nested exception is org.apache.http.conn.HttpHostConnectException: Connect to localhost:8761 [localhost/127.0.0.1, localhost/0:0:0:0:0:0:0:1] failed: Connection refused: connect
2022-03-04 14:45:34.870 WARN  13689394 --- [ DiscoveryClient-InstanceInfoReplicator-0 ] c.netflix.discovery.DiscoveryClient - DiscoveryClient_SERVICEB/host.docker.internal:serviceB:8002 - registration failed Cannot execute request on any known server
com.netflix.discovery.shared.transport.TransportException: Cannot execute request on any known server
	at com.netflix.discovery.shared.transport.decorator.RetryableEurekaHttpClient.execute(RetryableEurekaHttpClient.java:112)
	at com.netflix.discovery.shared.transport.decorator.EurekaHttpClientDecorator.register(EurekaHttpClientDecorator.java:56)
	at com.netflix.discovery.shared.transport.decorator.EurekaHttpClientDecorator$1.execute(EurekaHttpClientDecorator.java:59)
	at com.netflix.discovery.shared.transport.decorator.SessionedEurekaHttpClient.execute(SessionedEurekaHttpClient.java:77)
	at com.netflix.discovery.shared.transport.decorator.EurekaHttpClientDecorator.register(EurekaHttpClientDecorator.java:56)
	at com.netflix.discovery.DiscoveryClient.register(DiscoveryClient.java:876)
	at com.netflix.discovery.InstanceInfoReplicator.run(InstanceInfoReplicator.java:121)
	at com.netflix.discovery.InstanceInfoReplicator$1.run(InstanceInfoReplicator.java:101)
	at java.base/java.util.concurrent.Executors$RunnableAdapter.call(Executors.java:539)
	at java.base/java.util.concurrent.FutureTask.run(FutureTask.java:264)
	at java.base/java.util.concurrent.ScheduledThreadPoolExecutor$ScheduledFutureTask.run(ScheduledThreadPoolExecutor.java:304)
	at java.base/java.util.concurrent.ThreadPoolExecutor.runWorker(ThreadPoolExecutor.java:1136)
	at java.base/java.util.concurrent.ThreadPoolExecutor$Worker.run(ThreadPoolExecutor.java:635)
	at java.base/java.lang.Thread.run(Thread.java:833)
2022-03-04 14:45:34.870 WARN  13689394 --- [ DiscoveryClient-InstanceInfoReplicator-0 ] c.n.d.InstanceInfoReplicator - There was a problem with the instance info replicator
com.netflix.discovery.shared.transport.TransportException: Cannot execute request on any known server
	at com.netflix.discovery.shared.transport.decorator.RetryableEurekaHttpClient.execute(RetryableEurekaHttpClient.java:112)
	at com.netflix.discovery.shared.transport.decorator.EurekaHttpClientDecorator.register(EurekaHttpClientDecorator.java:56)
	at com.netflix.discovery.shared.transport.decorator.EurekaHttpClientDecorator$1.execute(EurekaHttpClientDecorator.java:59)
	at com.netflix.discovery.shared.transport.decorator.SessionedEurekaHttpClient.execute(SessionedEurekaHttpClient.java:77)
	at com.netflix.discovery.shared.transport.decorator.EurekaHttpClientDecorator.register(EurekaHttpClientDecorator.java:56)
	at com.netflix.discovery.DiscoveryClient.register(DiscoveryClient.java:876)
	at com.netflix.discovery.InstanceInfoReplicator.run(InstanceInfoReplicator.java:121)
	at com.netflix.discovery.InstanceInfoReplicator$1.run(InstanceInfoReplicator.java:101)
	at java.base/java.util.concurrent.Executors$RunnableAdapter.call(Executors.java:539)
	at java.base/java.util.concurrent.FutureTask.run(FutureTask.java:264)
	at java.base/java.util.concurrent.ScheduledThreadPoolExecutor$ScheduledFutureTask.run(ScheduledThreadPoolExecutor.java:304)
	at java.base/java.util.concurrent.ThreadPoolExecutor.runWorker(ThreadPoolExecutor.java:1136)
	at java.base/java.util.concurrent.ThreadPoolExecutor$Worker.run(ThreadPoolExecutor.java:635)
	at java.base/java.lang.Thread.run(Thread.java:833)
2022-03-04 14:45:34.893 INFO  13689417 --- [ RMI TCP Connection(230)-127.0.0.1 ] o.s.o.j.LocalContainerEntityManagerFactoryBean - Closing JPA EntityManagerFactory for persistence unit 'default'
2022-03-04 14:45:34.895 INFO  13689419 --- [ RMI TCP Connection(230)-127.0.0.1 ] com.zaxxer.hikari.HikariDataSource - HikariPool-1 - Shutdown initiated...
2022-03-04 14:45:34.897 INFO  13689421 --- [ RMI TCP Connection(230)-127.0.0.1 ] com.zaxxer.hikari.HikariDataSource - HikariPool-1 - Shutdown completed.
