2022-03-04 10:18:30.197 INFO  421  --- [ main ] o.s.b.t.c.SpringBootTestContextBootstrapper - Neither @ContextConfiguration nor @ContextHierarchy found for test class [com.theragenbio.config.ConfigApplicationTests], using SpringBootContextLoader
2022-03-04 10:18:30.211 INFO  435  --- [ main ] o.s.t.c.s.AbstractContextLoader - Could not detect default resource locations for test class [com.theragenbio.config.ConfigApplicationTests]: no resource found for suffixes {-context.xml, Context.groovy}.
2022-03-04 10:18:30.213 INFO  437  --- [ main ] o.s.t.c.s.AnnotationConfigContextLoaderUtils - Could not detect default configuration classes for test class [com.theragenbio.config.ConfigApplicationTests]: ConfigApplicationTests does not declare any static, non-private, non-final, nested classes annotated with @Configuration.
2022-03-04 10:18:30.460 INFO  684  --- [ main ] o.s.b.t.c.SpringBootTestContextBootstrapper - Found @SpringBootConfiguration com.theragenbio.config.ConfigApplication for test class com.theragenbio.config.ConfigApplicationTests
2022-03-04 10:18:30.710 INFO  934  --- [ main ] o.s.b.t.c.SpringBootTestContextBootstrapper - Loaded default TestExecutionListener class names from location [META-INF/spring.factories]: [org.springframework.boot.test.mock.mockito.MockitoTestExecutionListener, org.springframework.boot.test.mock.mockito.ResetMocksTestExecutionListener, org.springframework.boot.test.autoconfigure.restdocs.RestDocsTestExecutionListener, org.springframework.boot.test.autoconfigure.web.client.MockRestServiceServerResetTestExecutionListener, org.springframework.boot.test.autoconfigure.web.servlet.MockMvcPrintOnlyOnFailureTestExecutionListener, org.springframework.boot.test.autoconfigure.web.servlet.WebDriverTestExecutionListener, org.springframework.boot.test.autoconfigure.webservices.client.MockWebServiceServerTestExecutionListener, org.springframework.test.context.web.ServletTestExecutionListener, org.springframework.test.context.support.DirtiesContextBeforeModesTestExecutionListener, org.springframework.test.context.event.ApplicationEventsTestExecutionListener, org.springframework.test.context.support.DependencyInjectionTestExecutionListener, org.springframework.test.context.support.DirtiesContextTestExecutionListener, org.springframework.test.context.transaction.TransactionalTestExecutionListener, org.springframework.test.context.jdbc.SqlScriptsTestExecutionListener, org.springframework.test.context.event.EventPublishingTestExecutionListener]
2022-03-04 10:18:30.737 INFO  961  --- [ main ] o.s.b.t.c.SpringBootTestContextBootstrapper - Using TestExecutionListeners: [org.springframework.test.context.web.ServletTestExecutionListener@7c22d4f, org.springframework.test.context.support.DirtiesContextBeforeModesTestExecutionListener@5f59185e, org.springframework.test.context.event.ApplicationEventsTestExecutionListener@60bdf15d, org.springframework.boot.test.mock.mockito.MockitoTestExecutionListener@47da3952, org.springframework.boot.test.autoconfigure.SpringBootDependencyInjectionTestExecutionListener@51e4ccb3, org.springframework.test.context.support.DirtiesContextTestExecutionListener@46e8a539, org.springframework.test.context.event.EventPublishingTestExecutionListener@495083a0, org.springframework.boot.test.mock.mockito.ResetMocksTestExecutionListener@5fd62371, org.springframework.boot.test.autoconfigure.restdocs.RestDocsTestExecutionListener@28a0fd6c, org.springframework.boot.test.autoconfigure.web.client.MockRestServiceServerResetTestExecutionListener@2b62442c, org.springframework.boot.test.autoconfigure.web.servlet.MockMvcPrintOnlyOnFailureTestExecutionListener@66629f63, org.springframework.boot.test.autoconfigure.web.servlet.WebDriverTestExecutionListener@841e575, org.springframework.boot.test.autoconfigure.webservices.client.MockWebServiceServerTestExecutionListener@27a5328c]
2022-03-04 10:18:32.470 INFO  2694 --- [ main ] c.t.config.ConfigApplicationTests - Starting ConfigApplicationTests using Java 17.0.1 on LT-joonhyuckpark with PID 19388 (started by joonhyuck.park in C:\java\msa-workspace\config)
2022-03-04 10:18:32.472 INFO  2696 --- [ main ] c.t.config.ConfigApplicationTests - The following 1 profile is active: "native"
2022-03-04 10:18:32.480 INFO  2704 --- [ background-preinit ] o.h.validator.internal.util.Version - HV000001: Hibernate Validator 6.2.2.Final
2022-03-04 10:18:36.281 INFO  6505 --- [ main ] o.s.c.context.scope.GenericScope - BeanFactory id=66befd52-a0af-383e-bd0f-b1356aa72ff6
2022-03-04 10:18:48.574 INFO  18798 --- [ main ] o.s.b.a.e.web.EndpointLinksResolver - Exposing 2 endpoint(s) beneath base path '/actuator'
2022-03-04 10:18:48.793 INFO  19017 --- [ main ] c.t.config.ConfigApplicationTests - Started ConfigApplicationTests in 17.948 seconds (JVM running for 20.24)
2022-03-04 10:19:07.977 INFO  1598 --- [ background-preinit ] o.h.validator.internal.util.Version - HV000001: Hibernate Validator 6.2.2.Final
2022-03-04 10:19:08.007 INFO  1628 --- [ main ] c.t.config.ConfigApplication - Starting ConfigApplication using Java 17.0.1 on LT-joonhyuckpark with PID 18516 (C:\java\msa-workspace\config\target\classes started by joonhyuck.park in C:\java\msa-workspace\config)
2022-03-04 10:19:08.008 INFO  1629 --- [ main ] c.t.config.ConfigApplication - The following 1 profile is active: "native"
2022-03-04 10:19:09.574 INFO  3195 --- [ main ] o.s.c.context.scope.GenericScope - BeanFactory id=6b6878a5-3eff-3156-834a-f0103a2e1ee3
2022-03-04 10:19:10.261 INFO  3882 --- [ main ] o.s.b.w.e.tomcat.TomcatWebServer - Tomcat initialized with port(s): 8888 (http)
2022-03-04 10:19:10.272 INFO  3893 --- [ main ] o.a.coyote.http11.Http11NioProtocol - Initializing ProtocolHandler ["http-nio-8888"]
2022-03-04 10:19:10.273 INFO  3894 --- [ main ] o.a.catalina.core.StandardService - Starting service [Tomcat]
2022-03-04 10:19:10.273 INFO  3894 --- [ main ] o.a.catalina.core.StandardEngine - Starting Servlet engine: [Apache Tomcat/9.0.58]
2022-03-04 10:19:10.439 INFO  4060 --- [ main ] o.a.c.c.C.[Tomcat].[localhost].[/] - Initializing Spring embedded WebApplicationContext
2022-03-04 10:19:10.439 INFO  4060 --- [ main ] o.s.b.w.s.c.ServletWebServerApplicationContext - Root WebApplicationContext: initialization completed in 2377 ms
2022-03-04 10:19:13.566 INFO  7187 --- [ main ] o.s.b.a.e.web.EndpointLinksResolver - Exposing 2 endpoint(s) beneath base path '/actuator'
2022-03-04 10:19:13.633 INFO  7254 --- [ main ] o.a.coyote.http11.Http11NioProtocol - Starting ProtocolHandler ["http-nio-8888"]
2022-03-04 10:19:13.679 INFO  7300 --- [ main ] o.s.b.w.e.tomcat.TomcatWebServer - Tomcat started on port(s): 8888 (http) with context path ''
2022-03-04 10:19:14.420 INFO  8041 --- [ main ] c.t.config.ConfigApplication - Started ConfigApplication in 7.696 seconds (JVM running for 8.944)
2022-03-04 10:19:14.761 INFO  8382 --- [ RMI TCP Connection(5)-127.0.0.1 ] o.a.c.c.C.[Tomcat].[localhost].[/] - Initializing Spring DispatcherServlet 'dispatcherServlet'
2022-03-04 10:19:14.761 INFO  8382 --- [ RMI TCP Connection(5)-127.0.0.1 ] o.s.web.servlet.DispatcherServlet - Initializing Servlet 'dispatcherServlet'
2022-03-04 10:19:14.763 INFO  8384 --- [ RMI TCP Connection(5)-127.0.0.1 ] o.s.web.servlet.DispatcherServlet - Completed initialization in 2 ms
2022-03-04 10:20:21.325 INFO  74946 --- [ http-nio-8888-exec-1 ] o.s.c.c.s.e.NativeEnvironmentRepository - Adding property source: Config resource 'class path resource [config/auth-prod.properties]' via location 'classpath:/config/'
2022-03-04 10:20:55.024 INFO  108645 --- [ http-nio-8888-exec-3 ] o.s.c.c.s.e.NativeEnvironmentRepository - Adding property source: Config resource 'class path resource [config/auth-prod.properties]' via location 'classpath:/config/'
2022-03-04 10:21:52.414 INFO  166035 --- [ http-nio-8888-exec-4 ] o.s.c.c.s.e.NativeEnvironmentRepository - Adding property source: Config resource 'class path resource [config/discovery-prod.properties]' via location 'classpath:/config/'
2022-03-04 10:22:32.341 INFO  205962 --- [ http-nio-8888-exec-7 ] o.s.c.c.s.e.NativeEnvironmentRepository - Adding property source: Config resource 'class path resource [config/discovery-prod.properties]' via location 'classpath:/config/'
2022-03-04 10:23:13.360 INFO  246981 --- [ http-nio-8888-exec-8 ] o.s.c.c.s.e.NativeEnvironmentRepository - Adding property source: Config resource 'class path resource [config/gateway-prod.yml]' via location 'classpath:/config/'
2022-03-04 10:23:56.077 INFO  289698 --- [ http-nio-8888-exec-1 ] o.s.c.c.s.e.NativeEnvironmentRepository - Adding property source: Config resource 'class path resource [config/gateway-prod.yml]' via location 'classpath:/config/'
2022-03-04 10:43:55.774 INFO  1489395 --- [ http-nio-8888-exec-3 ] o.s.c.c.s.e.NativeEnvironmentRepository - Adding property source: Config resource 'class path resource [config/api-prod.properties]' via location 'classpath:/config/'
2022-03-04 10:44:35.419 INFO  1529040 --- [ http-nio-8888-exec-5 ] o.s.c.c.s.e.NativeEnvironmentRepository - Adding property source: Config resource 'class path resource [config/api-prod.properties]' via location 'classpath:/config/'
2022-03-04 10:44:56.586 INFO  1550207 --- [ http-nio-8888-exec-6 ] o.s.c.c.s.e.NativeEnvironmentRepository - Adding property source: Config resource 'class path resource [config/api-prod.properties]' via location 'classpath:/config/'
2022-03-04 10:45:51.672 INFO  1605293 --- [ http-nio-8888-exec-9 ] o.s.c.c.s.e.NativeEnvironmentRepository - Adding property source: Config resource 'class path resource [config/api-prod.properties]' via location 'classpath:/config/'
2022-03-04 10:54:00.291 INFO  2093912 --- [ RMI TCP Connection(42)-127.0.0.1 ] o.s.b.a.SpringApplicationAdminMXBeanRegistrar$SpringApplicationAdmin - Application shutdown requested.
2022-03-04 10:54:09.563 INFO  1710 --- [ background-preinit ] o.h.validator.internal.util.Version - HV000001: Hibernate Validator 6.2.2.Final
2022-03-04 10:54:09.586 INFO  1733 --- [ main ] c.t.config.ConfigApplication - Starting ConfigApplication using Java 17.0.1 on LT-joonhyuckpark with PID 15380 (C:\java\msa-workspace\config\target\classes started by joonhyuck.park in C:\java\msa-workspace\config)
2022-03-04 10:54:09.587 INFO  1734 --- [ main ] c.t.config.ConfigApplication - The following 1 profile is active: "native"
2022-03-04 10:54:11.216 INFO  3363 --- [ main ] o.s.c.context.scope.GenericScope - BeanFactory id=6b6878a5-3eff-3156-834a-f0103a2e1ee3
2022-03-04 10:54:11.962 INFO  4109 --- [ main ] o.s.b.w.e.tomcat.TomcatWebServer - Tomcat initialized with port(s): 8888 (http)
2022-03-04 10:54:11.974 INFO  4121 --- [ main ] o.a.coyote.http11.Http11NioProtocol - Initializing ProtocolHandler ["http-nio-8888"]
2022-03-04 10:54:11.974 INFO  4121 --- [ main ] o.a.catalina.core.StandardService - Starting service [Tomcat]
2022-03-04 10:54:11.974 INFO  4121 --- [ main ] o.a.catalina.core.StandardEngine - Starting Servlet engine: [Apache Tomcat/9.0.58]
2022-03-04 10:54:12.137 INFO  4284 --- [ main ] o.a.c.c.C.[Tomcat].[localhost].[/] - Initializing Spring embedded WebApplicationContext
2022-03-04 10:54:12.137 INFO  4284 --- [ main ] o.s.b.w.s.c.ServletWebServerApplicationContext - Root WebApplicationContext: initialization completed in 2496 ms
2022-03-04 10:54:15.505 INFO  7652 --- [ main ] o.s.b.a.e.web.EndpointLinksResolver - Exposing 2 endpoint(s) beneath base path '/actuator'
2022-03-04 10:54:15.571 INFO  7718 --- [ main ] o.a.coyote.http11.Http11NioProtocol - Starting ProtocolHandler ["http-nio-8888"]
2022-03-04 10:54:15.626 INFO  7773 --- [ main ] o.s.b.w.e.tomcat.TomcatWebServer - Tomcat started on port(s): 8888 (http) with context path ''
2022-03-04 10:54:16.123 INFO  8270 --- [ RMI TCP Connection(1)-127.0.0.1 ] o.a.c.c.C.[Tomcat].[localhost].[/] - Initializing Spring DispatcherServlet 'dispatcherServlet'
2022-03-04 10:54:16.124 INFO  8271 --- [ RMI TCP Connection(1)-127.0.0.1 ] o.s.web.servlet.DispatcherServlet - Initializing Servlet 'dispatcherServlet'
2022-03-04 10:54:16.125 INFO  8272 --- [ RMI TCP Connection(1)-127.0.0.1 ] o.s.web.servlet.DispatcherServlet - Completed initialization in 1 ms
2022-03-04 10:54:16.270 INFO  8417 --- [ main ] c.t.config.ConfigApplication - Started ConfigApplication in 8.086 seconds (JVM running for 9.173)
2022-03-04 10:54:25.799 INFO  17946 --- [ http-nio-8888-exec-1 ] o.s.c.c.s.e.NativeEnvironmentRepository - Adding property source: Config resource 'class path resource [config/auth-prod.properties]' via location 'classpath:/config/'
2022-03-04 10:54:38.416 INFO  30563 --- [ http-nio-8888-exec-2 ] o.s.c.c.s.e.NativeEnvironmentRepository - Adding property source: Config resource 'class path resource [config/discovery-prod.properties]' via location 'classpath:/config/'
2022-03-04 10:54:55.989 INFO  48136 --- [ http-nio-8888-exec-3 ] o.s.c.c.s.e.NativeEnvironmentRepository - Adding property source: Config resource 'class path resource [config/gateway-prod.yml]' via location 'classpath:/config/'
2022-03-04 10:55:20.039 INFO  72186 --- [ http-nio-8888-exec-4 ] o.s.c.c.s.e.NativeEnvironmentRepository - Adding property source: Config resource 'class path resource [config/api-prod.properties]' via location 'classpath:/config/'
2022-03-04 10:55:27.003 INFO  79150 --- [ http-nio-8888-exec-6 ] o.s.c.c.s.e.NativeEnvironmentRepository - Adding property source: Config resource 'class path resource [config/api-prod.properties]' via location 'classpath:/config/'
2022-03-04 14:41:55.725 INFO  13667872 --- [ http-nio-8888-exec-1 ] o.s.c.c.s.e.NativeEnvironmentRepository - Adding property source: Config resource 'class path resource [config/auth-prod.properties]' via location 'classpath:/config/'
2022-03-04 14:42:22.439 INFO  13694586 --- [ http-nio-8888-exec-3 ] o.s.c.c.s.e.NativeEnvironmentRepository - Adding property source: Config resource 'class path resource [config/auth-prod.properties]' via location 'classpath:/config/'
