2022-03-04 10:46:12.835 INFO  282  --- [ main ] o.s.b.t.c.SpringBootTestContextBootstrapper - Neither @ContextConfiguration nor @ContextHierarchy found for test class [com.theragenbio.serviceA.ServiceAApplicationTests], using SpringBootContextLoader
2022-03-04 10:46:12.845 INFO  292  --- [ main ] o.s.t.c.s.AbstractContextLoader - Could not detect default resource locations for test class [com.theragenbio.serviceA.ServiceAApplicationTests]: no resource found for suffixes {-context.xml, Context.groovy}.
2022-03-04 10:46:12.846 INFO  293  --- [ main ] o.s.t.c.s.AnnotationConfigContextLoaderUtils - Could not detect default configuration classes for test class [com.theragenbio.serviceA.ServiceAApplicationTests]: ServiceAApplicationTests does not declare any static, non-private, non-final, nested classes annotated with @Configuration.
2022-03-04 10:46:13.058 INFO  505  --- [ main ] o.s.b.t.c.SpringBootTestContextBootstrapper - Found @SpringBootConfiguration com.theragenbio.serviceA.ServiceAApplication for test class com.theragenbio.serviceA.ServiceAApplicationTests
2022-03-04 10:46:13.277 INFO  724  --- [ main ] o.s.b.t.c.SpringBootTestContextBootstrapper - Loaded default TestExecutionListener class names from location [META-INF/spring.factories]: [org.springframework.boot.test.mock.mockito.MockitoTestExecutionListener, org.springframework.boot.test.mock.mockito.ResetMocksTestExecutionListener, org.springframework.boot.test.autoconfigure.restdocs.RestDocsTestExecutionListener, org.springframework.boot.test.autoconfigure.web.client.MockRestServiceServerResetTestExecutionListener, org.springframework.boot.test.autoconfigure.web.servlet.MockMvcPrintOnlyOnFailureTestExecutionListener, org.springframework.boot.test.autoconfigure.web.servlet.WebDriverTestExecutionListener, org.springframework.boot.test.autoconfigure.webservices.client.MockWebServiceServerTestExecutionListener, org.springframework.test.context.web.ServletTestExecutionListener, org.springframework.test.context.support.DirtiesContextBeforeModesTestExecutionListener, org.springframework.test.context.event.ApplicationEventsTestExecutionListener, org.springframework.test.context.support.DependencyInjectionTestExecutionListener, org.springframework.test.context.support.DirtiesContextTestExecutionListener, org.springframework.test.context.transaction.TransactionalTestExecutionListener, org.springframework.test.context.jdbc.SqlScriptsTestExecutionListener, org.springframework.test.context.event.EventPublishingTestExecutionListener]
2022-03-04 10:46:13.309 INFO  756  --- [ main ] o.s.b.t.c.SpringBootTestContextBootstrapper - Using TestExecutionListeners: [org.springframework.test.context.web.ServletTestExecutionListener@1ac85b0c, org.springframework.test.context.support.DirtiesContextBeforeModesTestExecutionListener@3dd69f5a, org.springframework.test.context.event.ApplicationEventsTestExecutionListener@3aa3193a, org.springframework.boot.test.mock.mockito.MockitoTestExecutionListener@1ee4730, org.springframework.boot.test.autoconfigure.SpringBootDependencyInjectionTestExecutionListener@59a67c3a, org.springframework.test.context.support.DirtiesContextTestExecutionListener@5003041b, org.springframework.test.context.transaction.TransactionalTestExecutionListener@724bade8, org.springframework.test.context.jdbc.SqlScriptsTestExecutionListener@16fb356, org.springframework.test.context.event.EventPublishingTestExecutionListener@6bc248ed, org.springframework.boot.test.mock.mockito.ResetMocksTestExecutionListener@23a9ba52, org.springframework.boot.test.autoconfigure.restdocs.RestDocsTestExecutionListener@ca27722, org.springframework.boot.test.autoconfigure.web.client.MockRestServiceServerResetTestExecutionListener@70ab80e3, org.springframework.boot.test.autoconfigure.web.servlet.MockMvcPrintOnlyOnFailureTestExecutionListener@9573b3b, org.springframework.boot.test.autoconfigure.web.servlet.WebDriverTestExecutionListener@67427b69, org.springframework.boot.test.autoconfigure.webservices.client.MockWebServiceServerTestExecutionListener@78461bc4]
2022-03-04 10:46:14.553 INFO  2000 --- [ main ] c.t.s.ServiceAApplicationTests - Starting ServiceAApplicationTests using Java 17.0.1 on LT-joonhyuckpark with PID 10764 (started by joonhyuck.park in C:\java\msa-workspace\serviceA)
2022-03-04 10:46:14.555 INFO  2002 --- [ main ] c.t.s.ServiceAApplicationTests - No active profile set, falling back to 1 default profile: "default"
2022-03-04 10:46:16.146 INFO  3593 --- [ main ] o.s.d.r.c.RepositoryConfigurationDelegate - Bootstrapping Spring Data JPA repositories in DEFAULT mode.
2022-03-04 10:46:16.509 INFO  3956 --- [ main ] o.s.d.r.c.RepositoryConfigurationDelegate - Finished Spring Data repository scanning in 346 ms. Found 1 JPA repository interfaces.
2022-03-04 10:46:17.290 INFO  4737 --- [ main ] o.s.c.context.scope.GenericScope - BeanFactory id=02b81b92-160e-3480-81e0-59395b3d8750
2022-03-04 10:46:18.576 INFO  6023 --- [ main ] o.h.jpa.internal.util.LogHelper - HHH000204: Processing PersistenceUnitInfo [name: default]
2022-03-04 10:46:18.731 INFO  6178 --- [ main ] org.hibernate.Version - HHH000412: Hibernate ORM core version 5.4.33
2022-03-04 10:46:19.050 INFO  6497 --- [ main ] o.h.annotations.common.Version - HCANN000001: Hibernate Commons Annotations {5.1.2.Final}
2022-03-04 10:46:19.597 INFO  7044 --- [ main ] com.zaxxer.hikari.HikariDataSource - HikariPool-1 - Starting...
2022-03-04 10:46:19.921 INFO  7368 --- [ main ] com.zaxxer.hikari.HikariDataSource - HikariPool-1 - Start completed.
2022-03-04 10:46:19.991 INFO  7438 --- [ main ] org.hibernate.dialect.Dialect - HHH000400: Using dialect: org.hibernate.dialect.MySQL55Dialect
2022-03-04 10:46:21.176 INFO  8623 --- [ main ] o.h.e.t.j.p.i.JtaPlatformInitiator - HHH000490: Using JtaPlatform implementation: [org.hibernate.engine.transaction.jta.platform.internal.NoJtaPlatform]
2022-03-04 10:46:21.188 INFO  8635 --- [ main ] o.s.o.j.LocalContainerEntityManagerFactoryBean - Initialized JPA EntityManagerFactory for persistence unit 'default'
2022-03-04 10:46:22.741 WARN  10188 --- [ main ] o.s.b.a.o.j.JpaBaseConfiguration$JpaWebConfiguration - spring.jpa.open-in-view is enabled by default. Therefore, database queries may be performed during view rendering. Explicitly configure spring.jpa.open-in-view to disable this warning
2022-03-04 10:46:25.971 INFO  13418 --- [ main ] o.s.c.n.e.c.DiscoveryClientOptionalArgsConfiguration - Eureka HTTP Client uses RestTemplate.
2022-03-04 10:46:28.863 WARN  16310 --- [ main ] o.s.c.l.c.LoadBalancerCacheAutoConfiguration$LoadBalancerCaffeineWarnLogger - Spring Cloud LoadBalancer is currently working with the default cache. While this cache implementation is useful for development and tests, it's recommended to use Caffeine cache in production.You can switch to using Caffeine cache, by adding it and org.springframework.cache.caffeine.CaffeineCacheManager to the classpath.
2022-03-04 10:46:29.166 INFO  16613 --- [ main ] o.s.c.n.eureka.InstanceInfoFactory - Setting initial instance status as: STARTING
2022-03-04 10:46:29.384 INFO  16831 --- [ main ] c.netflix.discovery.DiscoveryClient - Initializing Eureka in region us-east-1
2022-03-04 10:46:29.397 INFO  16844 --- [ main ] c.n.d.s.r.aws.ConfigClusterResolver - Resolving eureka endpoints via configuration
2022-03-04 10:46:29.457 INFO  16904 --- [ main ] c.netflix.discovery.DiscoveryClient - Disable delta property : false
2022-03-04 10:46:29.457 INFO  16904 --- [ main ] c.netflix.discovery.DiscoveryClient - Single vip registry refresh property : null
2022-03-04 10:46:29.457 INFO  16904 --- [ main ] c.netflix.discovery.DiscoveryClient - Force full registry fetch : false
2022-03-04 10:46:29.457 INFO  16904 --- [ main ] c.netflix.discovery.DiscoveryClient - Application is null : false
2022-03-04 10:46:29.458 INFO  16905 --- [ main ] c.netflix.discovery.DiscoveryClient - Registered Applications size is zero : true
2022-03-04 10:46:29.458 INFO  16905 --- [ main ] c.netflix.discovery.DiscoveryClient - Application version is -1: true
2022-03-04 10:46:29.458 INFO  16905 --- [ main ] c.netflix.discovery.DiscoveryClient - Getting all instance registry info from the eureka server
2022-03-04 10:46:30.175 INFO  17622 --- [ main ] c.netflix.discovery.DiscoveryClient - The response status is 200
2022-03-04 10:46:30.182 INFO  17629 --- [ main ] c.netflix.discovery.DiscoveryClient - Starting heartbeat executor: renew interval is: 30
2022-03-04 10:46:30.189 INFO  17636 --- [ main ] c.n.d.InstanceInfoReplicator - InstanceInfoReplicator onDemand update allowed rate per min is 4
2022-03-04 10:46:30.199 INFO  17646 --- [ main ] c.netflix.discovery.DiscoveryClient - Discovery Client initialized at timestamp 1646358390197 with initial instances count: 3
2022-03-04 10:46:30.216 INFO  17663 --- [ main ] o.s.c.n.e.s.EurekaServiceRegistry - Registering application SERVICEA with eureka with status UP
2022-03-04 10:46:30.219 INFO  17666 --- [ main ] c.netflix.discovery.DiscoveryClient - Saw local status change event StatusChangeEvent [timestamp=1646358390219, current=UP, previous=STARTING]
2022-03-04 10:46:30.224 INFO  17671 --- [ DiscoveryClient-InstanceInfoReplicator-0 ] c.netflix.discovery.DiscoveryClient - DiscoveryClient_SERVICEA/host.docker.internal:serviceA:8001: registering service...
2022-03-04 10:46:30.272 INFO  17719 --- [ main ] c.t.s.ServiceAApplicationTests - Started ServiceAApplicationTests in 16.87 seconds (JVM running for 18.747)
2022-03-04 10:46:30.316 INFO  17763 --- [ DiscoveryClient-InstanceInfoReplicator-0 ] c.netflix.discovery.DiscoveryClient - DiscoveryClient_SERVICEA/host.docker.internal:serviceA:8001 - registration status: 204
2022-03-04 10:46:30.834 INFO  18281 --- [ SpringApplicationShutdownHook ] o.s.c.n.e.s.EurekaServiceRegistry - Unregistering application SERVICEA with eureka with status DOWN
2022-03-04 10:46:30.835 INFO  18282 --- [ SpringApplicationShutdownHook ] c.netflix.discovery.DiscoveryClient - Saw local status change event StatusChangeEvent [timestamp=1646358390835, current=DOWN, previous=UP]
2022-03-04 10:46:30.836 INFO  18283 --- [ DiscoveryClient-InstanceInfoReplicator-0 ] c.netflix.discovery.DiscoveryClient - DiscoveryClient_SERVICEA/host.docker.internal:serviceA:8001: registering service...
2022-03-04 10:46:30.847 INFO  18294 --- [ DiscoveryClient-InstanceInfoReplicator-0 ] c.netflix.discovery.DiscoveryClient - DiscoveryClient_SERVICEA/host.docker.internal:serviceA:8001 - registration status: 204
2022-03-04 10:46:31.860 INFO  19307 --- [ SpringApplicationShutdownHook ] o.s.o.j.LocalContainerEntityManagerFactoryBean - Closing JPA EntityManagerFactory for persistence unit 'default'
2022-03-04 10:46:31.862 INFO  19309 --- [ SpringApplicationShutdownHook ] com.zaxxer.hikari.HikariDataSource - HikariPool-1 - Shutdown initiated...
2022-03-04 10:46:31.868 INFO  19315 --- [ SpringApplicationShutdownHook ] com.zaxxer.hikari.HikariDataSource - HikariPool-1 - Shutdown completed.
2022-03-04 10:46:31.869 INFO  19316 --- [ SpringApplicationShutdownHook ] c.netflix.discovery.DiscoveryClient - Shutting down DiscoveryClient ...
2022-03-04 10:46:34.878 INFO  22325 --- [ SpringApplicationShutdownHook ] c.netflix.discovery.DiscoveryClient - Unregistering ...
2022-03-04 10:46:34.882 INFO  22329 --- [ SpringApplicationShutdownHook ] c.netflix.discovery.DiscoveryClient - DiscoveryClient_SERVICEA/host.docker.internal:serviceA:8001 - deregister  status: 200
2022-03-04 10:46:34.886 INFO  22333 --- [ SpringApplicationShutdownHook ] c.netflix.discovery.DiscoveryClient - Completed shut down of DiscoveryClient
2022-03-04 10:46:47.104 INFO  1470 --- [ main ] c.t.serviceA.ServiceAApplication - Starting ServiceAApplication using Java 17.0.1 on LT-joonhyuckpark with PID 8584 (C:\java\msa-workspace\serviceA\target\classes started by joonhyuck.park in C:\java\msa-workspace\serviceA)
2022-03-04 10:46:47.108 INFO  1474 --- [ main ] c.t.serviceA.ServiceAApplication - No active profile set, falling back to 1 default profile: "default"
2022-03-04 10:46:48.067 INFO  2433 --- [ main ] o.s.d.r.c.RepositoryConfigurationDelegate - Bootstrapping Spring Data JPA repositories in DEFAULT mode.
2022-03-04 10:46:48.274 INFO  2640 --- [ main ] o.s.d.r.c.RepositoryConfigurationDelegate - Finished Spring Data repository scanning in 193 ms. Found 1 JPA repository interfaces.
2022-03-04 10:46:48.668 INFO  3034 --- [ main ] o.s.c.context.scope.GenericScope - BeanFactory id=85cfe605-2871-3194-a22a-09b14194f4af
2022-03-04 10:46:49.438 INFO  3804 --- [ main ] o.s.b.w.e.tomcat.TomcatWebServer - Tomcat initialized with port(s): 8001 (http)
2022-03-04 10:46:49.451 INFO  3817 --- [ main ] o.a.coyote.http11.Http11NioProtocol - Initializing ProtocolHandler ["http-nio-8001"]
2022-03-04 10:46:49.452 INFO  3818 --- [ main ] o.a.catalina.core.StandardService - Starting service [Tomcat]
2022-03-04 10:46:49.452 INFO  3818 --- [ main ] o.a.catalina.core.StandardEngine - Starting Servlet engine: [Apache Tomcat/9.0.58]
2022-03-04 10:46:49.668 INFO  4034 --- [ main ] o.a.c.c.C.[Tomcat].[localhost].[/] - Initializing Spring embedded WebApplicationContext
2022-03-04 10:46:49.669 INFO  4035 --- [ main ] o.s.b.w.s.c.ServletWebServerApplicationContext - Root WebApplicationContext: initialization completed in 2507 ms
2022-03-04 10:46:50.340 INFO  4706 --- [ main ] o.h.jpa.internal.util.LogHelper - HHH000204: Processing PersistenceUnitInfo [name: default]
2022-03-04 10:46:50.398 INFO  4764 --- [ main ] org.hibernate.Version - HHH000412: Hibernate ORM core version 5.4.33
2022-03-04 10:46:50.569 INFO  4935 --- [ main ] o.h.annotations.common.Version - HCANN000001: Hibernate Commons Annotations {5.1.2.Final}
2022-03-04 10:46:50.715 INFO  5081 --- [ main ] com.zaxxer.hikari.HikariDataSource - HikariPool-1 - Starting...
2022-03-04 10:46:50.909 INFO  5275 --- [ main ] com.zaxxer.hikari.HikariDataSource - HikariPool-1 - Start completed.
2022-03-04 10:46:50.947 INFO  5313 --- [ main ] org.hibernate.dialect.Dialect - HHH000400: Using dialect: org.hibernate.dialect.MySQL55Dialect
2022-03-04 10:46:51.670 INFO  6036 --- [ main ] o.h.e.t.j.p.i.JtaPlatformInitiator - HHH000490: Using JtaPlatform implementation: [org.hibernate.engine.transaction.jta.platform.internal.NoJtaPlatform]
2022-03-04 10:46:51.681 INFO  6047 --- [ main ] o.s.o.j.LocalContainerEntityManagerFactoryBean - Initialized JPA EntityManagerFactory for persistence unit 'default'
2022-03-04 10:46:52.229 WARN  6595 --- [ main ] o.s.b.a.o.j.JpaBaseConfiguration$JpaWebConfiguration - spring.jpa.open-in-view is enabled by default. Therefore, database queries may be performed during view rendering. Explicitly configure spring.jpa.open-in-view to disable this warning
2022-03-04 10:46:53.745 INFO  8111 --- [ main ] o.s.c.n.e.c.DiscoveryClientOptionalArgsConfiguration - Eureka HTTP Client uses RestTemplate.
2022-03-04 10:46:55.332 WARN  9698 --- [ main ] o.s.c.l.c.LoadBalancerCacheAutoConfiguration$LoadBalancerCaffeineWarnLogger - Spring Cloud LoadBalancer is currently working with the default cache. While this cache implementation is useful for development and tests, it's recommended to use Caffeine cache in production.You can switch to using Caffeine cache, by adding it and org.springframework.cache.caffeine.CaffeineCacheManager to the classpath.
2022-03-04 10:46:55.477 INFO  9843 --- [ main ] o.s.c.n.eureka.InstanceInfoFactory - Setting initial instance status as: STARTING
2022-03-04 10:46:55.542 INFO  9908 --- [ main ] c.netflix.discovery.DiscoveryClient - Initializing Eureka in region us-east-1
2022-03-04 10:46:55.548 INFO  9914 --- [ main ] c.n.d.s.r.aws.ConfigClusterResolver - Resolving eureka endpoints via configuration
2022-03-04 10:46:55.583 INFO  9949 --- [ main ] c.netflix.discovery.DiscoveryClient - Disable delta property : false
2022-03-04 10:46:55.583 INFO  9949 --- [ main ] c.netflix.discovery.DiscoveryClient - Single vip registry refresh property : null
2022-03-04 10:46:55.583 INFO  9949 --- [ main ] c.netflix.discovery.DiscoveryClient - Force full registry fetch : false
2022-03-04 10:46:55.583 INFO  9949 --- [ main ] c.netflix.discovery.DiscoveryClient - Application is null : false
2022-03-04 10:46:55.583 INFO  9949 --- [ main ] c.netflix.discovery.DiscoveryClient - Registered Applications size is zero : true
2022-03-04 10:46:55.583 INFO  9949 --- [ main ] c.netflix.discovery.DiscoveryClient - Application version is -1: true
2022-03-04 10:46:55.583 INFO  9949 --- [ main ] c.netflix.discovery.DiscoveryClient - Getting all instance registry info from the eureka server
2022-03-04 10:46:56.011 INFO  10377 --- [ main ] c.netflix.discovery.DiscoveryClient - The response status is 200
2022-03-04 10:46:56.022 INFO  10388 --- [ main ] c.netflix.discovery.DiscoveryClient - Starting heartbeat executor: renew interval is: 30
2022-03-04 10:46:56.033 INFO  10399 --- [ main ] c.n.d.InstanceInfoReplicator - InstanceInfoReplicator onDemand update allowed rate per min is 4
2022-03-04 10:46:56.059 INFO  10425 --- [ main ] c.netflix.discovery.DiscoveryClient - Discovery Client initialized at timestamp 1646358416058 with initial instances count: 3
2022-03-04 10:46:56.071 INFO  10437 --- [ main ] o.s.c.n.e.s.EurekaServiceRegistry - Registering application SERVICEA with eureka with status UP
2022-03-04 10:46:56.072 INFO  10438 --- [ main ] c.netflix.discovery.DiscoveryClient - Saw local status change event StatusChangeEvent [timestamp=1646358416072, current=UP, previous=STARTING]
2022-03-04 10:46:56.075 INFO  10441 --- [ DiscoveryClient-InstanceInfoReplicator-0 ] c.netflix.discovery.DiscoveryClient - DiscoveryClient_SERVICEA/host.docker.internal:serviceA:8001: registering service...
2022-03-04 10:46:56.076 INFO  10442 --- [ main ] o.a.coyote.http11.Http11NioProtocol - Starting ProtocolHandler ["http-nio-8001"]
2022-03-04 10:46:56.129 INFO  10495 --- [ main ] o.s.b.w.e.tomcat.TomcatWebServer - Tomcat started on port(s): 8001 (http) with context path ''
2022-03-04 10:46:56.129 INFO  10495 --- [ DiscoveryClient-InstanceInfoReplicator-0 ] c.netflix.discovery.DiscoveryClient - DiscoveryClient_SERVICEA/host.docker.internal:serviceA:8001 - registration status: 204
2022-03-04 10:46:56.130 INFO  10496 --- [ main ] o.s.c.n.e.s.EurekaAutoServiceRegistration - Updating port to 8001
2022-03-04 10:46:56.893 INFO  11259 --- [ main ] c.t.serviceA.ServiceAApplication - Started ServiceAApplication in 10.925 seconds (JVM running for 12.139)
2022-03-04 10:51:55.592 INFO  309958 --- [ AsyncResolver-bootstrap-executor-0 ] c.n.d.s.r.aws.ConfigClusterResolver - Resolving eureka endpoints via configuration
2022-03-04 10:52:52.462 INFO  366828 --- [ RMI TCP Connection(9)-127.0.0.1 ] o.s.b.a.SpringApplicationAdminMXBeanRegistrar$SpringApplicationAdmin - Application shutdown requested.
2022-03-04 10:52:52.462 INFO  366828 --- [ RMI TCP Connection(9)-127.0.0.1 ] o.s.c.n.e.s.EurekaServiceRegistry - Unregistering application SERVICEA with eureka with status DOWN
2022-03-04 10:52:52.462 INFO  366828 --- [ RMI TCP Connection(9)-127.0.0.1 ] c.netflix.discovery.DiscoveryClient - Saw local status change event StatusChangeEvent [timestamp=1646358772462, current=DOWN, previous=UP]
2022-03-04 10:52:52.463 INFO  366829 --- [ DiscoveryClient-InstanceInfoReplicator-0 ] c.netflix.discovery.DiscoveryClient - DiscoveryClient_SERVICEA/host.docker.internal:serviceA:8001: registering service...
2022-03-04 10:52:52.467 INFO  366833 --- [ DiscoveryClient-InstanceInfoReplicator-0 ] c.netflix.discovery.DiscoveryClient - DiscoveryClient_SERVICEA/host.docker.internal:serviceA:8001 - registration status: 204
2022-03-04 10:52:52.517 INFO  366883 --- [ RMI TCP Connection(9)-127.0.0.1 ] o.s.o.j.LocalContainerEntityManagerFactoryBean - Closing JPA EntityManagerFactory for persistence unit 'default'
2022-03-04 10:52:52.519 INFO  366885 --- [ RMI TCP Connection(9)-127.0.0.1 ] com.zaxxer.hikari.HikariDataSource - HikariPool-1 - Shutdown initiated...
2022-03-04 10:52:52.524 INFO  366890 --- [ RMI TCP Connection(9)-127.0.0.1 ] com.zaxxer.hikari.HikariDataSource - HikariPool-1 - Shutdown completed.
2022-03-04 10:52:53.533 INFO  367899 --- [ RMI TCP Connection(9)-127.0.0.1 ] c.netflix.discovery.DiscoveryClient - Shutting down DiscoveryClient ...
2022-03-04 10:57:21.892 INFO  2463 --- [ main ] c.t.serviceA.ServiceAApplication - Starting ServiceAApplication using Java 17.0.1 on LT-joonhyuckpark with PID 11520 (C:\java\msa-workspace\serviceA\target\classes started by joonhyuck.park in C:\java\msa-workspace\serviceA)
2022-03-04 10:57:21.901 INFO  2472 --- [ main ] c.t.serviceA.ServiceAApplication - No active profile set, falling back to 1 default profile: "default"
2022-03-04 10:57:24.156 INFO  4727 --- [ main ] o.s.d.r.c.RepositoryConfigurationDelegate - Bootstrapping Spring Data JPA repositories in DEFAULT mode.
2022-03-04 10:57:24.735 INFO  5306 --- [ main ] o.s.d.r.c.RepositoryConfigurationDelegate - Finished Spring Data repository scanning in 550 ms. Found 1 JPA repository interfaces.
2022-03-04 10:57:25.526 INFO  6097 --- [ main ] o.s.c.context.scope.GenericScope - BeanFactory id=85cfe605-2871-3194-a22a-09b14194f4af
2022-03-04 10:57:27.297 INFO  7868 --- [ main ] o.s.b.w.e.tomcat.TomcatWebServer - Tomcat initialized with port(s): 8001 (http)
2022-03-04 10:57:27.314 INFO  7885 --- [ main ] o.a.coyote.http11.Http11NioProtocol - Initializing ProtocolHandler ["http-nio-8001"]
2022-03-04 10:57:27.315 INFO  7886 --- [ main ] o.a.catalina.core.StandardService - Starting service [Tomcat]
2022-03-04 10:57:27.316 INFO  7887 --- [ main ] o.a.catalina.core.StandardEngine - Starting Servlet engine: [Apache Tomcat/9.0.58]
2022-03-04 10:57:27.641 INFO  8212 --- [ main ] o.a.c.c.C.[Tomcat].[localhost].[/] - Initializing Spring embedded WebApplicationContext
2022-03-04 10:57:27.642 INFO  8213 --- [ main ] o.s.b.w.s.c.ServletWebServerApplicationContext - Root WebApplicationContext: initialization completed in 5609 ms
2022-03-04 10:57:28.931 INFO  9502 --- [ main ] o.h.jpa.internal.util.LogHelper - HHH000204: Processing PersistenceUnitInfo [name: default]
2022-03-04 10:57:29.053 INFO  9624 --- [ main ] org.hibernate.Version - HHH000412: Hibernate ORM core version 5.4.33
2022-03-04 10:57:29.439 INFO  10010 --- [ main ] o.h.annotations.common.Version - HCANN000001: Hibernate Commons Annotations {5.1.2.Final}
2022-03-04 10:57:29.700 INFO  10271 --- [ main ] com.zaxxer.hikari.HikariDataSource - HikariPool-1 - Starting...
2022-03-04 10:57:30.060 INFO  10631 --- [ main ] com.zaxxer.hikari.HikariDataSource - HikariPool-1 - Start completed.
2022-03-04 10:57:30.134 INFO  10705 --- [ main ] org.hibernate.dialect.Dialect - HHH000400: Using dialect: org.hibernate.dialect.MySQL55Dialect
2022-03-04 10:57:31.632 INFO  12203 --- [ main ] o.h.e.t.j.p.i.JtaPlatformInitiator - HHH000490: Using JtaPlatform implementation: [org.hibernate.engine.transaction.jta.platform.internal.NoJtaPlatform]
2022-03-04 10:57:31.650 INFO  12221 --- [ main ] o.s.o.j.LocalContainerEntityManagerFactoryBean - Initialized JPA EntityManagerFactory for persistence unit 'default'
2022-03-04 10:57:32.529 WARN  13100 --- [ main ] o.s.b.a.o.j.JpaBaseConfiguration$JpaWebConfiguration - spring.jpa.open-in-view is enabled by default. Therefore, database queries may be performed during view rendering. Explicitly configure spring.jpa.open-in-view to disable this warning
2022-03-04 10:57:36.041 INFO  16612 --- [ main ] o.s.c.n.e.c.DiscoveryClientOptionalArgsConfiguration - Eureka HTTP Client uses RestTemplate.
2022-03-04 10:57:39.313 WARN  19884 --- [ main ] o.s.c.l.c.LoadBalancerCacheAutoConfiguration$LoadBalancerCaffeineWarnLogger - Spring Cloud LoadBalancer is currently working with the default cache. While this cache implementation is useful for development and tests, it's recommended to use Caffeine cache in production.You can switch to using Caffeine cache, by adding it and org.springframework.cache.caffeine.CaffeineCacheManager to the classpath.
2022-03-04 10:57:39.617 INFO  20188 --- [ main ] o.s.c.n.eureka.InstanceInfoFactory - Setting initial instance status as: STARTING
2022-03-04 10:57:39.731 INFO  20302 --- [ main ] c.netflix.discovery.DiscoveryClient - Initializing Eureka in region us-east-1
2022-03-04 10:57:39.743 INFO  20314 --- [ main ] c.n.d.s.r.aws.ConfigClusterResolver - Resolving eureka endpoints via configuration
2022-03-04 10:57:39.801 INFO  20372 --- [ main ] c.netflix.discovery.DiscoveryClient - Disable delta property : false
2022-03-04 10:57:39.802 INFO  20373 --- [ main ] c.netflix.discovery.DiscoveryClient - Single vip registry refresh property : null
2022-03-04 10:57:39.802 INFO  20373 --- [ main ] c.netflix.discovery.DiscoveryClient - Force full registry fetch : false
2022-03-04 10:57:39.802 INFO  20373 --- [ main ] c.netflix.discovery.DiscoveryClient - Application is null : false
2022-03-04 10:57:39.802 INFO  20373 --- [ main ] c.netflix.discovery.DiscoveryClient - Registered Applications size is zero : true
2022-03-04 10:57:39.802 INFO  20373 --- [ main ] c.netflix.discovery.DiscoveryClient - Application version is -1: true
2022-03-04 10:57:39.802 INFO  20373 --- [ main ] c.netflix.discovery.DiscoveryClient - Getting all instance registry info from the eureka server
2022-03-04 10:57:40.941 INFO  21512 --- [ main ] c.netflix.discovery.DiscoveryClient - The response status is 200
2022-03-04 10:57:40.959 INFO  21530 --- [ main ] c.netflix.discovery.DiscoveryClient - Starting heartbeat executor: renew interval is: 30
2022-03-04 10:57:40.979 INFO  21550 --- [ main ] c.n.d.InstanceInfoReplicator - InstanceInfoReplicator onDemand update allowed rate per min is 4
2022-03-04 10:57:41.022 INFO  21593 --- [ main ] c.netflix.discovery.DiscoveryClient - Discovery Client initialized at timestamp 1646359061019 with initial instances count: 3
2022-03-04 10:57:41.045 INFO  21616 --- [ main ] o.s.c.n.e.s.EurekaServiceRegistry - Registering application SERVICEA with eureka with status UP
2022-03-04 10:57:41.047 INFO  21618 --- [ main ] c.netflix.discovery.DiscoveryClient - Saw local status change event StatusChangeEvent [timestamp=1646359061047, current=UP, previous=STARTING]
2022-03-04 10:57:41.052 INFO  21623 --- [ DiscoveryClient-InstanceInfoReplicator-0 ] c.netflix.discovery.DiscoveryClient - DiscoveryClient_SERVICEA/host.docker.internal:serviceA:8001: registering service...
2022-03-04 10:57:41.053 INFO  21624 --- [ main ] o.a.coyote.http11.Http11NioProtocol - Starting ProtocolHandler ["http-nio-8001"]
2022-03-04 10:57:41.157 INFO  21728 --- [ main ] o.s.b.w.e.tomcat.TomcatWebServer - Tomcat started on port(s): 8001 (http) with context path ''
2022-03-04 10:57:41.159 INFO  21730 --- [ main ] o.s.c.n.e.s.EurekaAutoServiceRegistration - Updating port to 8001
2022-03-04 10:57:41.174 INFO  21745 --- [ DiscoveryClient-InstanceInfoReplicator-0 ] c.netflix.discovery.DiscoveryClient - DiscoveryClient_SERVICEA/host.docker.internal:serviceA:8001 - registration status: 204
2022-03-04 10:57:42.822 INFO  23393 --- [ main ] c.t.serviceA.ServiceAApplication - Started ServiceAApplication in 22.846 seconds (JVM running for 24.917)
2022-03-04 11:02:39.818 INFO  320389 --- [ AsyncResolver-bootstrap-executor-0 ] c.n.d.s.r.aws.ConfigClusterResolver - Resolving eureka endpoints via configuration
2022-03-04 11:07:39.828 INFO  620399 --- [ AsyncResolver-bootstrap-executor-0 ] c.n.d.s.r.aws.ConfigClusterResolver - Resolving eureka endpoints via configuration
2022-03-04 11:12:39.832 INFO  920403 --- [ AsyncResolver-bootstrap-executor-0 ] c.n.d.s.r.aws.ConfigClusterResolver - Resolving eureka endpoints via configuration
2022-03-04 11:17:39.844 INFO  1220415 --- [ AsyncResolver-bootstrap-executor-0 ] c.n.d.s.r.aws.ConfigClusterResolver - Resolving eureka endpoints via configuration
2022-03-04 11:22:39.853 INFO  1520424 --- [ AsyncResolver-bootstrap-executor-0 ] c.n.d.s.r.aws.ConfigClusterResolver - Resolving eureka endpoints via configuration
2022-03-04 11:27:39.856 INFO  1820427 --- [ AsyncResolver-bootstrap-executor-0 ] c.n.d.s.r.aws.ConfigClusterResolver - Resolving eureka endpoints via configuration
2022-03-04 11:32:39.869 INFO  2120440 --- [ AsyncResolver-bootstrap-executor-0 ] c.n.d.s.r.aws.ConfigClusterResolver - Resolving eureka endpoints via configuration
2022-03-04 11:37:39.874 INFO  2420445 --- [ AsyncResolver-bootstrap-executor-0 ] c.n.d.s.r.aws.ConfigClusterResolver - Resolving eureka endpoints via configuration
2022-03-04 11:42:39.884 INFO  2720455 --- [ AsyncResolver-bootstrap-executor-0 ] c.n.d.s.r.aws.ConfigClusterResolver - Resolving eureka endpoints via configuration
2022-03-04 11:47:39.895 INFO  3020466 --- [ AsyncResolver-bootstrap-executor-0 ] c.n.d.s.r.aws.ConfigClusterResolver - Resolving eureka endpoints via configuration
2022-03-04 11:52:39.904 INFO  3320475 --- [ AsyncResolver-bootstrap-executor-0 ] c.n.d.s.r.aws.ConfigClusterResolver - Resolving eureka endpoints via configuration
2022-03-04 11:57:39.912 INFO  3620483 --- [ AsyncResolver-bootstrap-executor-0 ] c.n.d.s.r.aws.ConfigClusterResolver - Resolving eureka endpoints via configuration
2022-03-04 12:02:39.927 INFO  3920498 --- [ AsyncResolver-bootstrap-executor-0 ] c.n.d.s.r.aws.ConfigClusterResolver - Resolving eureka endpoints via configuration
2022-03-04 12:07:39.933 INFO  4220504 --- [ AsyncResolver-bootstrap-executor-0 ] c.n.d.s.r.aws.ConfigClusterResolver - Resolving eureka endpoints via configuration
2022-03-04 12:12:39.935 INFO  4520506 --- [ AsyncResolver-bootstrap-executor-0 ] c.n.d.s.r.aws.ConfigClusterResolver - Resolving eureka endpoints via configuration
2022-03-04 12:17:39.943 INFO  4820514 --- [ AsyncResolver-bootstrap-executor-0 ] c.n.d.s.r.aws.ConfigClusterResolver - Resolving eureka endpoints via configuration
2022-03-04 12:22:39.959 INFO  5120530 --- [ AsyncResolver-bootstrap-executor-0 ] c.n.d.s.r.aws.ConfigClusterResolver - Resolving eureka endpoints via configuration
2022-03-04 12:27:39.965 INFO  5420536 --- [ AsyncResolver-bootstrap-executor-0 ] c.n.d.s.r.aws.ConfigClusterResolver - Resolving eureka endpoints via configuration
2022-03-04 12:32:39.977 INFO  5720548 --- [ AsyncResolver-bootstrap-executor-0 ] c.n.d.s.r.aws.ConfigClusterResolver - Resolving eureka endpoints via configuration
2022-03-04 12:37:39.979 INFO  6020550 --- [ AsyncResolver-bootstrap-executor-0 ] c.n.d.s.r.aws.ConfigClusterResolver - Resolving eureka endpoints via configuration
2022-03-04 12:42:39.991 INFO  6320562 --- [ AsyncResolver-bootstrap-executor-0 ] c.n.d.s.r.aws.ConfigClusterResolver - Resolving eureka endpoints via configuration
2022-03-04 12:47:39.994 INFO  6620565 --- [ AsyncResolver-bootstrap-executor-0 ] c.n.d.s.r.aws.ConfigClusterResolver - Resolving eureka endpoints via configuration
2022-03-04 12:52:39.999 INFO  6920570 --- [ AsyncResolver-bootstrap-executor-0 ] c.n.d.s.r.aws.ConfigClusterResolver - Resolving eureka endpoints via configuration
2022-03-04 12:57:40.014 INFO  7220585 --- [ AsyncResolver-bootstrap-executor-0 ] c.n.d.s.r.aws.ConfigClusterResolver - Resolving eureka endpoints via configuration
2022-03-04 13:02:40.028 INFO  7520599 --- [ AsyncResolver-bootstrap-executor-0 ] c.n.d.s.r.aws.ConfigClusterResolver - Resolving eureka endpoints via configuration
2022-03-04 13:07:40.040 INFO  7820611 --- [ AsyncResolver-bootstrap-executor-0 ] c.n.d.s.r.aws.ConfigClusterResolver - Resolving eureka endpoints via configuration
2022-03-04 13:12:40.048 INFO  8120619 --- [ AsyncResolver-bootstrap-executor-0 ] c.n.d.s.r.aws.ConfigClusterResolver - Resolving eureka endpoints via configuration
2022-03-04 13:17:40.059 INFO  8420630 --- [ AsyncResolver-bootstrap-executor-0 ] c.n.d.s.r.aws.ConfigClusterResolver - Resolving eureka endpoints via configuration
2022-03-04 13:22:40.072 INFO  8720643 --- [ AsyncResolver-bootstrap-executor-0 ] c.n.d.s.r.aws.ConfigClusterResolver - Resolving eureka endpoints via configuration
2022-03-04 13:27:40.083 INFO  9020654 --- [ AsyncResolver-bootstrap-executor-0 ] c.n.d.s.r.aws.ConfigClusterResolver - Resolving eureka endpoints via configuration
2022-03-04 13:32:40.098 INFO  9320669 --- [ AsyncResolver-bootstrap-executor-0 ] c.n.d.s.r.aws.ConfigClusterResolver - Resolving eureka endpoints via configuration
2022-03-04 13:37:40.105 INFO  9620676 --- [ AsyncResolver-bootstrap-executor-0 ] c.n.d.s.r.aws.ConfigClusterResolver - Resolving eureka endpoints via configuration
2022-03-04 13:42:40.107 INFO  9920678 --- [ AsyncResolver-bootstrap-executor-0 ] c.n.d.s.r.aws.ConfigClusterResolver - Resolving eureka endpoints via configuration
2022-03-04 13:47:40.109 INFO  10220680 --- [ AsyncResolver-bootstrap-executor-0 ] c.n.d.s.r.aws.ConfigClusterResolver - Resolving eureka endpoints via configuration
2022-03-04 13:52:40.114 INFO  10520685 --- [ AsyncResolver-bootstrap-executor-0 ] c.n.d.s.r.aws.ConfigClusterResolver - Resolving eureka endpoints via configuration
2022-03-04 13:57:40.116 INFO  10820687 --- [ AsyncResolver-bootstrap-executor-0 ] c.n.d.s.r.aws.ConfigClusterResolver - Resolving eureka endpoints via configuration
2022-03-04 14:02:40.117 INFO  11120688 --- [ AsyncResolver-bootstrap-executor-0 ] c.n.d.s.r.aws.ConfigClusterResolver - Resolving eureka endpoints via configuration
2022-03-04 14:07:40.127 INFO  11420698 --- [ AsyncResolver-bootstrap-executor-0 ] c.n.d.s.r.aws.ConfigClusterResolver - Resolving eureka endpoints via configuration
2022-03-04 14:12:40.141 INFO  11720712 --- [ AsyncResolver-bootstrap-executor-0 ] c.n.d.s.r.aws.ConfigClusterResolver - Resolving eureka endpoints via configuration
2022-03-04 14:17:40.154 INFO  12020725 --- [ AsyncResolver-bootstrap-executor-0 ] c.n.d.s.r.aws.ConfigClusterResolver - Resolving eureka endpoints via configuration
2022-03-04 14:22:40.167 INFO  12320738 --- [ AsyncResolver-bootstrap-executor-0 ] c.n.d.s.r.aws.ConfigClusterResolver - Resolving eureka endpoints via configuration
2022-03-04 14:27:40.171 INFO  12620742 --- [ AsyncResolver-bootstrap-executor-0 ] c.n.d.s.r.aws.ConfigClusterResolver - Resolving eureka endpoints via configuration
2022-03-04 14:32:40.172 INFO  12920743 --- [ AsyncResolver-bootstrap-executor-0 ] c.n.d.s.r.aws.ConfigClusterResolver - Resolving eureka endpoints via configuration
2022-03-04 14:34:28.768 INFO  13029339 --- [ http-nio-8001-exec-1 ] o.a.c.c.C.[Tomcat].[localhost].[/] - Initializing Spring DispatcherServlet 'dispatcherServlet'
2022-03-04 14:34:28.768 INFO  13029339 --- [ http-nio-8001-exec-1 ] o.s.web.servlet.DispatcherServlet - Initializing Servlet 'dispatcherServlet'
2022-03-04 14:34:28.769 INFO  13029340 --- [ http-nio-8001-exec-1 ] o.s.web.servlet.DispatcherServlet - Completed initialization in 1 ms
2022-03-04 14:37:40.184 INFO  13220755 --- [ AsyncResolver-bootstrap-executor-0 ] c.n.d.s.r.aws.ConfigClusterResolver - Resolving eureka endpoints via configuration
2022-03-04 14:42:40.191 INFO  13520762 --- [ AsyncResolver-bootstrap-executor-0 ] c.n.d.s.r.aws.ConfigClusterResolver - Resolving eureka endpoints via configuration
2022-03-04 14:45:35.879 INFO  13696450 --- [ RMI TCP Connection(232)-127.0.0.1 ] o.s.b.a.SpringApplicationAdminMXBeanRegistrar$SpringApplicationAdmin - Application shutdown requested.
2022-03-04 14:45:35.880 INFO  13696451 --- [ RMI TCP Connection(232)-127.0.0.1 ] o.s.c.n.e.s.EurekaServiceRegistry - Unregistering application SERVICEA with eureka with status DOWN
2022-03-04 14:45:35.880 INFO  13696451 --- [ RMI TCP Connection(232)-127.0.0.1 ] c.netflix.discovery.DiscoveryClient - Saw local status change event StatusChangeEvent [timestamp=1646372735880, current=DOWN, previous=UP]
2022-03-04 14:45:35.880 INFO  13696451 --- [ DiscoveryClient-InstanceInfoReplicator-0 ] c.netflix.discovery.DiscoveryClient - DiscoveryClient_SERVICEA/host.docker.internal:serviceA:8001: registering service...
2022-03-04 14:45:35.888 INFO  13696459 --- [ DiscoveryClient-InstanceInfoReplicator-0 ] c.n.d.s.t.d.RedirectingEurekaHttpClient - Request execution error. endpoint=DefaultEndpoint{ serviceUrl='http://localhost:8761/eureka/} exception=I/O error on POST request for "http://localhost:8761/eureka/apps/SERVICEA": Connect to localhost:8761 [localhost/127.0.0.1, localhost/0:0:0:0:0:0:0:1] failed: Connection refused: connect; nested exception is org.apache.http.conn.HttpHostConnectException: Connect to localhost:8761 [localhost/127.0.0.1, localhost/0:0:0:0:0:0:0:1] failed: Connection refused: connect stacktrace=org.springframework.web.client.ResourceAccessException: I/O error on POST request for "http://localhost:8761/eureka/apps/SERVICEA": Connect to localhost:8761 [localhost/127.0.0.1, localhost/0:0:0:0:0:0:0:1] failed: Connection refused: connect; nested exception is org.apache.http.conn.HttpHostConnectException: Connect to localhost:8761 [localhost/127.0.0.1, localhost/0:0:0:0:0:0:0:1] failed: Connection refused: connect
	at org.springframework.web.client.RestTemplate.doExecute(RestTemplate.java:785)
	at org.springframework.web.client.RestTemplate.execute(RestTemplate.java:711)
	at org.springframework.web.client.RestTemplate.exchange(RestTemplate.java:602)
	at org.springframework.cloud.netflix.eureka.http.RestTemplateEurekaHttpClient.register(RestTemplateEurekaHttpClient.java:77)
	at com.netflix.discovery.shared.transport.decorator.EurekaHttpClientDecorator$1.execute(EurekaHttpClientDecorator.java:59)
	at com.netflix.discovery.shared.transport.decorator.RedirectingEurekaHttpClient.execute(RedirectingEurekaHttpClient.java:91)
	at com.netflix.discovery.shared.transport.decorator.EurekaHttpClientDecorator.register(EurekaHttpClientDecorator.java:56)
	at com.netflix.discovery.shared.transport.decorator.EurekaHttpClientDecorator$1.execute(EurekaHttpClientDecorator.java:59)
	at com.netflix.discovery.shared.transport.decorator.RetryableEurekaHttpClient.execute(RetryableEurekaHttpClient.java:120)
	at com.netflix.discovery.shared.transport.decorator.EurekaHttpClientDecorator.register(EurekaHttpClientDecorator.java:56)
	at com.netflix.discovery.shared.transport.decorator.EurekaHttpClientDecorator$1.execute(EurekaHttpClientDecorator.java:59)
	at com.netflix.discovery.shared.transport.decorator.SessionedEurekaHttpClient.execute(SessionedEurekaHttpClient.java:77)
	at com.netflix.discovery.shared.transport.decorator.EurekaHttpClientDecorator.register(EurekaHttpClientDecorator.java:56)
	at com.netflix.discovery.DiscoveryClient.register(DiscoveryClient.java:876)
	at com.netflix.discovery.InstanceInfoReplicator.run(InstanceInfoReplicator.java:121)
	at com.netflix.discovery.InstanceInfoReplicator$1.run(InstanceInfoReplicator.java:101)
	at java.base/java.util.concurrent.Executors$RunnableAdapter.call(Executors.java:539)
	at java.base/java.util.concurrent.FutureTask.run(FutureTask.java:264)
	at java.base/java.util.concurrent.ScheduledThreadPoolExecutor$ScheduledFutureTask.run(ScheduledThreadPoolExecutor.java:304)
	at java.base/java.util.concurrent.ThreadPoolExecutor.runWorker(ThreadPoolExecutor.java:1136)
	at java.base/java.util.concurrent.ThreadPoolExecutor$Worker.run(ThreadPoolExecutor.java:635)
	at java.base/java.lang.Thread.run(Thread.java:833)
Caused by: org.apache.http.conn.HttpHostConnectException: Connect to localhost:8761 [localhost/127.0.0.1, localhost/0:0:0:0:0:0:0:1] failed: Connection refused: connect
	at org.apache.http.impl.conn.DefaultHttpClientConnectionOperator.connect(DefaultHttpClientConnectionOperator.java:156)
	at org.apache.http.impl.conn.PoolingHttpClientConnectionManager.connect(PoolingHttpClientConnectionManager.java:376)
	at org.apache.http.impl.execchain.MainClientExec.establishRoute(MainClientExec.java:393)
	at org.apache.http.impl.execchain.MainClientExec.execute(MainClientExec.java:236)
	at org.apache.http.impl.execchain.ProtocolExec.execute(ProtocolExec.java:186)
	at org.apache.http.impl.execchain.RetryExec.execute(RetryExec.java:89)
	at org.apache.http.impl.execchain.RedirectExec.execute(RedirectExec.java:110)
	at org.apache.http.impl.client.InternalHttpClient.doExecute(InternalHttpClient.java:185)
	at org.apache.http.impl.client.CloseableHttpClient.execute(CloseableHttpClient.java:83)
	at org.apache.http.impl.client.CloseableHttpClient.execute(CloseableHttpClient.java:56)
	at org.springframework.http.client.HttpComponentsClientHttpRequest.executeInternal(HttpComponentsClientHttpRequest.java:87)
	at org.springframework.http.client.AbstractBufferingClientHttpRequest.executeInternal(AbstractBufferingClientHttpRequest.java:48)
	at org.springframework.http.client.AbstractClientHttpRequest.execute(AbstractClientHttpRequest.java:66)
	at org.springframework.web.client.RestTemplate.doExecute(RestTemplate.java:776)
	... 21 more
Caused by: java.net.ConnectException: Connection refused: connect
	at java.base/sun.nio.ch.Net.connect0(Native Method)
	at java.base/sun.nio.ch.Net.connect(Net.java:579)
	at java.base/sun.nio.ch.Net.connect(Net.java:568)
	at java.base/sun.nio.ch.NioSocketImpl.connect(NioSocketImpl.java:588)
	at java.base/java.net.SocksSocketImpl.connect(SocksSocketImpl.java:327)
	at java.base/java.net.Socket.connect(Socket.java:633)
	at org.apache.http.conn.socket.PlainConnectionSocketFactory.connectSocket(PlainConnectionSocketFactory.java:75)
	at org.apache.http.impl.conn.DefaultHttpClientConnectionOperator.connect(DefaultHttpClientConnectionOperator.java:142)
	... 34 more

2022-03-04 14:45:35.888 WARN  13696459 --- [ DiscoveryClient-InstanceInfoReplicator-0 ] c.n.d.s.t.d.RetryableEurekaHttpClient - Request execution failed with message: I/O error on POST request for "http://localhost:8761/eureka/apps/SERVICEA": Connect to localhost:8761 [localhost/127.0.0.1, localhost/0:0:0:0:0:0:0:1] failed: Connection refused: connect; nested exception is org.apache.http.conn.HttpHostConnectException: Connect to localhost:8761 [localhost/127.0.0.1, localhost/0:0:0:0:0:0:0:1] failed: Connection refused: connect
2022-03-04 14:45:35.894 INFO  13696465 --- [ DiscoveryClient-InstanceInfoReplicator-0 ] c.n.d.s.t.d.RedirectingEurekaHttpClient - Request execution error. endpoint=DefaultEndpoint{ serviceUrl='http://localhost:8761/eureka/}, exception=I/O error on POST request for "http://localhost:8761/eureka/apps/SERVICEA": Connect to localhost:8761 [localhost/127.0.0.1, localhost/0:0:0:0:0:0:0:1] failed: Connection refused: connect; nested exception is org.apache.http.conn.HttpHostConnectException: Connect to localhost:8761 [localhost/127.0.0.1, localhost/0:0:0:0:0:0:0:1] failed: Connection refused: connect stacktrace=org.springframework.web.client.ResourceAccessException: I/O error on POST request for "http://localhost:8761/eureka/apps/SERVICEA": Connect to localhost:8761 [localhost/127.0.0.1, localhost/0:0:0:0:0:0:0:1] failed: Connection refused: connect; nested exception is org.apache.http.conn.HttpHostConnectException: Connect to localhost:8761 [localhost/127.0.0.1, localhost/0:0:0:0:0:0:0:1] failed: Connection refused: connect
	at org.springframework.web.client.RestTemplate.doExecute(RestTemplate.java:785)
	at org.springframework.web.client.RestTemplate.execute(RestTemplate.java:711)
	at org.springframework.web.client.RestTemplate.exchange(RestTemplate.java:602)
	at org.springframework.cloud.netflix.eureka.http.RestTemplateEurekaHttpClient.register(RestTemplateEurekaHttpClient.java:77)
	at com.netflix.discovery.shared.transport.decorator.EurekaHttpClientDecorator$1.execute(EurekaHttpClientDecorator.java:59)
	at com.netflix.discovery.shared.transport.decorator.RedirectingEurekaHttpClient.executeOnNewServer(RedirectingEurekaHttpClient.java:121)
	at com.netflix.discovery.shared.transport.decorator.RedirectingEurekaHttpClient.execute(RedirectingEurekaHttpClient.java:80)
	at com.netflix.discovery.shared.transport.decorator.EurekaHttpClientDecorator.register(EurekaHttpClientDecorator.java:56)
	at com.netflix.discovery.shared.transport.decorator.EurekaHttpClientDecorator$1.execute(EurekaHttpClientDecorator.java:59)
	at com.netflix.discovery.shared.transport.decorator.RetryableEurekaHttpClient.execute(RetryableEurekaHttpClient.java:120)
	at com.netflix.discovery.shared.transport.decorator.EurekaHttpClientDecorator.register(EurekaHttpClientDecorator.java:56)
	at com.netflix.discovery.shared.transport.decorator.EurekaHttpClientDecorator$1.execute(EurekaHttpClientDecorator.java:59)
	at com.netflix.discovery.shared.transport.decorator.SessionedEurekaHttpClient.execute(SessionedEurekaHttpClient.java:77)
	at com.netflix.discovery.shared.transport.decorator.EurekaHttpClientDecorator.register(EurekaHttpClientDecorator.java:56)
	at com.netflix.discovery.DiscoveryClient.register(DiscoveryClient.java:876)
	at com.netflix.discovery.InstanceInfoReplicator.run(InstanceInfoReplicator.java:121)
	at com.netflix.discovery.InstanceInfoReplicator$1.run(InstanceInfoReplicator.java:101)
	at java.base/java.util.concurrent.Executors$RunnableAdapter.call(Executors.java:539)
	at java.base/java.util.concurrent.FutureTask.run(FutureTask.java:264)
	at java.base/java.util.concurrent.ScheduledThreadPoolExecutor$ScheduledFutureTask.run(ScheduledThreadPoolExecutor.java:304)
	at java.base/java.util.concurrent.ThreadPoolExecutor.runWorker(ThreadPoolExecutor.java:1136)
	at java.base/java.util.concurrent.ThreadPoolExecutor$Worker.run(ThreadPoolExecutor.java:635)
	at java.base/java.lang.Thread.run(Thread.java:833)
Caused by: org.apache.http.conn.HttpHostConnectException: Connect to localhost:8761 [localhost/127.0.0.1, localhost/0:0:0:0:0:0:0:1] failed: Connection refused: connect
	at org.apache.http.impl.conn.DefaultHttpClientConnectionOperator.connect(DefaultHttpClientConnectionOperator.java:156)
	at org.apache.http.impl.conn.PoolingHttpClientConnectionManager.connect(PoolingHttpClientConnectionManager.java:376)
	at org.apache.http.impl.execchain.MainClientExec.establishRoute(MainClientExec.java:393)
	at org.apache.http.impl.execchain.MainClientExec.execute(MainClientExec.java:236)
	at org.apache.http.impl.execchain.ProtocolExec.execute(ProtocolExec.java:186)
	at org.apache.http.impl.execchain.RetryExec.execute(RetryExec.java:89)
	at org.apache.http.impl.execchain.RedirectExec.execute(RedirectExec.java:110)
	at org.apache.http.impl.client.InternalHttpClient.doExecute(InternalHttpClient.java:185)
	at org.apache.http.impl.client.CloseableHttpClient.execute(CloseableHttpClient.java:83)
	at org.apache.http.impl.client.CloseableHttpClient.execute(CloseableHttpClient.java:56)
	at org.springframework.http.client.HttpComponentsClientHttpRequest.executeInternal(HttpComponentsClientHttpRequest.java:87)
	at org.springframework.http.client.AbstractBufferingClientHttpRequest.executeInternal(AbstractBufferingClientHttpRequest.java:48)
	at org.springframework.http.client.AbstractClientHttpRequest.execute(AbstractClientHttpRequest.java:66)
	at org.springframework.web.client.RestTemplate.doExecute(RestTemplate.java:776)
	... 22 more
Caused by: java.net.ConnectException: Connection refused: connect
	at java.base/sun.nio.ch.Net.connect0(Native Method)
	at java.base/sun.nio.ch.Net.connect(Net.java:579)
	at java.base/sun.nio.ch.Net.connect(Net.java:568)
	at java.base/sun.nio.ch.NioSocketImpl.connect(NioSocketImpl.java:588)
	at java.base/java.net.SocksSocketImpl.connect(SocksSocketImpl.java:327)
	at java.base/java.net.Socket.connect(Socket.java:633)
	at org.apache.http.conn.socket.PlainConnectionSocketFactory.connectSocket(PlainConnectionSocketFactory.java:75)
	at org.apache.http.impl.conn.DefaultHttpClientConnectionOperator.connect(DefaultHttpClientConnectionOperator.java:142)
	... 35 more

2022-03-04 14:45:35.895 WARN  13696466 --- [ DiscoveryClient-InstanceInfoReplicator-0 ] c.n.d.s.t.d.RetryableEurekaHttpClient - Request execution failed with message: I/O error on POST request for "http://localhost:8761/eureka/apps/SERVICEA": Connect to localhost:8761 [localhost/127.0.0.1, localhost/0:0:0:0:0:0:0:1] failed: Connection refused: connect; nested exception is org.apache.http.conn.HttpHostConnectException: Connect to localhost:8761 [localhost/127.0.0.1, localhost/0:0:0:0:0:0:0:1] failed: Connection refused: connect
2022-03-04 14:45:35.896 WARN  13696467 --- [ DiscoveryClient-InstanceInfoReplicator-0 ] c.netflix.discovery.DiscoveryClient - DiscoveryClient_SERVICEA/host.docker.internal:serviceA:8001 - registration failed Cannot execute request on any known server
com.netflix.discovery.shared.transport.TransportException: Cannot execute request on any known server
	at com.netflix.discovery.shared.transport.decorator.RetryableEurekaHttpClient.execute(RetryableEurekaHttpClient.java:112)
	at com.netflix.discovery.shared.transport.decorator.EurekaHttpClientDecorator.register(EurekaHttpClientDecorator.java:56)
	at com.netflix.discovery.shared.transport.decorator.EurekaHttpClientDecorator$1.execute(EurekaHttpClientDecorator.java:59)
	at com.netflix.discovery.shared.transport.decorator.SessionedEurekaHttpClient.execute(SessionedEurekaHttpClient.java:77)
	at com.netflix.discovery.shared.transport.decorator.EurekaHttpClientDecorator.register(EurekaHttpClientDecorator.java:56)
	at com.netflix.discovery.DiscoveryClient.register(DiscoveryClient.java:876)
	at com.netflix.discovery.InstanceInfoReplicator.run(InstanceInfoReplicator.java:121)
	at com.netflix.discovery.InstanceInfoReplicator$1.run(InstanceInfoReplicator.java:101)
	at java.base/java.util.concurrent.Executors$RunnableAdapter.call(Executors.java:539)
	at java.base/java.util.concurrent.FutureTask.run(FutureTask.java:264)
	at java.base/java.util.concurrent.ScheduledThreadPoolExecutor$ScheduledFutureTask.run(ScheduledThreadPoolExecutor.java:304)
	at java.base/java.util.concurrent.ThreadPoolExecutor.runWorker(ThreadPoolExecutor.java:1136)
	at java.base/java.util.concurrent.ThreadPoolExecutor$Worker.run(ThreadPoolExecutor.java:635)
	at java.base/java.lang.Thread.run(Thread.java:833)
2022-03-04 14:45:35.897 WARN  13696468 --- [ DiscoveryClient-InstanceInfoReplicator-0 ] c.n.d.InstanceInfoReplicator - There was a problem with the instance info replicator
com.netflix.discovery.shared.transport.TransportException: Cannot execute request on any known server
	at com.netflix.discovery.shared.transport.decorator.RetryableEurekaHttpClient.execute(RetryableEurekaHttpClient.java:112)
	at com.netflix.discovery.shared.transport.decorator.EurekaHttpClientDecorator.register(EurekaHttpClientDecorator.java:56)
	at com.netflix.discovery.shared.transport.decorator.EurekaHttpClientDecorator$1.execute(EurekaHttpClientDecorator.java:59)
	at com.netflix.discovery.shared.transport.decorator.SessionedEurekaHttpClient.execute(SessionedEurekaHttpClient.java:77)
	at com.netflix.discovery.shared.transport.decorator.EurekaHttpClientDecorator.register(EurekaHttpClientDecorator.java:56)
	at com.netflix.discovery.DiscoveryClient.register(DiscoveryClient.java:876)
	at com.netflix.discovery.InstanceInfoReplicator.run(InstanceInfoReplicator.java:121)
	at com.netflix.discovery.InstanceInfoReplicator$1.run(InstanceInfoReplicator.java:101)
	at java.base/java.util.concurrent.Executors$RunnableAdapter.call(Executors.java:539)
	at java.base/java.util.concurrent.FutureTask.run(FutureTask.java:264)
	at java.base/java.util.concurrent.ScheduledThreadPoolExecutor$ScheduledFutureTask.run(ScheduledThreadPoolExecutor.java:304)
	at java.base/java.util.concurrent.ThreadPoolExecutor.runWorker(ThreadPoolExecutor.java:1136)
	at java.base/java.util.concurrent.ThreadPoolExecutor$Worker.run(ThreadPoolExecutor.java:635)
	at java.base/java.lang.Thread.run(Thread.java:833)
2022-03-04 14:45:35.922 INFO  13696493 --- [ RMI TCP Connection(232)-127.0.0.1 ] o.s.o.j.LocalContainerEntityManagerFactoryBean - Closing JPA EntityManagerFactory for persistence unit 'default'
2022-03-04 14:45:35.924 INFO  13696495 --- [ RMI TCP Connection(232)-127.0.0.1 ] com.zaxxer.hikari.HikariDataSource - HikariPool-1 - Shutdown initiated...
2022-03-04 14:45:35.928 INFO  13696499 --- [ RMI TCP Connection(232)-127.0.0.1 ] com.zaxxer.hikari.HikariDataSource - HikariPool-1 - Shutdown completed.
2022-03-04 14:45:36.065 INFO  13696636 --- [ RMI TCP Connection(232)-127.0.0.1 ] c.netflix.discovery.DiscoveryClient - Shutting down DiscoveryClient ...
