2022-03-04 10:44:55.068 INFO  187  --- [ main ] o.s.b.t.c.SpringBootTestContextBootstrapper - Neither @ContextConfiguration nor @ContextHierarchy found for test class [com.theragenbio.mediation2.Mediation2ApplicationTests], using SpringBootContextLoader
2022-03-04 10:44:55.074 INFO  193  --- [ main ] o.s.t.c.s.AbstractContextLoader - Could not detect default resource locations for test class [com.theragenbio.mediation2.Mediation2ApplicationTests]: no resource found for suffixes {-context.xml, Context.groovy}.
2022-03-04 10:44:55.074 INFO  193  --- [ main ] o.s.t.c.s.AnnotationConfigContextLoaderUtils - Could not detect default configuration classes for test class [com.theragenbio.mediation2.Mediation2ApplicationTests]: Mediation2ApplicationTests does not declare any static, non-private, non-final, nested classes annotated with @Configuration.
2022-03-04 10:44:55.183 INFO  302  --- [ main ] o.s.b.t.c.SpringBootTestContextBootstrapper - Found @SpringBootConfiguration com.theragenbio.mediation2.Mediation2Application for test class com.theragenbio.mediation2.Mediation2ApplicationTests
2022-03-04 10:44:55.297 INFO  416  --- [ main ] o.s.b.t.c.SpringBootTestContextBootstrapper - Loaded default TestExecutionListener class names from location [META-INF/spring.factories]: [org.springframework.boot.test.mock.mockito.MockitoTestExecutionListener, org.springframework.boot.test.mock.mockito.ResetMocksTestExecutionListener, org.springframework.boot.test.autoconfigure.restdocs.RestDocsTestExecutionListener, org.springframework.boot.test.autoconfigure.web.client.MockRestServiceServerResetTestExecutionListener, org.springframework.boot.test.autoconfigure.web.servlet.MockMvcPrintOnlyOnFailureTestExecutionListener, org.springframework.boot.test.autoconfigure.web.servlet.WebDriverTestExecutionListener, org.springframework.boot.test.autoconfigure.webservices.client.MockWebServiceServerTestExecutionListener, org.springframework.test.context.web.ServletTestExecutionListener, org.springframework.test.context.support.DirtiesContextBeforeModesTestExecutionListener, org.springframework.test.context.event.ApplicationEventsTestExecutionListener, org.springframework.test.context.support.DependencyInjectionTestExecutionListener, org.springframework.test.context.support.DirtiesContextTestExecutionListener, org.springframework.test.context.transaction.TransactionalTestExecutionListener, org.springframework.test.context.jdbc.SqlScriptsTestExecutionListener, org.springframework.test.context.event.EventPublishingTestExecutionListener]
2022-03-04 10:44:55.308 INFO  427  --- [ main ] o.s.b.t.c.SpringBootTestContextBootstrapper - Using TestExecutionListeners: [org.springframework.test.context.web.ServletTestExecutionListener@459f7aa3, org.springframework.test.context.support.DirtiesContextBeforeModesTestExecutionListener@7cc586a8, org.springframework.test.context.event.ApplicationEventsTestExecutionListener@7db534f2, org.springframework.boot.test.mock.mockito.MockitoTestExecutionListener@44a2b17b, org.springframework.boot.test.autoconfigure.SpringBootDependencyInjectionTestExecutionListener@7a56812e, org.springframework.test.context.support.DirtiesContextTestExecutionListener@2a76b80a, org.springframework.test.context.event.EventPublishingTestExecutionListener@7eb01b12, org.springframework.boot.test.mock.mockito.ResetMocksTestExecutionListener@2f4854d6, org.springframework.boot.test.autoconfigure.restdocs.RestDocsTestExecutionListener@61d9efe0, org.springframework.boot.test.autoconfigure.web.client.MockRestServiceServerResetTestExecutionListener@7e70bd39, org.springframework.boot.test.autoconfigure.web.servlet.MockMvcPrintOnlyOnFailureTestExecutionListener@e6516e, org.springframework.boot.test.autoconfigure.web.servlet.WebDriverTestExecutionListener@6de54b40, org.springframework.boot.test.autoconfigure.webservices.client.MockWebServiceServerTestExecutionListener@43ed0ff3]
2022-03-04 10:44:56.743 INFO  1862 --- [ main ] c.t.m.Mediation2ApplicationTests - Starting Mediation2ApplicationTests using Java 17.0.1 on LT-joonhyuckpark with PID 12816 (started by joonhyuck.park in C:\java\msa-workspace\mediation2)
2022-03-04 10:44:56.745 INFO  1864 --- [ main ] c.t.m.Mediation2ApplicationTests - The following 1 profile is active: "prod"
2022-03-04 10:44:56.787 INFO  1906 --- [ main ] o.s.b.c.config.ConfigDataLoader - Fetching config from server at : http://localhost:8888
2022-03-04 10:44:56.787 INFO  1906 --- [ main ] o.s.b.c.config.ConfigDataLoader - Located environment: name=api, profiles=[prod], label=null, version=null, state=null
2022-03-04 10:44:58.603 INFO  3722 --- [ main ] o.s.c.context.scope.GenericScope - BeanFactory id=031fd28f-99b0-379c-be1a-b50887c13dbf
2022-03-04 10:45:00.135 INFO  5254 --- [ main ] o.s.c.o.FeignClientFactoryBean - For 'serviceA' URL not provided. Will try picking an instance via load-balancing.
2022-03-04 10:45:00.330 INFO  5449 --- [ main ] o.s.c.o.FeignClientFactoryBean - For 'serviceB' URL not provided. Will try picking an instance via load-balancing.
2022-03-04 10:45:03.185 INFO  8304 --- [ main ] o.s.c.n.e.c.DiscoveryClientOptionalArgsConfiguration - Eureka HTTP Client uses RestTemplate.
2022-03-04 10:45:05.776 WARN  10895 --- [ main ] o.s.c.l.c.LoadBalancerCacheAutoConfiguration$LoadBalancerCaffeineWarnLogger - Spring Cloud LoadBalancer is currently working with the default cache. While this cache implementation is useful for development and tests, it's recommended to use Caffeine cache in production.You can switch to using Caffeine cache, by adding it and org.springframework.cache.caffeine.CaffeineCacheManager to the classpath.
2022-03-04 10:45:05.960 INFO  11079 --- [ main ] o.s.b.a.e.web.EndpointLinksResolver - Exposing 1 endpoint(s) beneath base path '/actuator'
2022-03-04 10:45:06.074 INFO  11193 --- [ main ] o.s.c.n.eureka.InstanceInfoFactory - Setting initial instance status as: STARTING
2022-03-04 10:45:06.245 INFO  11364 --- [ main ] c.netflix.discovery.DiscoveryClient - Initializing Eureka in region us-east-1
2022-03-04 10:45:06.258 INFO  11377 --- [ main ] c.n.d.s.r.aws.ConfigClusterResolver - Resolving eureka endpoints via configuration
2022-03-04 10:45:06.320 INFO  11439 --- [ main ] c.netflix.discovery.DiscoveryClient - Disable delta property : false
2022-03-04 10:45:06.321 INFO  11440 --- [ main ] c.netflix.discovery.DiscoveryClient - Single vip registry refresh property : null
2022-03-04 10:45:06.321 INFO  11440 --- [ main ] c.netflix.discovery.DiscoveryClient - Force full registry fetch : false
2022-03-04 10:45:06.321 INFO  11440 --- [ main ] c.netflix.discovery.DiscoveryClient - Application is null : false
2022-03-04 10:45:06.321 INFO  11440 --- [ main ] c.netflix.discovery.DiscoveryClient - Registered Applications size is zero : true
2022-03-04 10:45:06.321 INFO  11440 --- [ main ] c.netflix.discovery.DiscoveryClient - Application version is -1: true
2022-03-04 10:45:06.321 INFO  11440 --- [ main ] c.netflix.discovery.DiscoveryClient - Getting all instance registry info from the eureka server
2022-03-04 10:45:07.108 INFO  12227 --- [ main ] c.netflix.discovery.DiscoveryClient - The response status is 200
2022-03-04 10:45:07.120 INFO  12239 --- [ main ] c.netflix.discovery.DiscoveryClient - Starting heartbeat executor: renew interval is: 30
2022-03-04 10:45:07.131 INFO  12250 --- [ main ] c.n.d.InstanceInfoReplicator - InstanceInfoReplicator onDemand update allowed rate per min is 4
2022-03-04 10:45:07.153 INFO  12272 --- [ main ] c.netflix.discovery.DiscoveryClient - Discovery Client initialized at timestamp 1646358307152 with initial instances count: 2
2022-03-04 10:45:07.166 INFO  12285 --- [ main ] o.s.c.n.e.s.EurekaServiceRegistry - Registering application API with eureka with status UP
2022-03-04 10:45:07.167 INFO  12286 --- [ main ] c.netflix.discovery.DiscoveryClient - Saw local status change event StatusChangeEvent [timestamp=1646358307167, current=UP, previous=STARTING]
2022-03-04 10:45:07.170 INFO  12289 --- [ DiscoveryClient-InstanceInfoReplicator-0 ] c.netflix.discovery.DiscoveryClient - DiscoveryClient_API/host.docker.internal:api:9092: registering service...
2022-03-04 10:45:07.229 INFO  12348 --- [ main ] c.t.m.Mediation2ApplicationTests - Started Mediation2ApplicationTests in 11.868 seconds (JVM running for 13.096)
2022-03-04 10:45:07.230 INFO  12349 --- [ DiscoveryClient-InstanceInfoReplicator-0 ] c.netflix.discovery.DiscoveryClient - DiscoveryClient_API/host.docker.internal:api:9092 - registration status: 204
2022-03-04 10:45:07.920 INFO  13039 --- [ SpringApplicationShutdownHook ] o.s.c.n.e.s.EurekaServiceRegistry - Unregistering application API with eureka with status DOWN
2022-03-04 10:45:07.921 INFO  13040 --- [ SpringApplicationShutdownHook ] c.netflix.discovery.DiscoveryClient - Saw local status change event StatusChangeEvent [timestamp=1646358307921, current=DOWN, previous=UP]
2022-03-04 10:45:07.921 INFO  13040 --- [ DiscoveryClient-InstanceInfoReplicator-0 ] c.netflix.discovery.DiscoveryClient - DiscoveryClient_API/host.docker.internal:api:9092: registering service...
2022-03-04 10:45:07.927 INFO  13046 --- [ DiscoveryClient-InstanceInfoReplicator-0 ] c.netflix.discovery.DiscoveryClient - DiscoveryClient_API/host.docker.internal:api:9092 - registration status: 204
2022-03-04 10:45:08.936 INFO  14055 --- [ SpringApplicationShutdownHook ] c.netflix.discovery.DiscoveryClient - Shutting down DiscoveryClient ...
2022-03-04 10:45:11.941 INFO  17060 --- [ SpringApplicationShutdownHook ] c.netflix.discovery.DiscoveryClient - Unregistering ...
2022-03-04 10:45:11.948 INFO  17067 --- [ SpringApplicationShutdownHook ] c.netflix.discovery.DiscoveryClient - DiscoveryClient_API/host.docker.internal:api:9092 - deregister  status: 200
2022-03-04 10:45:11.952 INFO  17071 --- [ SpringApplicationShutdownHook ] c.netflix.discovery.DiscoveryClient - Completed shut down of DiscoveryClient
2022-03-04 10:45:51.764 INFO  1113 --- [ main ] c.t.m.Mediation2Application - Starting Mediation2Application using Java 17.0.1 on LT-joonhyuckpark with PID 22772 (C:\java\msa-workspace\mediation2\target\classes started by joonhyuck.park in C:\java\msa-workspace\mediation2)
2022-03-04 10:45:51.766 INFO  1115 --- [ main ] c.t.m.Mediation2Application - The following 1 profile is active: "prod"
2022-03-04 10:45:51.798 INFO  1147 --- [ main ] o.s.b.c.config.ConfigDataLoader - Fetching config from server at : http://localhost:8888
2022-03-04 10:45:51.798 INFO  1147 --- [ main ] o.s.b.c.config.ConfigDataLoader - Located environment: name=api, profiles=[prod], label=null, version=null, state=null
2022-03-04 10:45:52.539 INFO  1888 --- [ main ] o.s.c.context.scope.GenericScope - BeanFactory id=2fd98e8c-2983-32fb-833a-f4beffb48e69
2022-03-04 10:45:52.967 INFO  2316 --- [ main ] o.s.b.w.e.tomcat.TomcatWebServer - Tomcat initialized with port(s): 9092 (http)
2022-03-04 10:45:52.973 INFO  2322 --- [ main ] o.a.coyote.http11.Http11NioProtocol - Initializing ProtocolHandler ["http-nio-9092"]
2022-03-04 10:45:52.974 INFO  2323 --- [ main ] o.a.catalina.core.StandardService - Starting service [Tomcat]
2022-03-04 10:45:52.974 INFO  2323 --- [ main ] o.a.catalina.core.StandardEngine - Starting Servlet engine: [Apache Tomcat/9.0.58]
2022-03-04 10:45:53.083 INFO  2432 --- [ main ] o.a.c.c.C.[Tomcat].[localhost].[/] - Initializing Spring embedded WebApplicationContext
2022-03-04 10:45:53.084 INFO  2433 --- [ main ] o.s.b.w.s.c.ServletWebServerApplicationContext - Root WebApplicationContext: initialization completed in 1284 ms
2022-03-04 10:45:54.218 INFO  3567 --- [ main ] o.s.c.o.FeignClientFactoryBean - For 'serviceA' URL not provided. Will try picking an instance via load-balancing.
2022-03-04 10:45:54.263 INFO  3612 --- [ main ] o.s.c.o.FeignClientFactoryBean - For 'serviceB' URL not provided. Will try picking an instance via load-balancing.
2022-03-04 10:45:55.188 INFO  4537 --- [ main ] o.s.c.n.e.c.DiscoveryClientOptionalArgsConfiguration - Eureka HTTP Client uses RestTemplate.
2022-03-04 10:45:55.700 WARN  5049 --- [ main ] o.s.c.l.c.LoadBalancerCacheAutoConfiguration$LoadBalancerCaffeineWarnLogger - Spring Cloud LoadBalancer is currently working with the default cache. While this cache implementation is useful for development and tests, it's recommended to use Caffeine cache in production.You can switch to using Caffeine cache, by adding it and org.springframework.cache.caffeine.CaffeineCacheManager to the classpath.
2022-03-04 10:45:55.753 INFO  5102 --- [ main ] o.s.b.a.e.web.EndpointLinksResolver - Exposing 1 endpoint(s) beneath base path '/actuator'
2022-03-04 10:45:55.810 INFO  5159 --- [ main ] o.s.c.n.eureka.InstanceInfoFactory - Setting initial instance status as: STARTING
2022-03-04 10:45:55.853 INFO  5202 --- [ main ] c.netflix.discovery.DiscoveryClient - Initializing Eureka in region us-east-1
2022-03-04 10:45:55.858 INFO  5207 --- [ main ] c.n.d.s.r.aws.ConfigClusterResolver - Resolving eureka endpoints via configuration
2022-03-04 10:45:55.882 INFO  5231 --- [ main ] c.netflix.discovery.DiscoveryClient - Disable delta property : false
2022-03-04 10:45:55.882 INFO  5231 --- [ main ] c.netflix.discovery.DiscoveryClient - Single vip registry refresh property : null
2022-03-04 10:45:55.882 INFO  5231 --- [ main ] c.netflix.discovery.DiscoveryClient - Force full registry fetch : false
2022-03-04 10:45:55.882 INFO  5231 --- [ main ] c.netflix.discovery.DiscoveryClient - Application is null : false
2022-03-04 10:45:55.882 INFO  5231 --- [ main ] c.netflix.discovery.DiscoveryClient - Registered Applications size is zero : true
2022-03-04 10:45:55.883 INFO  5232 --- [ main ] c.netflix.discovery.DiscoveryClient - Application version is -1: true
2022-03-04 10:45:55.883 INFO  5232 --- [ main ] c.netflix.discovery.DiscoveryClient - Getting all instance registry info from the eureka server
2022-03-04 10:45:56.128 INFO  5477 --- [ main ] c.netflix.discovery.DiscoveryClient - The response status is 200
2022-03-04 10:45:56.136 INFO  5485 --- [ main ] c.netflix.discovery.DiscoveryClient - Starting heartbeat executor: renew interval is: 30
2022-03-04 10:45:56.153 INFO  5502 --- [ main ] c.n.d.InstanceInfoReplicator - InstanceInfoReplicator onDemand update allowed rate per min is 4
2022-03-04 10:45:56.169 INFO  5518 --- [ main ] c.netflix.discovery.DiscoveryClient - Discovery Client initialized at timestamp 1646358356167 with initial instances count: 2
2022-03-04 10:45:56.177 INFO  5526 --- [ main ] o.s.c.n.e.s.EurekaServiceRegistry - Registering application API with eureka with status UP
2022-03-04 10:45:56.178 INFO  5527 --- [ main ] c.netflix.discovery.DiscoveryClient - Saw local status change event StatusChangeEvent [timestamp=1646358356178, current=UP, previous=STARTING]
2022-03-04 10:45:56.180 INFO  5529 --- [ DiscoveryClient-InstanceInfoReplicator-0 ] c.netflix.discovery.DiscoveryClient - DiscoveryClient_API/host.docker.internal:api:9092: registering service...
2022-03-04 10:45:56.180 INFO  5529 --- [ main ] o.a.coyote.http11.Http11NioProtocol - Starting ProtocolHandler ["http-nio-9092"]
2022-03-04 10:45:56.227 INFO  5576 --- [ DiscoveryClient-InstanceInfoReplicator-0 ] c.netflix.discovery.DiscoveryClient - DiscoveryClient_API/host.docker.internal:api:9092 - registration status: 204
2022-03-04 10:45:56.229 INFO  5578 --- [ main ] o.s.b.w.e.tomcat.TomcatWebServer - Tomcat started on port(s): 9092 (http) with context path ''
2022-03-04 10:45:56.230 INFO  5579 --- [ main ] o.s.c.n.e.s.EurekaAutoServiceRegistration - Updating port to 9092
2022-03-04 10:45:56.867 INFO  6216 --- [ main ] c.t.m.Mediation2Application - Started Mediation2Application in 6.027 seconds (JVM running for 6.754)
2022-03-04 10:45:57.473 INFO  6822 --- [ RMI TCP Connection(3)-127.0.0.1 ] o.a.c.c.C.[Tomcat].[localhost].[/] - Initializing Spring DispatcherServlet 'dispatcherServlet'
2022-03-04 10:45:57.474 INFO  6823 --- [ RMI TCP Connection(3)-127.0.0.1 ] o.s.web.servlet.DispatcherServlet - Initializing Servlet 'dispatcherServlet'
2022-03-04 10:45:57.475 INFO  6824 --- [ RMI TCP Connection(3)-127.0.0.1 ] o.s.web.servlet.DispatcherServlet - Completed initialization in 1 ms
2022-03-04 10:50:56.135 INFO  305484 --- [ AsyncResolver-bootstrap-executor-0 ] c.n.d.s.r.aws.ConfigClusterResolver - Resolving eureka endpoints via configuration
2022-03-04 10:53:05.420 INFO  434769 --- [ RMI TCP Connection(10)-127.0.0.1 ] o.s.b.a.SpringApplicationAdminMXBeanRegistrar$SpringApplicationAdmin - Application shutdown requested.
2022-03-04 10:53:05.420 INFO  434769 --- [ RMI TCP Connection(10)-127.0.0.1 ] o.s.c.n.e.s.EurekaServiceRegistry - Unregistering application API with eureka with status DOWN
2022-03-04 10:53:05.421 INFO  434770 --- [ RMI TCP Connection(10)-127.0.0.1 ] c.netflix.discovery.DiscoveryClient - Saw local status change event StatusChangeEvent [timestamp=1646358785421, current=DOWN, previous=UP]
2022-03-04 10:53:05.421 INFO  434770 --- [ DiscoveryClient-InstanceInfoReplicator-0 ] c.netflix.discovery.DiscoveryClient - DiscoveryClient_API/host.docker.internal:api:9092: registering service...
2022-03-04 10:53:05.424 INFO  434773 --- [ DiscoveryClient-InstanceInfoReplicator-0 ] c.netflix.discovery.DiscoveryClient - DiscoveryClient_API/host.docker.internal:api:9092 - registration status: 204
2022-03-04 10:53:06.456 INFO  435805 --- [ RMI TCP Connection(10)-127.0.0.1 ] c.netflix.discovery.DiscoveryClient - Shutting down DiscoveryClient ...
2022-03-04 10:53:09.469 INFO  438818 --- [ RMI TCP Connection(10)-127.0.0.1 ] c.netflix.discovery.DiscoveryClient - Unregistering ...
2022-03-04 10:53:09.473 INFO  438822 --- [ RMI TCP Connection(10)-127.0.0.1 ] c.netflix.discovery.DiscoveryClient - DiscoveryClient_API/host.docker.internal:api:9092 - deregister  status: 200
2022-03-04 10:53:09.518 INFO  438867 --- [ RMI TCP Connection(10)-127.0.0.1 ] c.netflix.discovery.DiscoveryClient - Completed shut down of DiscoveryClient
2022-03-04 10:55:27.278 INFO  3372 --- [ main ] c.t.m.Mediation2Application - Starting Mediation2Application using Java 17.0.1 on LT-joonhyuckpark with PID 1632 (C:\java\msa-workspace\mediation2\target\classes started by joonhyuck.park in C:\java\msa-workspace\mediation2)
2022-03-04 10:55:27.292 INFO  3386 --- [ main ] c.t.m.Mediation2Application - The following 1 profile is active: "prod"
2022-03-04 10:55:27.453 INFO  3547 --- [ main ] o.s.b.c.config.ConfigDataLoader - Fetching config from server at : http://localhost:8888
2022-03-04 10:55:27.454 INFO  3548 --- [ main ] o.s.b.c.config.ConfigDataLoader - Located environment: name=api, profiles=[prod], label=null, version=null, state=null
2022-03-04 10:55:29.632 INFO  5726 --- [ main ] o.s.c.context.scope.GenericScope - BeanFactory id=2fd98e8c-2983-32fb-833a-f4beffb48e69
2022-03-04 10:55:30.967 INFO  7061 --- [ main ] o.s.b.w.e.tomcat.TomcatWebServer - Tomcat initialized with port(s): 9092 (http)
2022-03-04 10:55:30.988 INFO  7082 --- [ main ] o.a.coyote.http11.Http11NioProtocol - Initializing ProtocolHandler ["http-nio-9092"]
2022-03-04 10:55:30.989 INFO  7083 --- [ main ] o.a.catalina.core.StandardService - Starting service [Tomcat]
2022-03-04 10:55:30.990 INFO  7084 --- [ main ] o.a.catalina.core.StandardEngine - Starting Servlet engine: [Apache Tomcat/9.0.58]
2022-03-04 10:55:31.271 INFO  7365 --- [ main ] o.a.c.c.C.[Tomcat].[localhost].[/] - Initializing Spring embedded WebApplicationContext
2022-03-04 10:55:31.272 INFO  7366 --- [ main ] o.s.b.w.s.c.ServletWebServerApplicationContext - Root WebApplicationContext: initialization completed in 3815 ms
2022-03-04 10:55:34.277 INFO  10371 --- [ main ] o.s.c.o.FeignClientFactoryBean - For 'serviceA' URL not provided. Will try picking an instance via load-balancing.
2022-03-04 10:55:34.351 INFO  10445 --- [ main ] o.s.c.o.FeignClientFactoryBean - For 'serviceB' URL not provided. Will try picking an instance via load-balancing.
2022-03-04 10:55:36.007 INFO  12101 --- [ main ] o.s.c.n.e.c.DiscoveryClientOptionalArgsConfiguration - Eureka HTTP Client uses RestTemplate.
2022-03-04 10:55:36.814 WARN  12908 --- [ main ] o.s.c.l.c.LoadBalancerCacheAutoConfiguration$LoadBalancerCaffeineWarnLogger - Spring Cloud LoadBalancer is currently working with the default cache. While this cache implementation is useful for development and tests, it's recommended to use Caffeine cache in production.You can switch to using Caffeine cache, by adding it and org.springframework.cache.caffeine.CaffeineCacheManager to the classpath.
2022-03-04 10:55:36.865 INFO  12959 --- [ main ] o.s.b.a.e.web.EndpointLinksResolver - Exposing 1 endpoint(s) beneath base path '/actuator'
2022-03-04 10:55:36.953 INFO  13047 --- [ main ] o.s.c.n.eureka.InstanceInfoFactory - Setting initial instance status as: STARTING
2022-03-04 10:55:37.018 INFO  13112 --- [ main ] c.netflix.discovery.DiscoveryClient - Initializing Eureka in region us-east-1
2022-03-04 10:55:37.025 INFO  13119 --- [ main ] c.n.d.s.r.aws.ConfigClusterResolver - Resolving eureka endpoints via configuration
2022-03-04 10:55:37.062 INFO  13156 --- [ main ] c.netflix.discovery.DiscoveryClient - Disable delta property : false
2022-03-04 10:55:37.063 INFO  13157 --- [ main ] c.netflix.discovery.DiscoveryClient - Single vip registry refresh property : null
2022-03-04 10:55:37.063 INFO  13157 --- [ main ] c.netflix.discovery.DiscoveryClient - Force full registry fetch : false
2022-03-04 10:55:37.063 INFO  13157 --- [ main ] c.netflix.discovery.DiscoveryClient - Application is null : false
2022-03-04 10:55:37.063 INFO  13157 --- [ main ] c.netflix.discovery.DiscoveryClient - Registered Applications size is zero : true
2022-03-04 10:55:37.063 INFO  13157 --- [ main ] c.netflix.discovery.DiscoveryClient - Application version is -1: true
2022-03-04 10:55:37.063 INFO  13157 --- [ main ] c.netflix.discovery.DiscoveryClient - Getting all instance registry info from the eureka server
2022-03-04 10:55:37.364 INFO  13458 --- [ main ] c.netflix.discovery.DiscoveryClient - The response status is 200
2022-03-04 10:55:37.372 INFO  13466 --- [ main ] c.netflix.discovery.DiscoveryClient - Starting heartbeat executor: renew interval is: 30
2022-03-04 10:55:37.380 INFO  13474 --- [ main ] c.n.d.InstanceInfoReplicator - InstanceInfoReplicator onDemand update allowed rate per min is 4
2022-03-04 10:55:37.399 INFO  13493 --- [ main ] c.netflix.discovery.DiscoveryClient - Discovery Client initialized at timestamp 1646358937398 with initial instances count: 1
2022-03-04 10:55:37.407 INFO  13501 --- [ main ] o.s.c.n.e.s.EurekaServiceRegistry - Registering application API with eureka with status UP
2022-03-04 10:55:37.408 INFO  13502 --- [ main ] c.netflix.discovery.DiscoveryClient - Saw local status change event StatusChangeEvent [timestamp=1646358937408, current=UP, previous=STARTING]
2022-03-04 10:55:37.410 INFO  13504 --- [ main ] o.a.coyote.http11.Http11NioProtocol - Starting ProtocolHandler ["http-nio-9092"]
2022-03-04 10:55:37.410 INFO  13504 --- [ DiscoveryClient-InstanceInfoReplicator-0 ] c.netflix.discovery.DiscoveryClient - DiscoveryClient_API/host.docker.internal:api:9092: registering service...
2022-03-04 10:55:37.458 INFO  13552 --- [ main ] o.s.b.w.e.tomcat.TomcatWebServer - Tomcat started on port(s): 9092 (http) with context path ''
2022-03-04 10:55:37.459 INFO  13553 --- [ main ] o.s.c.n.e.s.EurekaAutoServiceRegistration - Updating port to 9092
2022-03-04 10:55:37.459 INFO  13553 --- [ DiscoveryClient-InstanceInfoReplicator-0 ] c.netflix.discovery.DiscoveryClient - DiscoveryClient_API/host.docker.internal:api:9092 - registration status: 204
2022-03-04 10:55:38.091 INFO  14185 --- [ RMI TCP Connection(3)-127.0.0.1 ] o.a.c.c.C.[Tomcat].[localhost].[/] - Initializing Spring DispatcherServlet 'dispatcherServlet'
2022-03-04 10:55:38.092 INFO  14186 --- [ RMI TCP Connection(3)-127.0.0.1 ] o.s.web.servlet.DispatcherServlet - Initializing Servlet 'dispatcherServlet'
2022-03-04 10:55:38.094 INFO  14188 --- [ RMI TCP Connection(3)-127.0.0.1 ] o.s.web.servlet.DispatcherServlet - Completed initialization in 2 ms
2022-03-04 10:55:38.338 INFO  14432 --- [ main ] c.t.m.Mediation2Application - Started Mediation2Application in 13.772 seconds (JVM running for 16.207)
2022-03-04 11:00:37.066 INFO  313160 --- [ AsyncResolver-bootstrap-executor-0 ] c.n.d.s.r.aws.ConfigClusterResolver - Resolving eureka endpoints via configuration
2022-03-04 11:05:37.075 INFO  613169 --- [ AsyncResolver-bootstrap-executor-0 ] c.n.d.s.r.aws.ConfigClusterResolver - Resolving eureka endpoints via configuration
2022-03-04 11:10:37.092 INFO  913186 --- [ AsyncResolver-bootstrap-executor-0 ] c.n.d.s.r.aws.ConfigClusterResolver - Resolving eureka endpoints via configuration
2022-03-04 11:15:37.095 INFO  1213189 --- [ AsyncResolver-bootstrap-executor-0 ] c.n.d.s.r.aws.ConfigClusterResolver - Resolving eureka endpoints via configuration
2022-03-04 11:20:37.106 INFO  1513200 --- [ AsyncResolver-bootstrap-executor-0 ] c.n.d.s.r.aws.ConfigClusterResolver - Resolving eureka endpoints via configuration
2022-03-04 11:25:37.112 INFO  1813206 --- [ AsyncResolver-bootstrap-executor-0 ] c.n.d.s.r.aws.ConfigClusterResolver - Resolving eureka endpoints via configuration
2022-03-04 11:30:37.114 INFO  2113208 --- [ AsyncResolver-bootstrap-executor-0 ] c.n.d.s.r.aws.ConfigClusterResolver - Resolving eureka endpoints via configuration
2022-03-04 11:35:37.115 INFO  2413209 --- [ AsyncResolver-bootstrap-executor-0 ] c.n.d.s.r.aws.ConfigClusterResolver - Resolving eureka endpoints via configuration
2022-03-04 11:40:37.118 INFO  2713212 --- [ AsyncResolver-bootstrap-executor-0 ] c.n.d.s.r.aws.ConfigClusterResolver - Resolving eureka endpoints via configuration
2022-03-04 11:45:37.129 INFO  3013223 --- [ AsyncResolver-bootstrap-executor-0 ] c.n.d.s.r.aws.ConfigClusterResolver - Resolving eureka endpoints via configuration
2022-03-04 11:50:37.143 INFO  3313237 --- [ AsyncResolver-bootstrap-executor-0 ] c.n.d.s.r.aws.ConfigClusterResolver - Resolving eureka endpoints via configuration
2022-03-04 11:55:37.152 INFO  3613246 --- [ AsyncResolver-bootstrap-executor-0 ] c.n.d.s.r.aws.ConfigClusterResolver - Resolving eureka endpoints via configuration
2022-03-04 12:00:37.163 INFO  3913257 --- [ AsyncResolver-bootstrap-executor-0 ] c.n.d.s.r.aws.ConfigClusterResolver - Resolving eureka endpoints via configuration
2022-03-04 12:05:37.175 INFO  4213269 --- [ AsyncResolver-bootstrap-executor-0 ] c.n.d.s.r.aws.ConfigClusterResolver - Resolving eureka endpoints via configuration
2022-03-04 12:10:37.184 INFO  4513278 --- [ AsyncResolver-bootstrap-executor-0 ] c.n.d.s.r.aws.ConfigClusterResolver - Resolving eureka endpoints via configuration
2022-03-04 12:15:37.185 INFO  4813279 --- [ AsyncResolver-bootstrap-executor-0 ] c.n.d.s.r.aws.ConfigClusterResolver - Resolving eureka endpoints via configuration
2022-03-04 12:20:37.200 INFO  5113294 --- [ AsyncResolver-bootstrap-executor-0 ] c.n.d.s.r.aws.ConfigClusterResolver - Resolving eureka endpoints via configuration
2022-03-04 12:25:37.214 INFO  5413308 --- [ AsyncResolver-bootstrap-executor-0 ] c.n.d.s.r.aws.ConfigClusterResolver - Resolving eureka endpoints via configuration
2022-03-04 12:30:37.219 INFO  5713313 --- [ AsyncResolver-bootstrap-executor-0 ] c.n.d.s.r.aws.ConfigClusterResolver - Resolving eureka endpoints via configuration
2022-03-04 12:35:37.235 INFO  6013329 --- [ AsyncResolver-bootstrap-executor-0 ] c.n.d.s.r.aws.ConfigClusterResolver - Resolving eureka endpoints via configuration
2022-03-04 12:40:37.240 INFO  6313334 --- [ AsyncResolver-bootstrap-executor-0 ] c.n.d.s.r.aws.ConfigClusterResolver - Resolving eureka endpoints via configuration
2022-03-04 12:45:37.252 INFO  6613346 --- [ AsyncResolver-bootstrap-executor-0 ] c.n.d.s.r.aws.ConfigClusterResolver - Resolving eureka endpoints via configuration
2022-03-04 12:50:37.262 INFO  6913356 --- [ AsyncResolver-bootstrap-executor-0 ] c.n.d.s.r.aws.ConfigClusterResolver - Resolving eureka endpoints via configuration
2022-03-04 12:55:37.267 INFO  7213361 --- [ AsyncResolver-bootstrap-executor-0 ] c.n.d.s.r.aws.ConfigClusterResolver - Resolving eureka endpoints via configuration
2022-03-04 13:00:37.274 INFO  7513368 --- [ AsyncResolver-bootstrap-executor-0 ] c.n.d.s.r.aws.ConfigClusterResolver - Resolving eureka endpoints via configuration
2022-03-04 13:05:37.277 INFO  7813371 --- [ AsyncResolver-bootstrap-executor-0 ] c.n.d.s.r.aws.ConfigClusterResolver - Resolving eureka endpoints via configuration
2022-03-04 13:10:37.280 INFO  8113374 --- [ AsyncResolver-bootstrap-executor-0 ] c.n.d.s.r.aws.ConfigClusterResolver - Resolving eureka endpoints via configuration
2022-03-04 13:15:37.289 INFO  8413383 --- [ AsyncResolver-bootstrap-executor-0 ] c.n.d.s.r.aws.ConfigClusterResolver - Resolving eureka endpoints via configuration
2022-03-04 13:20:37.297 INFO  8713391 --- [ AsyncResolver-bootstrap-executor-0 ] c.n.d.s.r.aws.ConfigClusterResolver - Resolving eureka endpoints via configuration
2022-03-04 13:25:37.302 INFO  9013396 --- [ AsyncResolver-bootstrap-executor-0 ] c.n.d.s.r.aws.ConfigClusterResolver - Resolving eureka endpoints via configuration
2022-03-04 13:30:37.306 INFO  9313400 --- [ AsyncResolver-bootstrap-executor-0 ] c.n.d.s.r.aws.ConfigClusterResolver - Resolving eureka endpoints via configuration
2022-03-04 13:35:37.321 INFO  9613415 --- [ AsyncResolver-bootstrap-executor-0 ] c.n.d.s.r.aws.ConfigClusterResolver - Resolving eureka endpoints via configuration
2022-03-04 13:40:37.331 INFO  9913425 --- [ AsyncResolver-bootstrap-executor-0 ] c.n.d.s.r.aws.ConfigClusterResolver - Resolving eureka endpoints via configuration
2022-03-04 13:45:37.337 INFO  10213431 --- [ AsyncResolver-bootstrap-executor-0 ] c.n.d.s.r.aws.ConfigClusterResolver - Resolving eureka endpoints via configuration
2022-03-04 13:50:37.340 INFO  10513434 --- [ AsyncResolver-bootstrap-executor-0 ] c.n.d.s.r.aws.ConfigClusterResolver - Resolving eureka endpoints via configuration
2022-03-04 13:55:37.347 INFO  10813441 --- [ AsyncResolver-bootstrap-executor-0 ] c.n.d.s.r.aws.ConfigClusterResolver - Resolving eureka endpoints via configuration
2022-03-04 14:00:37.359 INFO  11113453 --- [ AsyncResolver-bootstrap-executor-0 ] c.n.d.s.r.aws.ConfigClusterResolver - Resolving eureka endpoints via configuration
2022-03-04 14:05:37.367 INFO  11413461 --- [ AsyncResolver-bootstrap-executor-0 ] c.n.d.s.r.aws.ConfigClusterResolver - Resolving eureka endpoints via configuration
2022-03-04 14:10:37.380 INFO  11713474 --- [ AsyncResolver-bootstrap-executor-0 ] c.n.d.s.r.aws.ConfigClusterResolver - Resolving eureka endpoints via configuration
2022-03-04 14:15:37.397 INFO  12013491 --- [ AsyncResolver-bootstrap-executor-0 ] c.n.d.s.r.aws.ConfigClusterResolver - Resolving eureka endpoints via configuration
2022-03-04 14:20:37.400 INFO  12313494 --- [ AsyncResolver-bootstrap-executor-0 ] c.n.d.s.r.aws.ConfigClusterResolver - Resolving eureka endpoints via configuration
2022-03-04 14:25:37.409 INFO  12613503 --- [ AsyncResolver-bootstrap-executor-0 ] c.n.d.s.r.aws.ConfigClusterResolver - Resolving eureka endpoints via configuration
2022-03-04 14:30:37.416 INFO  12913510 --- [ AsyncResolver-bootstrap-executor-0 ] c.n.d.s.r.aws.ConfigClusterResolver - Resolving eureka endpoints via configuration
2022-03-04 14:35:37.429 INFO  13213523 --- [ AsyncResolver-bootstrap-executor-0 ] c.n.d.s.r.aws.ConfigClusterResolver - Resolving eureka endpoints via configuration
2022-03-04 14:40:37.440 INFO  13513534 --- [ AsyncResolver-bootstrap-executor-0 ] c.n.d.s.r.aws.ConfigClusterResolver - Resolving eureka endpoints via configuration
